[2022-10-13T12:50:33.269Z] Log level: Info
[2022-10-13T12:50:33.298Z] [info] Validating found git in: git
[2022-10-13T12:50:33.414Z] [info] Using git 2.17.1 from git
[2022-10-13T12:50:33.537Z] > git rev-parse --show-toplevel [75ms]
[2022-10-13T12:50:33.537Z] fatal: not a git repository (or any of the parent directories): .git
[2022-10-13T12:50:33.559Z] > git rev-parse --show-toplevel [8ms]
[2022-10-13T12:50:33.559Z] fatal: not a git repository (or any of the parent directories): .git
[2022-10-13T12:50:33.563Z] > git rev-parse --show-toplevel [2ms]
[2022-10-13T12:50:33.563Z] fatal: not a git repository (or any of the parent directories): .git
[2022-10-13T12:50:33.568Z] > git rev-parse --show-toplevel [2ms]
[2022-10-13T12:50:33.568Z] fatal: not a git repository (or any of the parent directories): .git
[2022-10-13T12:50:33.572Z] > git rev-parse --show-toplevel [2ms]
[2022-10-13T12:50:33.572Z] fatal: not a git repository (or any of the parent directories): .git
[2022-10-13T12:50:33.849Z] > git rev-parse --show-toplevel [10ms]
[2022-10-13T12:50:33.849Z] fatal: not a git repository (or any of the parent directories): .git
[2022-10-13T12:50:33.913Z] > git rev-parse --show-toplevel [4ms]
[2022-10-13T12:50:33.913Z] fatal: not a git repository (or any of the parent directories): .git
[2022-10-13T12:50:33.917Z] > git rev-parse --show-toplevel [1ms]
[2022-10-13T12:50:33.917Z] fatal: not a git repository (or any of the parent directories): .git
[2022-10-13T12:50:34.750Z] > git rev-parse --show-toplevel [2ms]
[2022-10-13T12:50:34.750Z] fatal: not a git repository (or any of the parent directories): .git
[2022-10-13T12:50:36.188Z] > git rev-parse --show-toplevel [5ms]
[2022-10-13T12:50:36.188Z] fatal: not a git repository (or any of the parent directories): .git
[2022-10-13T12:53:02.517Z] > git rev-parse --show-toplevel [2ms]
[2022-10-13T12:53:02.517Z] fatal: not a git repository (or any of the parent directories): .git
[2022-10-13T12:53:12.713Z] > git rev-parse --show-toplevel [3ms]
[2022-10-13T12:53:12.713Z] fatal: not a git repository (or any of the parent directories): .git
[2022-10-13T12:54:22.130Z] > git rev-parse --show-toplevel [2ms]
[2022-10-13T12:54:22.130Z] fatal: not a git repository (or any of the parent directories): .git
[2022-10-13T12:55:17.078Z] > git rev-parse --show-toplevel [1ms]
[2022-10-13T12:55:17.078Z] fatal: not a git repository (or any of the parent directories): .git
[2022-10-13T12:55:18.017Z] > git rev-parse --show-toplevel [3ms]
[2022-10-13T12:55:18.017Z] fatal: not a git repository (or any of the parent directories): .git
[2022-10-13T12:55:18.456Z] > git rev-parse --show-toplevel [2ms]
[2022-10-13T12:55:18.456Z] fatal: not a git repository (or any of the parent directories): .git
[2022-10-13T12:55:52.827Z] > git rev-parse --show-toplevel [3ms]
[2022-10-13T12:55:52.827Z] fatal: not a git repository (or any of the parent directories): .git
[2022-10-13T13:04:33.283Z] > git rev-parse --show-toplevel [3ms]
[2022-10-13T13:04:33.283Z] fatal: not a git repository (or any of the parent directories): .git
[2022-10-13T13:08:04.373Z] > git rev-parse --show-toplevel [42ms]
[2022-10-13T13:08:04.373Z] fatal: not a git repository (or any of the parent directories): .git
[2022-10-13T13:08:04.389Z] > git rev-parse --show-toplevel [12ms]
[2022-10-13T13:08:04.389Z] fatal: not a git repository (or any of the parent directories): .git
[2022-10-13T13:08:10.084Z] > git rev-parse --show-toplevel [20ms]
[2022-10-13T13:08:10.084Z] fatal: not a git repository (or any of the parent directories): .git
[2022-10-13T13:08:21.186Z] > git rev-parse --show-toplevel [2ms]
[2022-10-13T13:08:21.186Z] fatal: not a git repository (or any of the parent directories): .git
[2022-10-13T13:08:26.901Z] > git rev-parse --show-toplevel [5ms]
[2022-10-13T13:08:26.901Z] fatal: not a git repository (or any of the parent directories): .git
[2022-10-13T13:08:27.375Z] > git rev-parse --show-toplevel [14ms]
[2022-10-13T13:08:27.375Z] fatal: not a git repository (or any of the parent directories): .git
[2022-10-13T13:08:35.674Z] > git rev-parse --show-toplevel [6ms]
[2022-10-13T13:08:35.674Z] fatal: not a git repository (or any of the parent directories): .git
[2022-10-13T13:08:37.315Z] > git rev-parse --show-toplevel [6ms]
[2022-10-13T13:08:37.315Z] fatal: not a git repository (or any of the parent directories): .git
[2022-10-13T13:08:38.571Z] > git rev-parse --show-toplevel [6ms]
[2022-10-13T13:08:38.571Z] fatal: not a git repository (or any of the parent directories): .git
[2022-10-13T13:50:59.616Z] > git rev-parse --show-toplevel [10ms]
[2022-10-13T13:50:59.616Z] fatal: not a git repository (or any of the parent directories): .git
[2022-10-13T13:51:59.694Z] > git rev-parse --show-toplevel [5ms]
[2022-10-13T13:51:59.694Z] fatal: not a git repository (or any of the parent directories): .git
[2022-10-13T14:07:58.108Z] > git rev-parse --show-toplevel [15ms]
[2022-10-13T14:07:58.108Z] fatal: not a git repository (or any of the parent directories): .git
[2022-10-13T14:08:16.276Z] > git rev-parse --show-toplevel [14ms]
[2022-10-13T14:08:16.276Z] fatal: not a git repository (or any of the parent directories): .git
[2022-10-13T14:12:09.530Z] > git rev-parse --show-toplevel [11ms]
[2022-10-13T14:12:09.530Z] fatal: not a git repository (or any of the parent directories): .git
[2022-10-13T14:12:20.578Z] > git rev-parse --show-toplevel [12ms]
[2022-10-13T14:12:20.578Z] fatal: not a git repository (or any of the parent directories): .git
[2022-10-13T14:19:03.458Z] > git rev-parse --show-toplevel [4ms]
[2022-10-13T14:19:03.458Z] fatal: not a git repository (or any of the parent directories): .git
[2022-10-13T14:19:42.880Z] > git rev-parse --show-toplevel [16ms]
[2022-10-13T14:19:42.880Z] fatal: not a git repository (or any of the parent directories): .git
[2022-10-13T14:19:51.720Z] > git rev-parse --show-toplevel [16ms]
[2022-10-13T14:19:51.720Z] fatal: not a git repository (or any of the parent directories): .git
[2022-10-13T14:28:08.298Z] > git rev-parse --show-toplevel [2ms]
[2022-10-13T14:28:08.298Z] fatal: not a git repository (or any of the parent directories): .git
[2022-10-13T14:28:55.222Z] > git rev-parse --show-toplevel [1ms]
[2022-10-13T14:28:55.222Z] fatal: not a git repository (or any of the parent directories): .git
[2022-10-13T14:29:09.347Z] > git rev-parse --show-toplevel [7ms]
[2022-10-13T14:29:09.347Z] fatal: not a git repository (or any of the parent directories): .git
[2022-10-13T14:29:13.482Z] > git rev-parse --show-toplevel [4ms]
[2022-10-13T14:29:13.482Z] fatal: not a git repository (or any of the parent directories): .git
[2022-10-13T14:29:23.730Z] > git rev-parse --show-toplevel [2ms]
[2022-10-13T14:29:23.730Z] fatal: not a git repository (or any of the parent directories): .git
[2022-10-13T14:29:26.759Z] > git rev-parse --show-toplevel [12ms]
[2022-10-13T14:29:26.759Z] fatal: not a git repository (or any of the parent directories): .git
[2022-10-13T14:29:28.502Z] > git rev-parse --show-toplevel [10ms]
[2022-10-13T14:29:28.502Z] fatal: not a git repository (or any of the parent directories): .git
[2022-10-13T14:29:30.190Z] > git rev-parse --show-toplevel [7ms]
[2022-10-13T14:29:30.191Z] fatal: not a git repository (or any of the parent directories): .git
[2022-10-13T14:29:33.023Z] > git rev-parse --show-toplevel [12ms]
[2022-10-13T14:29:33.023Z] fatal: not a git repository (or any of the parent directories): .git
[2022-10-13T14:44:51.496Z] > git rev-parse --show-toplevel [5ms]
[2022-10-13T14:44:51.496Z] fatal: not a git repository (or any of the parent directories): .git
[2022-10-13T14:44:55.804Z] > git rev-parse --show-toplevel [22ms]
[2022-10-13T14:44:55.804Z] fatal: not a git repository (or any of the parent directories): .git
[2022-10-13T14:45:26.986Z] > git rev-parse --show-toplevel [2ms]
[2022-10-13T14:45:26.987Z] fatal: not a git repository (or any of the parent directories): .git
[2022-10-13T14:45:29.181Z] > git rev-parse --show-toplevel [14ms]
[2022-10-13T14:45:29.181Z] fatal: not a git repository (or any of the parent directories): .git
[2022-10-13T14:45:30.064Z] > git rev-parse --show-toplevel [3ms]
[2022-10-13T14:45:30.064Z] fatal: not a git repository (or any of the parent directories): .git
[2022-10-13T14:45:30.546Z] > git rev-parse --show-toplevel [5ms]
[2022-10-13T14:45:30.546Z] fatal: not a git repository (or any of the parent directories): .git
[2022-10-13T14:45:30.830Z] > git rev-parse --show-toplevel [12ms]
[2022-10-13T14:45:30.830Z] fatal: not a git repository (or any of the parent directories): .git
[2022-10-13T14:45:34.392Z] > git rev-parse --show-toplevel [13ms]
[2022-10-13T14:45:34.392Z] fatal: not a git repository (or any of the parent directories): .git
[2022-10-13T14:45:56.578Z] > git rev-parse --show-toplevel [9ms]
[2022-10-13T14:45:56.578Z] fatal: not a git repository (or any of the parent directories): .git
[2022-10-13T14:46:21.559Z] > git rev-parse --show-toplevel [16ms]
[2022-10-13T14:46:21.559Z] fatal: not a git repository (or any of the parent directories): .git
[2022-10-13T14:46:23.005Z] > git rev-parse --show-toplevel [4ms]
[2022-10-13T14:46:23.005Z] fatal: not a git repository (or any of the parent directories): .git
[2022-10-13T14:46:24.561Z] > git rev-parse --show-toplevel [15ms]
[2022-10-13T14:46:24.561Z] fatal: not a git repository (or any of the parent directories): .git
[2022-10-13T14:46:51.534Z] > git rev-parse --show-toplevel [10ms]
[2022-10-13T14:46:51.534Z] fatal: not a git repository (or any of the parent directories): .git
[2022-10-13T14:47:13.226Z] > git rev-parse --show-toplevel [6ms]
[2022-10-13T14:47:13.226Z] fatal: not a git repository (or any of the parent directories): .git
[2022-10-13T14:48:15.206Z] > git rev-parse --show-toplevel [4ms]
[2022-10-13T14:48:15.206Z] fatal: not a git repository (or any of the parent directories): .git
[2022-10-13T14:48:27.591Z] > git rev-parse --show-toplevel [10ms]
[2022-10-13T14:48:27.591Z] fatal: not a git repository (or any of the parent directories): .git
[2022-10-13T14:48:28.596Z] > git rev-parse --show-toplevel [9ms]
[2022-10-13T14:48:28.596Z] fatal: not a git repository (or any of the parent directories): .git
[2022-10-13T14:48:29.333Z] > git rev-parse --show-toplevel [9ms]
[2022-10-13T14:48:29.333Z] fatal: not a git repository (or any of the parent directories): .git
[2022-10-13T14:48:39.761Z] > git rev-parse --show-toplevel [3ms]
[2022-10-13T14:48:39.761Z] fatal: not a git repository (or any of the parent directories): .git
[2022-10-13T14:48:39.766Z] > git rev-parse --show-toplevel [2ms]
[2022-10-13T14:48:39.766Z] fatal: not a git repository (or any of the parent directories): .git
[2022-10-13T14:48:45.252Z] > git rev-parse --show-toplevel [2ms]
[2022-10-13T14:48:45.252Z] fatal: not a git repository (or any of the parent directories): .git
[2022-10-13T14:48:52.044Z] > git rev-parse --show-toplevel [18ms]
[2022-10-13T14:48:52.044Z] fatal: not a git repository (or any of the parent directories): .git
[2022-10-13T14:49:15.190Z] > git rev-parse --show-toplevel [8ms]
[2022-10-13T14:49:15.190Z] fatal: not a git repository (or any of the parent directories): .git
[2022-10-13T14:49:33.459Z] > git rev-parse --show-toplevel [10ms]
[2022-10-13T14:49:33.459Z] fatal: not a git repository (or any of the parent directories): .git
[2022-10-13T14:58:52.633Z] > git rev-parse --show-toplevel [19ms]
[2022-10-13T14:58:52.633Z] fatal: not a git repository (or any of the parent directories): .git
[2022-10-13T15:00:09.907Z] > git rev-parse --show-toplevel [4ms]
[2022-10-13T15:00:09.907Z] fatal: not a git repository (or any of the parent directories): .git
[2022-10-13T15:00:11.073Z] > git rev-parse --show-toplevel [6ms]
[2022-10-13T15:00:11.073Z] fatal: not a git repository (or any of the parent directories): .git
[2022-10-13T15:00:11.996Z] > git rev-parse --show-toplevel [12ms]
[2022-10-13T15:00:11.996Z] fatal: not a git repository (or any of the parent directories): .git
[2022-10-13T15:00:12.463Z] > git rev-parse --show-toplevel [4ms]
[2022-10-13T15:00:12.463Z] fatal: not a git repository (or any of the parent directories): .git
[2022-10-13T15:00:12.985Z] > git rev-parse --show-toplevel [4ms]
[2022-10-13T15:00:12.985Z] fatal: not a git repository (or any of the parent directories): .git
[2022-10-13T15:00:13.443Z] > git rev-parse --show-toplevel [8ms]
[2022-10-13T15:00:13.443Z] fatal: not a git repository (or any of the parent directories): .git
[2022-10-13T15:00:13.886Z] > git rev-parse --show-toplevel [2ms]
[2022-10-13T15:00:13.886Z] fatal: not a git repository (or any of the parent directories): .git
[2022-10-13T15:00:33.987Z] > git rev-parse --show-toplevel [4ms]
[2022-10-13T15:00:33.988Z] fatal: not a git repository (or any of the parent directories): .git
[2022-10-13T15:00:34.348Z] > git rev-parse --show-toplevel [4ms]
[2022-10-13T15:00:34.348Z] fatal: not a git repository (or any of the parent directories): .git
[2022-10-13T15:00:36.435Z] > git rev-parse --show-toplevel [15ms]
[2022-10-13T15:00:36.435Z] fatal: not a git repository (or any of the parent directories): .git
[2022-10-13T15:00:39.402Z] > git rev-parse --show-toplevel [5ms]
[2022-10-13T15:00:39.402Z] fatal: not a git repository (or any of the parent directories): .git
[2022-10-13T15:00:41.436Z] > git rev-parse --show-toplevel [10ms]
[2022-10-13T15:00:41.436Z] fatal: not a git repository (or any of the parent directories): .git
[2022-10-13T15:00:44.563Z] > git rev-parse --show-toplevel [5ms]
[2022-10-13T15:00:44.563Z] fatal: not a git repository (or any of the parent directories): .git
[2022-10-13T15:00:49.946Z] > git rev-parse --show-toplevel [11ms]
[2022-10-13T15:00:49.946Z] fatal: not a git repository (or any of the parent directories): .git
[2022-10-13T15:01:44.167Z] > git rev-parse --show-toplevel [7ms]
[2022-10-13T15:01:44.167Z] fatal: not a git repository (or any of the parent directories): .git
[2022-10-13T15:01:45.015Z] > git rev-parse --show-toplevel [15ms]
[2022-10-13T15:01:45.016Z] fatal: not a git repository (or any of the parent directories): .git
[2022-10-13T15:01:46.124Z] > git rev-parse --show-toplevel [21ms]
[2022-10-13T15:01:46.124Z] fatal: not a git repository (or any of the parent directories): .git
[2022-10-13T15:01:52.954Z] > git rev-parse --show-toplevel [16ms]
[2022-10-13T15:01:52.954Z] fatal: not a git repository (or any of the parent directories): .git
[2022-10-13T15:01:53.609Z] > git rev-parse --show-toplevel [8ms]
[2022-10-13T15:01:53.609Z] fatal: not a git repository (or any of the parent directories): .git
[2022-10-13T15:02:11.509Z] > git rev-parse --show-toplevel [5ms]
[2022-10-13T15:02:11.509Z] fatal: not a git repository (or any of the parent directories): .git
[2022-10-13T15:02:52.418Z] > git rev-parse --show-toplevel [4ms]
[2022-10-13T15:02:52.418Z] fatal: not a git repository (or any of the parent directories): .git
[2022-10-13T15:02:57.055Z] > git rev-parse --show-toplevel [10ms]
[2022-10-13T15:02:57.055Z] fatal: not a git repository (or any of the parent directories): .git
[2022-10-13T15:03:03.425Z] > git rev-parse --show-toplevel [13ms]
[2022-10-13T15:03:03.425Z] fatal: not a git repository (or any of the parent directories): .git
[2022-10-13T15:03:08.735Z] > git rev-parse --show-toplevel [10ms]
[2022-10-13T15:03:08.735Z] fatal: not a git repository (or any of the parent directories): .git
[2022-10-13T15:03:41.011Z] > git rev-parse --show-toplevel [11ms]
[2022-10-13T15:03:41.011Z] fatal: not a git repository (or any of the parent directories): .git
[2022-10-13T15:03:55.965Z] > git rev-parse --show-toplevel [16ms]
[2022-10-13T15:03:55.965Z] fatal: not a git repository (or any of the parent directories): .git
[2022-10-13T15:03:56.619Z] > git rev-parse --show-toplevel [8ms]
[2022-10-13T15:03:56.619Z] fatal: not a git repository (or any of the parent directories): .git
[2022-10-13T15:03:57.457Z] > git rev-parse --show-toplevel [2ms]
[2022-10-13T15:03:57.457Z] fatal: not a git repository (or any of the parent directories): .git
[2022-10-13T15:03:58.332Z] > git rev-parse --show-toplevel [4ms]
[2022-10-13T15:03:58.332Z] fatal: not a git repository (or any of the parent directories): .git
[2022-10-13T15:03:58.717Z] > git rev-parse --show-toplevel [2ms]
[2022-10-13T15:03:58.717Z] fatal: not a git repository (or any of the parent directories): .git
[2022-10-13T15:03:59.198Z] > git rev-parse --show-toplevel [4ms]
[2022-10-13T15:03:59.198Z] fatal: not a git repository (or any of the parent directories): .git
[2022-10-13T15:03:59.652Z] > git rev-parse --show-toplevel [4ms]
[2022-10-13T15:03:59.652Z] fatal: not a git repository (or any of the parent directories): .git
[2022-10-13T15:05:31.688Z] > git rev-parse --show-toplevel [6ms]
[2022-10-13T15:05:31.688Z] fatal: not a git repository (or any of the parent directories): .git
[2022-10-13T15:06:42.240Z] > git rev-parse --show-toplevel [5ms]
[2022-10-13T15:06:42.240Z] fatal: not a git repository (or any of the parent directories): .git
[2022-10-13T15:08:55.518Z] > git rev-parse --show-toplevel [20ms]
[2022-10-13T15:08:55.518Z] fatal: not a git repository (or any of the parent directories): .git
[2022-10-13T15:09:37.076Z] > git rev-parse --show-toplevel [12ms]
[2022-10-13T15:09:37.076Z] fatal: not a git repository (or any of the parent directories): .git
[2022-10-13T15:09:41.376Z] > git rev-parse --show-toplevel [6ms]
[2022-10-13T15:09:41.376Z] fatal: not a git repository (or any of the parent directories): .git
[2022-10-13T15:11:09.650Z] > git rev-parse --show-toplevel [9ms]
[2022-10-13T15:11:09.650Z] fatal: not a git repository (or any of the parent directories): .git
[2022-10-13T15:11:12.490Z] > git rev-parse --show-toplevel [13ms]
[2022-10-13T15:11:12.490Z] fatal: not a git repository (or any of the parent directories): .git
[2022-10-13T15:11:15.189Z] > git rev-parse --show-toplevel [23ms]
[2022-10-13T15:11:15.189Z] fatal: not a git repository (or any of the parent directories): .git
[2022-10-13T15:11:23.432Z] > git rev-parse --show-toplevel [7ms]
[2022-10-13T15:11:23.432Z] fatal: not a git repository (or any of the parent directories): .git
[2022-10-13T15:11:31.168Z] > git rev-parse --show-toplevel [5ms]
[2022-10-13T15:11:31.168Z] fatal: not a git repository (or any of the parent directories): .git
[2022-10-13T15:11:34.463Z] > git rev-parse --show-toplevel [16ms]
[2022-10-13T15:11:34.463Z] fatal: not a git repository (or any of the parent directories): .git
[2022-10-13T15:11:36.430Z] > git rev-parse --show-toplevel [16ms]
[2022-10-13T15:11:36.430Z] fatal: not a git repository (or any of the parent directories): .git
[2022-10-13T15:12:53.367Z] > git rev-parse --show-toplevel [21ms]
[2022-10-13T15:12:53.367Z] fatal: not a git repository (or any of the parent directories): .git
[2022-10-13T15:12:58.768Z] > git rev-parse --show-toplevel [13ms]
[2022-10-13T15:12:58.768Z] fatal: not a git repository (or any of the parent directories): .git
[2022-10-13T15:13:13.916Z] > git rev-parse --show-toplevel [16ms]
[2022-10-13T15:13:13.916Z] fatal: not a git repository (or any of the parent directories): .git
[2022-10-13T15:13:17.293Z] > git rev-parse --show-toplevel [11ms]
[2022-10-13T15:13:17.293Z] fatal: not a git repository (or any of the parent directories): .git
[2022-10-13T15:13:25.593Z] > git rev-parse --show-toplevel [11ms]
[2022-10-13T15:13:25.593Z] fatal: not a git repository (or any of the parent directories): .git
[2022-10-13T15:13:38.195Z] > git rev-parse --show-toplevel [9ms]
[2022-10-13T15:13:38.195Z] fatal: not a git repository (or any of the parent directories): .git
[2022-10-13T15:14:06.372Z] > git rev-parse --show-toplevel [15ms]
[2022-10-13T15:14:06.372Z] fatal: not a git repository (or any of the parent directories): .git
[2022-10-13T15:14:08.572Z] > git rev-parse --show-toplevel [12ms]
[2022-10-13T15:14:08.572Z] fatal: not a git repository (or any of the parent directories): .git
[2022-10-13T15:14:14.401Z] > git rev-parse --show-toplevel [13ms]
[2022-10-13T15:14:14.401Z] fatal: not a git repository (or any of the parent directories): .git
[2022-10-13T15:14:15.031Z] > git rev-parse --show-toplevel [11ms]
[2022-10-13T15:14:15.031Z] fatal: not a git repository (or any of the parent directories): .git
[2022-10-13T15:14:16.679Z] > git rev-parse --show-toplevel [6ms]
[2022-10-13T15:14:16.679Z] fatal: not a git repository (or any of the parent directories): .git
[2022-10-13T15:14:19.341Z] > git rev-parse --show-toplevel [15ms]
[2022-10-13T15:14:19.341Z] fatal: not a git repository (or any of the parent directories): .git
[2022-10-13T15:14:24.486Z] > git rev-parse --show-toplevel [11ms]
[2022-10-13T15:14:24.486Z] fatal: not a git repository (or any of the parent directories): .git
[2022-10-13T15:14:25.190Z] > git rev-parse --show-toplevel [12ms]
[2022-10-13T15:14:25.190Z] fatal: not a git repository (or any of the parent directories): .git
[2022-10-13T15:14:32.186Z] > git rev-parse --show-toplevel [13ms]
[2022-10-13T15:14:32.186Z] fatal: not a git repository (or any of the parent directories): .git
[2022-10-13T15:14:40.040Z] > git rev-parse --show-toplevel [11ms]
[2022-10-13T15:14:40.040Z] fatal: not a git repository (or any of the parent directories): .git
[2022-10-13T15:15:14.642Z] > git rev-parse --show-toplevel [15ms]
[2022-10-13T15:15:14.642Z] fatal: not a git repository (or any of the parent directories): .git
[2022-10-13T15:15:30.002Z] > git rev-parse --show-toplevel [23ms]
[2022-10-13T15:15:30.002Z] fatal: not a git repository (or any of the parent directories): .git
[2022-10-13T15:15:43.236Z] > git rev-parse --show-toplevel [10ms]
[2022-10-13T15:15:43.236Z] fatal: not a git repository (or any of the parent directories): .git
[2022-10-13T15:15:56.055Z] > git rev-parse --show-toplevel [9ms]
[2022-10-13T15:15:56.055Z] fatal: not a git repository (or any of the parent directories): .git
[2022-10-13T15:15:59.373Z] > git rev-parse --show-toplevel [15ms]
[2022-10-13T15:15:59.373Z] fatal: not a git repository (or any of the parent directories): .git
[2022-10-13T15:16:14.622Z] > git rev-parse --show-toplevel [22ms]
[2022-10-13T15:16:14.622Z] fatal: not a git repository (or any of the parent directories): .git
[2022-10-13T15:16:45.433Z] > git rev-parse --show-toplevel [6ms]
[2022-10-13T15:16:45.433Z] fatal: not a git repository (or any of the parent directories): .git
[2022-10-13T15:16:49.230Z] > git rev-parse --show-toplevel [14ms]
[2022-10-13T15:16:49.230Z] fatal: not a git repository (or any of the parent directories): .git
[2022-10-13T15:16:56.364Z] > git rev-parse --show-toplevel [13ms]
[2022-10-13T15:16:56.364Z] fatal: not a git repository (or any of the parent directories): .git
[2022-10-13T15:17:32.305Z] > git rev-parse --show-toplevel [15ms]
[2022-10-13T15:17:32.305Z] fatal: not a git repository (or any of the parent directories): .git
[2022-10-13T15:17:36.835Z] > git rev-parse --show-toplevel [14ms]
[2022-10-13T15:17:36.835Z] fatal: not a git repository (or any of the parent directories): .git
[2022-10-13T15:17:55.786Z] > git rev-parse --show-toplevel [11ms]
[2022-10-13T15:17:55.786Z] fatal: not a git repository (or any of the parent directories): .git
[2022-10-13T15:18:10.592Z] > git rev-parse --show-toplevel [8ms]
[2022-10-13T15:18:10.593Z] fatal: not a git repository (or any of the parent directories): .git
[2022-10-13T15:18:17.936Z] > git rev-parse --show-toplevel [7ms]
[2022-10-13T15:18:17.936Z] fatal: not a git repository (or any of the parent directories): .git
[2022-10-13T15:18:22.432Z] > git rev-parse --show-toplevel [15ms]
[2022-10-13T15:18:22.432Z] fatal: not a git repository (or any of the parent directories): .git
[2022-10-13T15:18:28.384Z] > git rev-parse --show-toplevel [15ms]
[2022-10-13T15:18:28.384Z] fatal: not a git repository (or any of the parent directories): .git
[2022-10-13T15:18:31.687Z] > git rev-parse --show-toplevel [11ms]
[2022-10-13T15:18:31.687Z] fatal: not a git repository (or any of the parent directories): .git
[2022-10-13T15:18:34.590Z] > git rev-parse --show-toplevel [6ms]
[2022-10-13T15:18:34.590Z] fatal: not a git repository (or any of the parent directories): .git
[2022-10-13T15:18:36.656Z] > git rev-parse --show-toplevel [18ms]
[2022-10-13T15:18:36.656Z] fatal: not a git repository (or any of the parent directories): .git
[2022-10-13T15:18:41.460Z] > git rev-parse --show-toplevel [9ms]
[2022-10-13T15:18:41.460Z] fatal: not a git repository (or any of the parent directories): .git
[2022-10-13T15:18:44.533Z] > git rev-parse --show-toplevel [14ms]
[2022-10-13T15:18:44.533Z] fatal: not a git repository (or any of the parent directories): .git
[2022-10-13T15:18:52.556Z] > git rev-parse --show-toplevel [10ms]
[2022-10-13T15:18:52.556Z] fatal: not a git repository (or any of the parent directories): .git
[2022-10-13T15:18:54.769Z] > git rev-parse --show-toplevel [6ms]
[2022-10-13T15:18:54.769Z] fatal: not a git repository (or any of the parent directories): .git
[2022-10-13T15:19:05.938Z] > git rev-parse --show-toplevel [20ms]
[2022-10-13T15:19:05.938Z] fatal: not a git repository (or any of the parent directories): .git
[2022-10-13T15:19:13.651Z] > git rev-parse --show-toplevel [9ms]
[2022-10-13T15:19:13.651Z] fatal: not a git repository (or any of the parent directories): .git
[2022-10-13T15:19:17.669Z] > git rev-parse --show-toplevel [16ms]
[2022-10-13T15:19:17.669Z] fatal: not a git repository (or any of the parent directories): .git
[2022-10-13T15:20:00.325Z] > git rev-parse --show-toplevel [10ms]
[2022-10-13T15:20:00.325Z] fatal: not a git repository (or any of the parent directories): .git
[2022-10-13T15:20:07.099Z] > git rev-parse --show-toplevel [5ms]
[2022-10-13T15:20:07.099Z] fatal: not a git repository (or any of the parent directories): .git
[2022-10-13T15:23:31.329Z] > git rev-parse --show-toplevel [2ms]
[2022-10-13T15:23:31.329Z] fatal: not a git repository (or any of the parent directories): .git
[2022-10-13T15:24:40.169Z] > git rev-parse --show-toplevel [4ms]
[2022-10-13T15:24:40.169Z] fatal: not a git repository (or any of the parent directories): .git
[2022-10-13T15:27:48.874Z] > git rev-parse --show-toplevel [1ms]
[2022-10-13T15:27:48.874Z] fatal: not a git repository (or any of the parent directories): .git
[2022-10-13T15:28:08.126Z] > git rev-parse --show-toplevel [23ms]
[2022-10-13T15:28:08.126Z] fatal: not a git repository (or any of the parent directories): .git
[2022-10-13T15:28:29.820Z] > git rev-parse --show-toplevel [2ms]
[2022-10-13T15:28:29.820Z] fatal: not a git repository (or any of the parent directories): .git
[2022-10-13T15:28:30.982Z] > git rev-parse --show-toplevel [5ms]
[2022-10-13T15:28:30.982Z] fatal: not a git repository (or any of the parent directories): .git
[2022-10-13T15:29:53.353Z] > git rev-parse --show-toplevel [15ms]
[2022-10-13T15:29:53.353Z] fatal: not a git repository (or any of the parent directories): .git
[2022-10-13T15:30:07.062Z] > git rev-parse --show-toplevel [13ms]
[2022-10-13T15:30:07.062Z] fatal: not a git repository (or any of the parent directories): .git
[2022-10-13T15:30:07.792Z] > git rev-parse --show-toplevel [11ms]
[2022-10-13T15:30:07.792Z] fatal: not a git repository (or any of the parent directories): .git
[2022-10-13T15:36:32.830Z] > git rev-parse --show-toplevel [5ms]
[2022-10-13T15:36:32.830Z] fatal: not a git repository (or any of the parent directories): .git
[2022-10-13T15:37:04.412Z] > git rev-parse --show-toplevel [14ms]
[2022-10-13T15:37:04.412Z] fatal: not a git repository (or any of the parent directories): .git
[2022-10-13T15:38:18.630Z] > git rev-parse --show-toplevel [7ms]
[2022-10-13T15:38:18.630Z] fatal: not a git repository (or any of the parent directories): .git
[2022-10-13T15:38:19.582Z] > git rev-parse --show-toplevel [2ms]
[2022-10-13T15:38:19.582Z] fatal: not a git repository (or any of the parent directories): .git
[2022-10-13T15:38:42.901Z] > git rev-parse --show-toplevel [4ms]
[2022-10-13T15:38:42.901Z] fatal: not a git repository (or any of the parent directories): .git
[2022-10-13T15:38:45.929Z] > git rev-parse --show-toplevel [2ms]
[2022-10-13T15:38:45.929Z] fatal: not a git repository (or any of the parent directories): .git
[2022-10-13T15:38:46.927Z] > git rev-parse --show-toplevel [4ms]
[2022-10-13T15:38:46.927Z] fatal: not a git repository (or any of the parent directories): .git
[2022-10-13T15:38:47.671Z] > git rev-parse --show-toplevel [4ms]
[2022-10-13T15:38:47.671Z] fatal: not a git repository (or any of the parent directories): .git
[2022-10-13T15:38:50.318Z] > git rev-parse --show-toplevel [20ms]
[2022-10-13T15:38:50.318Z] fatal: not a git repository (or any of the parent directories): .git
[2022-10-13T15:38:50.982Z] > git rev-parse --show-toplevel [2ms]
[2022-10-13T15:38:50.982Z] fatal: not a git repository (or any of the parent directories): .git
[2022-10-13T15:38:51.600Z] > git rev-parse --show-toplevel [11ms]
[2022-10-13T15:38:51.600Z] fatal: not a git repository (or any of the parent directories): .git
[2022-10-13T15:39:14.396Z] > git rev-parse --show-toplevel [7ms]
[2022-10-13T15:39:14.396Z] fatal: not a git repository (or any of the parent directories): .git
[2022-10-13T15:39:33.807Z] > git rev-parse --show-toplevel [12ms]
[2022-10-13T15:39:33.807Z] fatal: not a git repository (or any of the parent directories): .git
[2022-10-13T15:39:48.332Z] > git rev-parse --show-toplevel [2ms]
[2022-10-13T15:39:48.332Z] fatal: not a git repository (or any of the parent directories): .git
[2022-10-13T15:40:08.186Z] > git rev-parse --show-toplevel [13ms]
[2022-10-13T15:40:08.186Z] fatal: not a git repository (or any of the parent directories): .git
[2022-10-13T15:40:11.149Z] > git rev-parse --show-toplevel [14ms]
[2022-10-13T15:40:11.149Z] fatal: not a git repository (or any of the parent directories): .git
[2022-10-13T15:40:13.678Z] > git rev-parse --show-toplevel [11ms]
[2022-10-13T15:40:13.678Z] fatal: not a git repository (or any of the parent directories): .git
[2022-10-13T15:40:15.276Z] > git rev-parse --show-toplevel [6ms]
[2022-10-13T15:40:15.276Z] fatal: not a git repository (or any of the parent directories): .git
[2022-10-13T15:40:20.238Z] > git rev-parse --show-toplevel [4ms]
[2022-10-13T15:40:20.238Z] fatal: not a git repository (or any of the parent directories): .git
[2022-10-13T15:43:34.218Z] > git rev-parse --show-toplevel [9ms]
[2022-10-13T15:43:34.218Z] fatal: not a git repository (or any of the parent directories): .git
[2022-10-13T15:43:38.141Z] > git rev-parse --show-toplevel [13ms]
[2022-10-13T15:43:38.141Z] fatal: not a git repository (or any of the parent directories): .git
[2022-10-13T15:45:15.013Z] > git rev-parse --show-toplevel [6ms]
[2022-10-13T15:45:15.013Z] fatal: not a git repository (or any of the parent directories): .git
[2022-10-13T15:48:26.917Z] > git rev-parse --show-toplevel [4ms]
[2022-10-13T15:48:26.917Z] fatal: not a git repository (or any of the parent directories): .git
[2022-10-13T15:48:36.507Z] > git rev-parse --show-toplevel [8ms]
[2022-10-13T15:48:36.507Z] fatal: not a git repository (or any of the parent directories): .git
[2022-10-13T15:48:37.353Z] > git rev-parse --show-toplevel [3ms]
[2022-10-13T15:48:37.353Z] fatal: not a git repository (or any of the parent directories): .git
[2022-10-13T15:51:57.721Z] > git rev-parse --show-toplevel [6ms]
[2022-10-13T15:51:57.721Z] fatal: not a git repository (or any of the parent directories): .git
[2022-10-13T15:53:06.207Z] > git rev-parse --show-toplevel [3ms]
[2022-10-13T15:53:06.208Z] fatal: not a git repository (or any of the parent directories): .git
[2022-10-13T15:58:50.770Z] > git rev-parse --show-toplevel [23ms]
[2022-10-13T15:58:50.770Z] fatal: not a git repository (or any of the parent directories): .git
[2022-10-13T15:59:22.362Z] > git rev-parse --show-toplevel [1ms]
[2022-10-13T15:59:22.362Z] fatal: not a git repository (or any of the parent directories): .git
[2022-10-13T15:59:39.490Z] > git rev-parse --show-toplevel [9ms]
[2022-10-13T15:59:39.490Z] fatal: not a git repository (or any of the parent directories): .git
[2022-10-13T15:59:52.640Z] > git rev-parse --show-toplevel [11ms]
[2022-10-13T15:59:52.640Z] fatal: not a git repository (or any of the parent directories): .git
[2022-10-13T16:00:00.196Z] > git rev-parse --show-toplevel [6ms]
[2022-10-13T16:00:00.196Z] fatal: not a git repository (or any of the parent directories): .git
[2022-10-13T16:00:08.109Z] > git rev-parse --show-toplevel [15ms]
[2022-10-13T16:00:08.109Z] fatal: not a git repository (or any of the parent directories): .git
[2022-10-13T16:00:14.309Z] > git rev-parse --show-toplevel [20ms]
[2022-10-13T16:00:14.309Z] fatal: not a git repository (or any of the parent directories): .git
[2022-10-13T16:01:55.529Z] > git rev-parse --show-toplevel [6ms]
[2022-10-13T16:01:55.529Z] fatal: not a git repository (or any of the parent directories): .git
[2022-10-13T16:01:59.396Z] > git rev-parse --show-toplevel [12ms]
[2022-10-13T16:01:59.396Z] fatal: not a git repository (or any of the parent directories): .git
[2022-10-13T16:02:10.954Z] > git rev-parse --show-toplevel [5ms]
[2022-10-13T16:02:10.954Z] fatal: not a git repository (or any of the parent directories): .git
[2022-10-13T16:02:10.959Z] > git rev-parse --show-toplevel [2ms]
[2022-10-13T16:02:10.959Z] fatal: not a git repository (or any of the parent directories): .git
[2022-10-13T16:02:15.293Z] > git rev-parse --show-toplevel [2ms]
[2022-10-13T16:02:15.293Z] fatal: not a git repository (or any of the parent directories): .git
[2022-10-13T16:02:18.199Z] > git rev-parse --show-toplevel [4ms]
[2022-10-13T16:02:18.199Z] fatal: not a git repository (or any of the parent directories): .git
[2022-10-13T16:02:18.207Z] > git rev-parse --show-toplevel [3ms]
[2022-10-13T16:02:18.207Z] fatal: not a git repository (or any of the parent directories): .git
[2022-10-13T16:02:19.014Z] > git rev-parse --show-toplevel [8ms]
[2022-10-13T16:02:19.014Z] fatal: not a git repository (or any of the parent directories): .git
[2022-10-13T16:02:19.420Z] > git rev-parse --show-toplevel [2ms]
[2022-10-13T16:02:19.420Z] fatal: not a git repository (or any of the parent directories): .git
[2022-10-13T16:07:14.506Z] > git rev-parse --show-toplevel [5ms]
[2022-10-13T16:07:14.506Z] fatal: not a git repository (or any of the parent directories): .git
[2022-10-13T16:07:31.549Z] > git rev-parse --show-toplevel [11ms]
[2022-10-13T16:07:31.549Z] fatal: not a git repository (or any of the parent directories): .git
[2022-10-13T16:07:34.690Z] > git rev-parse --show-toplevel [9ms]
[2022-10-13T16:07:34.690Z] fatal: not a git repository (or any of the parent directories): .git
[2022-10-13T16:07:38.953Z] > git rev-parse --show-toplevel [17ms]
[2022-10-13T16:07:38.953Z] fatal: not a git repository (or any of the parent directories): .git
[2022-10-13T16:08:02.076Z] > git rev-parse --show-toplevel [8ms]
[2022-10-13T16:08:02.076Z] fatal: not a git repository (or any of the parent directories): .git
[2022-10-13T16:08:16.186Z] > git rev-parse --show-toplevel [7ms]
[2022-10-13T16:08:16.186Z] fatal: not a git repository (or any of the parent directories): .git
[2022-10-13T16:10:53.700Z] > git rev-parse --show-toplevel [15ms]
[2022-10-13T16:10:53.700Z] fatal: not a git repository (or any of the parent directories): .git
[2022-10-13T16:11:00.706Z] > git rev-parse --show-toplevel [8ms]
[2022-10-13T16:11:00.706Z] fatal: not a git repository (or any of the parent directories): .git
[2022-10-13T16:11:09.541Z] > git rev-parse --show-toplevel [14ms]
[2022-10-13T16:11:09.541Z] fatal: not a git repository (or any of the parent directories): .git
[2022-10-13T16:11:11.906Z] > git rev-parse --show-toplevel [7ms]
[2022-10-13T16:11:11.906Z] fatal: not a git repository (or any of the parent directories): .git
[2022-10-13T16:11:14.321Z] > git rev-parse --show-toplevel [3ms]
[2022-10-13T16:11:14.321Z] fatal: not a git repository (or any of the parent directories): .git
[2022-10-13T16:11:16.223Z] > git rev-parse --show-toplevel [4ms]
[2022-10-13T16:11:16.223Z] fatal: not a git repository (or any of the parent directories): .git
[2022-10-13T16:11:30.306Z] > git rev-parse --show-toplevel [6ms]
[2022-10-13T16:11:30.306Z] fatal: not a git repository (or any of the parent directories): .git
[2022-10-13T16:11:30.688Z] > git rev-parse --show-toplevel [7ms]
[2022-10-13T16:11:30.688Z] fatal: not a git repository (or any of the parent directories): .git
[2022-10-13T16:11:45.727Z] > git rev-parse --show-toplevel [8ms]
[2022-10-13T16:11:45.727Z] fatal: not a git repository (or any of the parent directories): .git
[2022-10-13T16:11:51.507Z] > git rev-parse --show-toplevel [20ms]
[2022-10-13T16:11:51.507Z] fatal: not a git repository (or any of the parent directories): .git
[2022-10-13T16:11:52.881Z] > git rev-parse --show-toplevel [11ms]
[2022-10-13T16:11:52.881Z] fatal: not a git repository (or any of the parent directories): .git
[2022-10-13T16:14:15.601Z] > git rev-parse --show-toplevel [7ms]
[2022-10-13T16:14:15.601Z] fatal: not a git repository (or any of the parent directories): .git
[2022-10-13T16:14:28.024Z] > git rev-parse --show-toplevel [7ms]
[2022-10-13T16:14:28.024Z] fatal: not a git repository (or any of the parent directories): .git
[2022-10-13T16:14:32.614Z] > git rev-parse --show-toplevel [12ms]
[2022-10-13T16:14:32.614Z] fatal: not a git repository (or any of the parent directories): .git
[2022-10-13T16:15:30.828Z] > git rev-parse --show-toplevel [4ms]
[2022-10-13T16:15:30.828Z] fatal: not a git repository (or any of the parent directories): .git
[2022-10-13T16:15:45.958Z] > git rev-parse --show-toplevel [11ms]
[2022-10-13T16:15:45.958Z] fatal: not a git repository (or any of the parent directories): .git
[2022-10-13T16:15:48.435Z] > git rev-parse --show-toplevel [14ms]
[2022-10-13T16:15:48.435Z] fatal: not a git repository (or any of the parent directories): .git
[2022-10-13T16:15:49.933Z] > git rev-parse --show-toplevel [7ms]
[2022-10-13T16:15:49.933Z] fatal: not a git repository (or any of the parent directories): .git
[2022-10-13T16:15:51.010Z] > git rev-parse --show-toplevel [7ms]
[2022-10-13T16:15:51.010Z] fatal: not a git repository (or any of the parent directories): .git
[2022-10-13T16:15:59.020Z] > git rev-parse --show-toplevel [6ms]
[2022-10-13T16:15:59.020Z] fatal: not a git repository (or any of the parent directories): .git
[2022-10-13T16:16:58.864Z] > git rev-parse --show-toplevel [10ms]
[2022-10-13T16:16:58.864Z] fatal: not a git repository (or any of the parent directories): .git
[2022-10-13T16:17:00.007Z] > git rev-parse --show-toplevel [7ms]
[2022-10-13T16:17:00.007Z] fatal: not a git repository (or any of the parent directories): .git
[2022-10-13T16:17:01.014Z] > git rev-parse --show-toplevel [7ms]
[2022-10-13T16:17:01.014Z] fatal: not a git repository (or any of the parent directories): .git
[2022-10-13T16:17:13.563Z] > git rev-parse --show-toplevel [6ms]
[2022-10-13T16:17:13.563Z] fatal: not a git repository (or any of the parent directories): .git
[2022-10-13T16:17:20.063Z] > git rev-parse --show-toplevel [9ms]
[2022-10-13T16:17:20.063Z] fatal: not a git repository (or any of the parent directories): .git
[2022-10-13T16:17:24.354Z] > git rev-parse --show-toplevel [8ms]
[2022-10-13T16:17:24.354Z] fatal: not a git repository (or any of the parent directories): .git
[2022-10-13T16:17:26.332Z] > git rev-parse --show-toplevel [10ms]
[2022-10-13T16:17:26.332Z] fatal: not a git repository (or any of the parent directories): .git
[2022-10-13T16:17:27.072Z] > git rev-parse --show-toplevel [12ms]
[2022-10-13T16:17:27.073Z] fatal: not a git repository (or any of the parent directories): .git
[2022-10-13T16:17:45.637Z] > git rev-parse --show-toplevel [14ms]
[2022-10-13T16:17:45.637Z] fatal: not a git repository (or any of the parent directories): .git
[2022-10-13T16:17:49.257Z] > git rev-parse --show-toplevel [15ms]
[2022-10-13T16:17:49.257Z] fatal: not a git repository (or any of the parent directories): .git
[2022-10-13T16:18:16.007Z] > git rev-parse --show-toplevel [5ms]
[2022-10-13T16:18:16.007Z] fatal: not a git repository (or any of the parent directories): .git
[2022-10-13T16:18:24.361Z] > git rev-parse --show-toplevel [18ms]
[2022-10-13T16:18:24.361Z] fatal: not a git repository (or any of the parent directories): .git
[2022-10-13T16:18:27.744Z] > git rev-parse --show-toplevel [12ms]
[2022-10-13T16:18:27.744Z] fatal: not a git repository (or any of the parent directories): .git
[2022-10-13T16:18:37.643Z] > git rev-parse --show-toplevel [21ms]
[2022-10-13T16:18:37.643Z] fatal: not a git repository (or any of the parent directories): .git
[2022-10-13T16:18:46.782Z] > git rev-parse --show-toplevel [13ms]
[2022-10-13T16:18:46.782Z] fatal: not a git repository (or any of the parent directories): .git
[2022-10-13T16:18:49.859Z] > git rev-parse --show-toplevel [18ms]
[2022-10-13T16:18:49.859Z] fatal: not a git repository (or any of the parent directories): .git
[2022-10-13T16:19:07.012Z] > git rev-parse --show-toplevel [13ms]
[2022-10-13T16:19:07.012Z] fatal: not a git repository (or any of the parent directories): .git
[2022-10-13T16:19:08.847Z] > git rev-parse --show-toplevel [15ms]
[2022-10-13T16:19:08.847Z] fatal: not a git repository (or any of the parent directories): .git
[2022-10-13T16:22:41.016Z] > git rev-parse --show-toplevel [9ms]
[2022-10-13T16:22:41.016Z] fatal: not a git repository (or any of the parent directories): .git
[2022-10-13T16:22:43.274Z] > git rev-parse --show-toplevel [10ms]
[2022-10-13T16:22:43.274Z] fatal: not a git repository (or any of the parent directories): .git
[2022-10-13T16:23:09.867Z] > git rev-parse --show-toplevel [9ms]
[2022-10-13T16:23:09.867Z] fatal: not a git repository (or any of the parent directories): .git
[2022-10-13T16:23:14.300Z] > git rev-parse --show-toplevel [5ms]
[2022-10-13T16:23:14.300Z] fatal: not a git repository (or any of the parent directories): .git
[2022-10-13T16:23:18.734Z] > git rev-parse --show-toplevel [9ms]
[2022-10-13T16:23:18.734Z] fatal: not a git repository (or any of the parent directories): .git
                                                                                                                                                                 