[2022-10-14 01:27:39.768] [exthost] [info] Extension host with pid 1811 started
[2022-10-14 01:27:39.772] [exthost] [error] Error: EEXIST: file already exists, open '/home/zudarr/.vscode-server/data/User/workspaceStorage/0eb2957798c583f017db09a32490de79/vscode.lock'
[2022-10-14 01:27:39.780] [exthost] [info] Lock '/home/zudarr/.vscode-server/data/User/workspaceStorage/0eb2957798c583f017db09a32490de79/vscode.lock': Could not acquire lock, checking if the file is stale.
[2022-10-14 01:27:39.781] [exthost] [info] Lock '/home/zudarr/.vscode-server/data/User/workspaceStorage/0eb2957798c583f017db09a32490de79/vscode.lock': The pid 2431 appears to be gone.
[2022-10-14 01:27:39.781] [exthost] [info] Lock '/home/zudarr/.vscode-server/data/User/workspaceStorage/0eb2957798c583f017db09a32490de79/vscode.lock': Deleting a stale lock.
[2022-10-14 01:27:39.797] [exthost] [info] Lock '/home/zudarr/.vscode-server/data/User/workspaceStorage/0eb2957798c583f017db09a32490de79/vscode.lock': Lock acquired.
[2022-10-14 01:27:40.198] [exthost] [info] ExtensionService#_doActivateExtension ms-vscode.cpptools, startup: false, activationEvent: 'onLanguage:cpp'
[2022-10-14 01:27:40.199] [exthost] [info] ExtensionService#_doActivateExtension vscode.debug-auto-launch, startup: true, activationEvent: '*'
[2022-10-14 01:27:40.200] [exthost] [info] ExtensionService#_doActivateExtension vscode.git-base, startup: true, activationEvent: '*', root cause: vscode.git
[2022-10-14 01:27:40.200] [exthost] [info] ExtensionService#_doActivateExtension vscode.ipynb, startup: true, activationEvent: '*'
[2022-10-14 01:27:40.944] [exthost] [info] ExtensionService#_doActivateExtension vscode.git, startup: true, activationEvent: '*'
[2022-10-14 01:27:40.944] [exthost] [info] ExtensionService#_doActivateExtension vscode.github, startup: true, activationEvent: '*'
[2022-10-14 01:27:41.930] [exthost] [info] ExtensionService#_doActivateExtension ms-vscode.makefile-tools, startup: true, activationEvent: 'workspaceContains:**/makefile,**/Makefile,**/GNUmakefile'
[2022-10-14 01:27:42.614] [exthost] [info] ExtensionService#_doActivateExtension vscode.emmet, startup: false, activationEvent: 'onStartupFinished'
[2022-10-14 01:27:42.614] [exthost] [info] ExtensionService#_doActivateExtension vscode.merge-conflict, startup: false, activationEvent: 'onStartupFinished'
[2022-10-14 01:27:42.614] [exthost] [info] Eager extensions activated
[2022-10-14 01:30:27.208] [exthost] [info] ExtensionService#_doActivateExtension vscode.configuration-editing, startup: false, activationEvent: 'onLanguage:jsonc'
[2022-10-14 01:30:27.208] [exthost] [info] ExtensionService#_doActivateExtension vscode.json-language-features, startup: false, activationEvent: 'onLanguage:jsonc'
[2022-10-14 01:30:27.209] [exthost] [info] ExtensionService#_doActivateExtension vscode.typescript-language-features, startup: false, activationEvent: 'onLanguage:jsonc'
[2022-10-14 01:36:28.804] [exthost] [info] Extension host terminating: received terminate message from renderer
[2022-10-14 01:36:28.804] [exthost] [info] Lock '/home/zudarr/.vscode-server/data/User/workspaceStorage/0eb2957798c583f017db09a32490de79/vscode.lock': Marking the lockfile as scheduled to be released in 6000 ms.
[2022-10-14 01:36:28.863] [exthost] [info] Extension host with pid 1811 exiting with code 0
