[2022-10-14T01:37:38.697Z] Log level: Info
[2022-10-14T01:37:38.712Z] [info] Validating found git in: git
[2022-10-14T01:37:38.847Z] [info] Using git 2.17.1 from git
[2022-10-14T01:37:38.897Z] > git rev-parse --show-toplevel [14ms]
[2022-10-14T01:37:38.897Z] fatal: not a git repository (or any of the parent directories): .git
[2022-10-14T01:37:39.348Z] > git rev-parse --show-toplevel [420ms]
[2022-10-14T01:37:39.348Z] fatal: not a git repository (or any of the parent directories): .git
[2022-10-14T01:37:39.377Z] > git rev-parse --show-toplevel [26ms]
[2022-10-14T01:37:39.377Z] fatal: not a git repository (or any of the parent directories): .git
[2022-10-14T01:37:39.473Z] > git rev-parse --show-toplevel [92ms]
[2022-10-14T01:37:39.473Z] fatal: not a git repository (or any of the parent directories): .git
[2022-10-14T01:37:39.506Z] > git rev-parse --show-toplevel [25ms]
[2022-10-14T01:37:39.506Z] fatal: not a git repository (or any of the parent directories): .git
[2022-10-14T01:37:39.530Z] > git rev-parse --show-toplevel [14ms]
[2022-10-14T01:37:39.530Z] fatal: not a git repository (or any of the parent directories): .git
[2022-10-14T01:37:39.862Z] > git rev-parse --show-toplevel [25ms]
[2022-10-14T01:37:39.862Z] fatal: not a git repository (or any of the parent directories): .git
[2022-10-14T01:37:40.076Z] > git rev-parse --show-toplevel [15ms]
[2022-10-14T01:37:40.076Z] fatal: not a git repository (or any of the parent directories): .git
[2022-10-14T01:37:40.287Z] > git rev-parse --show-toplevel [12ms]
[2022-10-14T01:37:40.287Z] fatal: not a git repository (or any of the parent directories): .git
[2022-10-14T01:37:40.300Z] > git rev-parse --show-toplevel [8ms]
[2022-10-14T01:37:40.300Z] fatal: not a git repository (or any of the parent directories): .git
[2022-10-14T01:38:04.806Z] > git rev-parse --show-toplevel [6ms]
[2022-10-14T01:38:04.806Z] fatal: not a git repository (or any of the parent directories): .git
[2022-10-14T01:42:30.260Z] > git rev-parse --show-toplevel [17ms]
[2022-10-14T01:42:30.260Z] fatal: not a git repository (or any of the parent directories): .git
[2022-10-14T01:42:31.294Z] > git rev-parse --show-toplevel [10ms]
[2022-10-14T01:42:31.294Z] fatal: not a git repository (or any of the parent directories): .git
[2022-10-14T01:42:55.078Z] > git rev-parse --show-toplevel [17ms]
[2022-10-14T01:42:55.078Z] fatal: not a git repository (or any of the parent directories): .git
[2022-10-14T01:43:00.638Z] > git rev-parse --show-toplevel [11ms]
[2022-10-14T01:43:00.638Z] fatal: not a git repository (or any of the parent directories): .git
[2022-10-14T01:43:01.238Z] > git rev-parse --show-toplevel [6ms]
[2022-10-14T01:43:01.238Z] fatal: not a git repository (or any of the parent directories): .git
[2022-10-14T01:43:09.269Z] > git rev-parse --show-toplevel [11ms]
[2022-10-14T01:43:09.269Z] fatal: not a git repository (or any of the parent directories): .git
[2022-10-14T01:43:11.492Z] > git rev-parse --show-toplevel [6ms]
[2022-10-14T01:43:11.492Z] fatal: not a git repository (or any of the parent directories): .git
[2022-10-14T01:44:08.974Z] > git rev-parse --show-toplevel [13ms]
[2022-10-14T01:44:08.974Z] fatal: not a git repository (or any of the parent directories): .git
[2022-10-14T01:44:10.070Z] > git rev-parse --show-toplevel [15ms]
[2022-10-14T01:44:10.070Z] fatal: not a git repository (or any of the parent directories): .git
[2022-10-14T01:44:11.524Z] > git rev-parse --show-toplevel [6ms]
[2022-10-14T01:44:11.524Z] fatal: not a git repository (or any of the parent directories): .git
[2022-10-14T01:44:13.020Z] > git rev-parse --show-toplevel [8ms]
[2022-10-14T01:44:13.020Z] fatal: not a git repository (or any of the parent directories): .git
[2022-10-14T01:44:26.759Z] > git rev-parse --show-toplevel [4ms]
[2022-10-14T01:44:26.759Z] fatal: not a git repository (or any of the parent directories): .git
[2022-10-14T01:44:31.261Z] > git rev-parse --show-toplevel [6ms]
[2022-10-14T01:44:31.261Z] fatal: not a git repository (or any of the parent directories): .git
[2022-10-14T01:44:31.898Z] > git rev-parse --show-toplevel [22ms]
[2022-10-14T01:44:31.898Z] fatal: not a git repository (or any of the parent directories): .git
[2022-10-14T01:58:48.487Z] > git rev-parse --show-toplevel [10ms]
[2022-10-14T01:58:48.487Z] fatal: not a git repository (or any of the parent directories): .git
[2022-10-14T01:58:56.125Z] > git rev-parse --show-toplevel [19ms]
[2022-10-14T01:58:56.125Z] fatal: not a git repository (or any of the parent directories): .git
[2022-10-14T02:10:33.350Z] > git rev-parse --show-toplevel [15ms]
[2022-10-14T02:10:33.350Z] fatal: not a git repository (or any of the parent directories): .git
[2022-10-14T02:11:08.816Z] > git rev-parse --show-toplevel [29ms]
[2022-10-14T02:11:08.816Z] fatal: not a git repository (or any of the parent directories): .git
[2022-10-14T02:11:09.705Z] > git rev-parse --show-toplevel [16ms]
[2022-10-14T02:11:09.705Z] fatal: not a git repository (or any of the parent directories): .git
[2022-10-14T02:13:56.057Z] > git rev-parse --show-toplevel [10ms]
[2022-10-14T02:13:56.057Z] fatal: not a git repository (or any of the parent directories): .git
[2022-10-14T02:24:31.372Z] > git rev-parse --show-toplevel [23ms]
[2022-10-14T02:24:31.372Z] fatal: not a git repository (or any of the parent directories): .git
[2022-10-14T02:34:34.930Z] > git rev-parse --show-toplevel [9ms]
[2022-10-14T02:34:34.930Z] fatal: not a git repository (or any of the parent directories): .git
[2022-10-14T03:02:18.785Z] > git rev-parse --show-toplevel [13ms]
[2022-10-14T03:02:18.785Z] fatal: not a git repository (or any of the parent directories): .git
[2022-10-14T03:14:49.830Z] > git rev-parse --show-toplevel [5ms]
[2022-10-14T03:14:49.830Z] fatal: not a git repository (or any of the parent directories): .git
[2022-10-14T03:14:59.462Z] > git rev-parse --show-toplevel [5ms]
[2022-10-14T03:14:59.462Z] fatal: not a git repository (or any of the parent directories): .git
[2022-10-14T03:15:21.359Z] > git rev-parse --show-toplevel [4ms]
[2022-10-14T03:15:21.359Z] fatal: not a git repository (or any of the parent directories): .git
[2022-10-14T03:15:34.818Z] > git rev-parse --show-toplevel [4ms]
[2022-10-14T03:15:34.818Z] fatal: not a git repository (or any of the parent directories): .git
[2022-10-14T03:15:46.721Z] > git rev-parse --show-toplevel [5ms]
[2022-10-14T03:15:46.721Z] fatal: not a git repository (or any of the parent directories): .git
[2022-10-14T03:15:48.011Z] > git rev-parse --show-toplevel [6ms]
[2022-10-14T03:15:48.011Z] fatal: not a git repository (or any of the parent directories): .git
[2022-10-14T03:15:48.445Z] > git rev-parse --show-toplevel [13ms]
[2022-10-14T03:15:48.445Z] fatal: not a git repository (or any of the parent directories): .git
[2022-10-14T03:15:49.548Z] > git rev-parse --show-toplevel [6ms]
[2022-10-14T03:15:49.548Z] fatal: not a git repository (or any of the parent directories): .git
[2022-10-14T03:15:49.964Z] > git rev-parse --show-toplevel [5ms]
[2022-10-14T03:15:49.964Z] fatal: not a git repository (or any of the parent directories): .git
[2022-10-14T03:16:14.274Z] > git rev-parse --show-toplevel [4ms]
[2022-10-14T03:16:14.274Z] fatal: not a git repository (or any of the parent directories): .git
[2022-10-14T04:01:14.271Z] > git rev-parse --show-toplevel [7ms]
[2022-10-14T04:01:14.271Z] fatal: not a git repository (or any of the parent directories): .git
[2022-10-14T04:01:26.606Z] > git rev-parse --show-toplevel [18ms]
[2022-10-14T04:01:26.606Z] fatal: not a git repository (or any of the parent directories): .git
[2022-10-14T04:01:36.474Z] > git rev-parse --show-toplevel [16ms]
[2022-10-14T04:01:36.474Z] fatal: not a git repository (or any of the parent directories): .git
[2022-10-14T04:01:37.719Z] > git rev-parse --show-toplevel [23ms]
[2022-10-14T04:01:37.719Z] fatal: not a git repository (or any of the parent directories): .git
[2022-10-14T04:17:37.618Z] > git rev-parse --show-toplevel [8ms]
[2022-10-14T04:17:37.618Z] fatal: not a git repository (or any of the parent directories): .git
[2022-10-14T04:17:49.008Z] > git rev-parse --show-toplevel [14ms]
[2022-10-14T04:17:49.008Z] fatal: not a git repository (or any of the parent directories): .git
[2022-10-14T04:17:50.506Z] > git rev-parse --show-toplevel [13ms]
[2022-10-14T04:17:50.506Z] fatal: not a git repository (or any of the parent directories): .git
[2022-10-14T04:18:00.343Z] > git rev-parse --show-toplevel [12ms]
[2022-10-14T04:18:00.343Z] fatal: not a git repository (or any of the parent directories): .git
[2022-10-14T05:08:27.044Z] > git rev-parse --show-toplevel [3ms]
[2022-10-14T05:08:27.044Z] fatal: not a git repository (or any of the parent directories): .git
[2022-10-14T05:08:38.518Z] > git rev-parse --show-toplevel [17ms]
[2022-10-14T05:08:38.518Z] fatal: not a git repository (or any of the parent directories): .git
[2022-10-14T05:08:39.949Z] > git rev-parse --show-toplevel [5ms]
[2022-10-14T05:08:39.949Z] fatal: not a git repository (or any of the parent directories): .git
[2022-10-14T05:08:41.269Z] > git rev-parse --show-toplevel [7ms]
[2022-10-14T05:08:41.269Z] fatal: not a git repository (or any of the parent directories): .git
[2022-10-14T05:08:42.280Z] > git rev-parse --show-toplevel [4ms]
[2022-10-14T05:08:42.280Z] fatal: not a git repository (or any of the parent directories): .git
[2022-10-14T05:08:44.985Z] > git rev-parse --show-toplevel [7ms]
[2022-10-14T05:08:44.985Z] fatal: not a git repository (or any of the parent directories): .git
[2022-10-14T05:08:47.284Z] > git rev-parse --show-toplevel [11ms]
[2022-10-14T05:08:47.284Z] fatal: not a git repository (or any of the parent directories): .git
[2022-10-14T05:09:08.360Z] > git rev-parse --show-toplevel [4ms]
[2022-10-14T05:09:08.360Z] fatal: not a git repository (or any of the parent directories): .git
[2022-10-14T05:11:22.987Z] > git rev-parse --show-toplevel [5ms]
[2022-10-14T05:11:22.987Z] fatal: not a git repository (or any of the parent directories): .git
[2022-10-14T05:18:46.791Z] > git rev-parse --show-toplevel [14ms]
[2022-10-14T05:18:46.791Z] fatal: not a git repository (or any of the parent directories): .git
[2022-10-14T05:19:07.683Z] > git rev-parse --show-toplevel [25ms]
[2022-10-14T05:19:07.683Z] fatal: not a git repository (or any of the parent directories): .git
[2022-10-14T05:19:46.656Z] > git rev-parse --show-toplevel [2ms]
[2022-10-14T05:19:46.656Z] fatal: not a git repository (or any of the parent directories): .git
[2022-10-14T05:30:01.701Z] > git rev-parse --show-toplevel [15ms]
[2022-10-14T05:30:01.701Z] fatal: not a git repository (or any of the parent directories): .git
[2022-10-14T05:36:56.778Z] > git rev-parse --show-toplevel [2ms]
[2022-10-14T05:36:56.778Z] fatal: not a git repository (or any of the parent directories): .git
[2022-10-14T05:37:14.377Z] > git rev-parse --show-toplevel [16ms]
[2022-10-14T05:37:14.377Z] fatal: not a git repository (or any of the parent directories): .git
[2022-10-14T05:37:14.612Z] > git rev-parse --show-toplevel [36ms]
[2022-10-14T05:37:14.612Z] fatal: not a git repository (or any of the parent directories): .git
[2022-10-14T05:37:16.015Z] > git rev-parse --show-toplevel [6ms]
[2022-10-14T05:37:16.015Z] fatal: not a git repository (or any of the parent directories): .git
[2022-10-14T05:37:17.098Z] > git rev-parse --show-toplevel [6ms]
[2022-10-14T05:37:17.098Z] fatal: not a git repository (or any of the parent directories): .git
[2022-10-14T05:37:19.756Z] > git rev-parse --show-toplevel [6ms]
[2022-10-14T05:37:19.756Z] fatal: not a git repository (or any of the parent directories): .git
[2022-10-14T05:37:20.724Z] > git rev-parse --show-toplevel [20ms]
[2022-10-14T05:37:20.724Z] fatal: not a git repository (or any of the parent directories): .git
[2022-10-14T05:37:21.732Z] > git rev-parse --show-toplevel [5ms]
[2022-10-14T05:37:21.732Z] fatal: not a git repository (or any of the parent directories): .git
[2022-10-14T05:37:24.292Z] > git rev-parse --show-toplevel [3ms]
[2022-10-14T05:37:24.292Z] fatal: not a git repository (or any of the parent directories): .git
[2022-10-14T05:38:15.644Z] > git rev-parse --show-toplevel [10ms]
[2022-10-14T05:38:15.644Z] fatal: not a git repository (or any of the parent directories): .git
[2022-10-14T05:38:20.247Z] > git rev-parse --show-toplevel [29ms]
[2022-10-14T05:38:20.247Z] fatal: not a git repository (or any of the parent directories): .git
[2022-10-14T05:39:20.069Z] > git rev-parse --show-toplevel [9ms]
[2022-10-14T05:39:20.069Z] fatal: not a git repository (or any of the parent directories): .git
[2022-10-14T05:40:47.613Z] > git rev-parse --show-toplevel [8ms]
[2022-10-14T05:40:47.613Z] fatal: not a git repository (or any of the parent directories): .git
[2022-10-14T05:40:50.607Z] > git rev-parse --show-toplevel [14ms]
[2022-10-14T05:40:50.607Z] fatal: not a git repository (or any of the parent directories): .git
[2022-10-14T05:43:30.426Z] > git rev-parse --show-toplevel [7ms]
[2022-10-14T05:43:30.426Z] fatal: not a git repository (or any of the parent directories): .git
[2022-10-14T05:43:35.871Z] > git rev-parse --show-toplevel [19ms]
[2022-10-14T05:43:35.871Z] fatal: not a git repository (or any of the parent directories): .git
[2022-10-14T05:43:39.799Z] > git rev-parse --show-toplevel [5ms]
[2022-10-14T05:43:39.800Z] fatal: not a git repository (or any of the parent directories): .git
[2022-10-14T05:43:48.885Z] > git rev-parse --show-toplevel [3ms]
[2022-10-14T05:43:48.885Z] fatal: not a git repository (or any of the parent directories): .git
[2022-10-14T05:43:56.900Z] > git rev-parse --show-toplevel [4ms]
[2022-10-14T05:43:56.900Z] fatal: not a git repository (or any of the parent directories): .git
[2022-10-14T05:43:59.408Z] > git rev-parse --show-toplevel [4ms]
[2022-10-14T05:43:59.408Z] fatal: not a git repository (or any of the parent directories): .git
[2022-10-14T05:44:01.162Z] > git rev-parse --show-toplevel [8ms]
[2022-10-14T05:44:01.163Z] fatal: not a git repository (or any of the parent directories): .git
[2022-10-14T05:44:02.049Z] > git rev-parse --show-toplevel [7ms]
[2022-10-14T05:44:02.049Z] fatal: not a git repository (or any of the parent directories): .git
[2022-10-14T05:44:03.646Z] > git rev-parse --show-toplevel [8ms]
[2022-10-14T05:44:03.646Z] fatal: not a git repository (or any of the parent directories): .git
[2022-10-14T05:44:25.477Z] > git rev-parse --show-toplevel [3ms]
[2022-10-14T05:44:25.477Z] fatal: not a git repository (or any of the parent directories): .git
[2022-10-14T05:46:20.904Z] > git rev-parse --show-toplevel [3ms]
[2022-10-14T05:46:20.904Z] fatal: not a git repository (or any of the parent directories): .git
[2022-10-14T05:47:53.991Z] > git rev-parse --show-toplevel [2ms]
[2022-10-14T05:47:53.991Z] fatal: not a git repository (or any of the parent directories): .git
[2022-10-14T05:47:54.977Z] > git rev-parse --show-toplevel [9ms]
[2022-10-14T05:47:54.977Z] fatal: not a git repository (or any of the parent directories): .git
[2022-10-14T05:47:57.322Z] > git rev-parse --show-toplevel [6ms]
[2022-10-14T05:47:57.322Z] fatal: not a git repository (or any of the parent directories): .git
[2022-10-14T05:49:07.025Z] > git rev-parse --show-toplevel [4ms]
[2022-10-14T05:49:07.025Z] fatal: not a git repository (or any of the parent directories): .git
[2022-10-14T05:49:14.549Z] > git rev-parse --show-toplevel [5ms]
[2022-10-14T05:49:14.549Z] fatal: not a git repository (or any of the parent directories): .git
[2022-10-14T05:49:18.995Z] > git rev-parse --show-toplevel [6ms]
[2022-10-14T05:49:18.995Z] fatal: not a git repository (or any of the parent directories): .git
[2022-10-14T05:49:27.216Z] > git rev-parse --show-toplevel [21ms]
[2022-10-14T05:49:27.216Z] fatal: not a git repository (or any of the parent directories): .git
[2022-10-14T05:49:50.428Z] > git rev-parse --show-toplevel [14ms]
[2022-10-14T05:49:50.428Z] fatal: not a git repository (or any of the parent directories): .git
[2022-10-14T05:50:15.005Z] > git rev-parse --show-toplevel [11ms]
[2022-10-14T05:50:15.005Z] fatal: not a git repository (or any of the parent directories): .git
[2022-10-14T05:50:18.568Z] > git rev-parse --show-toplevel [17ms]
[2022-10-14T05:50:18.568Z] fatal: not a git repository (or any of the parent directories): .git
[2022-10-14T05:52:24.098Z] > git rev-parse --show-toplevel [5ms]
[2022-10-14T05:52:24.098Z] fatal: not a git repository (or any of the parent directories): .git
[2022-10-14T05:52:40.059Z] > git rev-parse --show-toplevel [21ms]
[2022-10-14T05:52:40.059Z] fatal: not a git repository (or any of the parent directories): .git
[2022-10-14T05:52:49.053Z] > git rev-parse --show-toplevel [12ms]
[2022-10-14T05:52:49.053Z] fatal: not a git repository (or any of the parent directories): .git
[2022-10-14T05:52:52.892Z] > git rev-parse --show-toplevel [13ms]
[2022-10-14T05:52:52.892Z] fatal: not a git repository (or any of the parent directories): .git
[2022-10-14T05:53:30.287Z] > git rev-parse --show-toplevel [10ms]
[2022-10-14T05:53:30.287Z] fatal: not a git repository (or any of the parent directories): .git
[2022-10-14T05:55:33.349Z] > git rev-parse --show-toplevel [20ms]
[2022-10-14T05:55:33.349Z] fatal: not a git repository (or any of the parent directories): .git
[2022-10-14T05:55:42.011Z] > git rev-parse --show-toplevel [6ms]
[2022-10-14T05:55:42.011Z] fatal: not a git repository (or any of the parent directories): .git
[2022-10-14T05:56:01.338Z] > git rev-parse --show-toplevel [10ms]
[2022-10-14T05:56:01.338Z] fatal: not a git repository (or any of the parent directories): .git
[2022-10-14T05:56:02.045Z] > git rev-parse --show-toplevel [5ms]
[2022-10-14T05:56:02.045Z] fatal: not a git repository (or any of the parent directories): .git
[2022-10-14T05:56:04.592Z] > git rev-parse --show-toplevel [5ms]
[2022-10-14T05:56:04.592Z] fatal: not a git repository (or any of the parent directories): .git
[2022-10-14T05:56:06.117Z] > git rev-parse --show-toplevel [6ms]
[2022-10-14T05:56:06.117Z] fatal: not a git repository (or any of the parent directories): .git
[2022-10-14T05:56:14.146Z] > git rev-parse --show-toplevel [5ms]
[2022-10-14T05:56:14.146Z] fatal: not a git repository (or any of the parent directories): .git
[2022-10-14T05:56:25.120Z] > git rev-parse --show-toplevel [10ms]
[2022-10-14T05:56:25.120Z] fatal: not a git repository (or any of the parent directories): .git
[2022-10-14T05:56:39.387Z] > git rev-parse --show-toplevel [5ms]
[2022-10-14T05:56:39.387Z] fatal: not a git repository (or any of the parent directories): .git
[2022-10-14T05:56:39.393Z] > git rev-parse --show-toplevel [2ms]
[2022-10-14T05:56:39.393Z] fatal: not a git repository (or any of the parent directories): .git
[2022-10-14T05:56:42.138Z] > git rev-parse --show-toplevel [2ms]
[2022-10-14T05:56:42.139Z] fatal: not a git repository (or any of the parent directories): .git
[2022-10-14T05:57:18.104Z] > git rev-parse --show-toplevel [5ms]
[2022-10-14T05:57:18.104Z] fatal: not a git repository (or any of the parent directories): .git
[2022-10-14T05:57:53.562Z] > git rev-parse --show-toplevel [18ms]
[2022-10-14T05:57:53.562Z] fatal: not a git repository (or any of the parent directories): .git
[2022-10-14T05:57:57.361Z] > git rev-parse --show-toplevel [6ms]
[2022-10-14T05:57:57.361Z] fatal: not a git repository (or any of the parent directories): .git
[2022-10-14T05:58:01.969Z] > git rev-parse --show-toplevel [5ms]
[2022-10-14T05:58:01.969Z] fatal: not a git repository (or any of the parent directories): .git
[2022-10-14T06:05:10.312Z] > git rev-parse --show-toplevel [2ms]
[2022-10-14T06:05:10.312Z] fatal: not a git repository (or any of the parent directories): .git
[2022-10-14T06:06:25.898Z] > git rev-parse --show-toplevel [5ms]
[2022-10-14T06:06:25.898Z] fatal: not a git repository (or any of the parent directories): .git
[2022-10-14T06:07:55.124Z] > git rev-parse --show-toplevel [13ms]
[2022-10-14T06:07:55.124Z] fatal: not a git repository (or any of the parent directories): .git
[2022-10-14T06:08:06.477Z] > git rev-parse --show-toplevel [21ms]
[2022-10-14T06:08:06.477Z] fatal: not a git repository (or any of the parent directories): .git
[2022-10-14T06:14:51.926Z] > git rev-parse --show-toplevel [21ms]
[2022-10-14T06:14:51.926Z] fatal: not a git repository (or any of the parent directories): .git
[2022-10-14T06:15:14.185Z] > git rev-parse --show-toplevel [6ms]
[2022-10-14T06:15:14.185Z] fatal: not a git repository (or any of the parent directories): .git
[2022-10-14T06:15:40.824Z] > git rev-parse --show-toplevel [21ms]
[2022-10-14T06:15:40.824Z] fatal: not a git repository (or any of the parent directories): .git
[2022-10-14T06:16:21.608Z] > git rev-parse --show-toplevel [8ms]
[2022-10-14T06:16:21.608Z] fatal: not a git repository (or any of the parent directories): .git
[2022-10-14T06:16:23.424Z] > git rev-parse --show-toplevel [6ms]
[2022-10-14T06:16:23.424Z] fatal: not a git repository (or any of the parent directories): .git
[2022-10-14T06:16:31.820Z] > git rev-parse --show-toplevel [11ms]
[2022-10-14T06:16:31.820Z] fatal: not a git repository (or any of the parent directories): .git
[2022-10-14T06:16:37.511Z] > git rev-parse --show-toplevel [10ms]
[2022-10-14T06:16:37.511Z] fatal: not a git repository (or any of the parent directories): .git
[2022-10-14T06:17:05.763Z] > git rev-parse --show-toplevel [21ms]
[2022-10-14T06:17:05.763Z] fatal: not a git repository (or any of the parent directories): .git
[2022-10-14T06:19:26.990Z] > git rev-parse --show-toplevel [3ms]
[2022-10-14T06:19:26.990Z] fatal: not a git repository (or any of the parent directories): .git
[2022-10-14T06:20:55.685Z] > git rev-parse --show-toplevel [4ms]
[2022-10-14T06:20:55.685Z] fatal: not a git repository (or any of the parent directories): .git
[2022-10-14T06:20:56.488Z] > git rev-parse --show-toplevel [8ms]
[2022-10-14T06:20:56.488Z] fatal: not a git repository (or any of the parent directories): .git
[2022-10-14T06:20:57.063Z] > git rev-parse --show-toplevel [7ms]
[2022-10-14T06:20:57.063Z] fatal: not a git repository (or any of the parent directories): .git
[2022-10-14T06:20:57.707Z] > git rev-parse --show-toplevel [16ms]
[2022-10-14T06:20:57.707Z] fatal: not a git repository (or any of the parent directories): .git
[2022-10-14T06:21:00.830Z] > git rev-parse --show-toplevel [17ms]
[2022-10-14T06:21:00.830Z] fatal: not a git repository (or any of the parent directories): .git
[2022-10-14T06:21:12.290Z] > git rev-parse --show-toplevel [15ms]
[2022-10-14T06:21:12.290Z] fatal: not a git repository (or any of the parent directories): .git
[2022-10-14T06:21:12.460Z] > git rev-parse --show-toplevel [16ms]
[2022-10-14T06:21:12.460Z] fatal: not a git repository (or any of the parent directories): .git
[2022-10-14T06:21:16.248Z] > git rev-parse --show-toplevel [4ms]
[2022-10-14T06:21:16.248Z] fatal: not a git repository (or any of the parent directories): .git
[2022-10-14T06:21:22.033Z] > git rev-parse --show-toplevel [7ms]
[2022-10-14T06:21:22.033Z] fatal: not a git repository (or any of the parent directories): .git
[2022-10-14T06:21:24.158Z] > git rev-parse --show-toplevel [12ms]
[2022-10-14T06:21:24.158Z] fatal: not a git repository (or any of the parent directories): .git
[2022-10-14T06:21:26.705Z] > git rev-parse --show-toplevel [5ms]
[2022-10-14T06:21:26.705Z] fatal: not a git repository (or any of the parent directories): .git
[2022-10-14T06:21:27.470Z] > git rev-parse --show-toplevel [8ms]
[2022-10-14T06:21:27.470Z] fatal: not a git repository (or any of the parent directories): .git
[2022-10-14T06:21:34.608Z] > git rev-parse --show-toplevel [7ms]
[2022-10-14T06:21:34.608Z] fatal: not a git repository (or any of the parent directories): .git
[2022-10-14T06:21:42.900Z] > git rev-parse --show-toplevel [14ms]
[2022-10-14T06:21:42.900Z] fatal: not a git repository (or any of the parent directories): .git
[2022-10-14T06:21:59.523Z] > git rev-parse --show-toplevel [7ms]
[2022-10-14T06:21:59.523Z] fatal: not a git repository (or any of the parent directories): .git
[2022-10-14T06:22:02.420Z] > git rev-parse --show-toplevel [8ms]
[2022-10-14T06:22:02.420Z] fatal: not a git repository (or any of the parent directories): .git
[2022-10-14T06:22:18.187Z] > git rev-parse --show-toplevel [10ms]
[2022-10-14T06:22:18.187Z] fatal: not a git repository (or any of the parent directories): .git
[2022-10-14T06:22:30.613Z] > git rev-parse --show-toplevel [12ms]
[2022-10-14T06:22:30.613Z] fatal: not a git repository (or any of the parent directories): .git
[2022-10-14T06:22:35.559Z] > git rev-parse --show-toplevel [8ms]
[2022-10-14T06:22:35.559Z] fatal: not a git repository (or any of the parent directories): .git
[2022-10-14T06:22:36.241Z] > git rev-parse --show-toplevel [13ms]
[2022-10-14T06:22:36.241Z] fatal: not a git repository (or any of the parent directories): .git
[2022-10-14T06:23:16.835Z] > git rev-parse --show-toplevel [17ms]
[2022-10-14T06:23:16.835Z] fatal: not a git repository (or any of the parent directories): .git
[2022-10-14T06:23:22.819Z] > git rev-parse --show-toplevel [23ms]
[2022-10-14T06:23:22.819Z] fatal: not a git repository (or any of the parent directories): .git
[2022-10-14T06:23:49.472Z] > git rev-parse --show-toplevel [15ms]
[2022-10-14T06:23:49.472Z] fatal: not a git repository (or any of the parent directories): .git
[2022-10-14T06:24:00.592Z] > git rev-parse --show-toplevel [10ms]
[2022-10-14T06:24:00.592Z] fatal: not a git repository (or any of the parent directories): .git
[2022-10-14T06:24:38.270Z] > git rev-parse --show-toplevel [7ms]
[2022-10-14T06:24:38.270Z] fatal: not a git repository (or any of the parent directories): .git
[2022-10-14T06:24:43.466Z] > git rev-parse --show-toplevel [13ms]
[2022-10-14T06:24:43.466Z] fatal: not a git repository (or any of the parent directories): .git
[2022-10-14T06:25:00.458Z] > git rev-parse --show-toplevel [7ms]
[2022-10-14T06:25:00.458Z] fatal: not a git repository (or any of the parent directories): .git
[2022-10-14T06:25:08.292Z] > git rev-parse --show-toplevel [13ms]
[2022-10-14T06:25:08.292Z] fatal: not a git repository (or any of the parent directories): .git
[2022-10-14T06:25:14.447Z] > git rev-parse --show-toplevel [15ms]
[2022-10-14T06:25:14.447Z] fatal: not a git repository (or any of the parent directories): .git
[2022-10-14T06:25:24.432Z] > git rev-parse --show-toplevel [19ms]
[2022-10-14T06:25:24.432Z] fatal: not a git repository (or any of the parent directories): .git
[2022-10-14T06:25:39.483Z] > git rev-parse --show-toplevel [13ms]
[2022-10-14T06:25:39.483Z] fatal: not a git repository (or any of the parent directories): .git
[2022-10-14T06:25:41.101Z] > git rev-parse --show-toplevel [12ms]
[2022-10-14T06:25:41.101Z] fatal: not a git repository (or any of the parent directories): .git
[2022-10-14T06:25:45.427Z] > git rev-parse --show-toplevel [8ms]
[2022-10-14T06:25:45.427Z] fatal: not a git repository (or any of the parent directories): .git
[2022-10-14T06:26:09.467Z] > git rev-parse --show-toplevel [25ms]
[2022-10-14T06:26:09.467Z] fatal: not a git repository (or any of the parent directories): .git
[2022-10-14T06:26:10.803Z] > git rev-parse --show-toplevel [6ms]
[2022-10-14T06:26:10.803Z] fatal: not a git repository (or any of the parent directories): .git
[2022-10-14T06:26:11.638Z] > git rev-parse --show-toplevel [17ms]
[2022-10-14T06:26:11.638Z] fatal: not a git repository (or any of the parent directories): .git
[2022-10-14T06:26:13.644Z] > git rev-parse --show-toplevel [21ms]
[2022-10-14T06:26:13.644Z] fatal: not a git repository (or any of the parent directories): .git
[2022-10-14T06:26:14.836Z] > git rev-parse --show-toplevel [7ms]
[2022-10-14T06:26:14.836Z] fatal: not a git repository (or any of the parent directories): .git
[2022-10-14T06:26:16.830Z] > git rev-parse --show-toplevel [11ms]
[2022-10-14T06:26:16.831Z] fatal: not a git repository (or any of the parent directories): .git
[2022-10-14T06:26:17.424Z] > git rev-parse --show-toplevel [6ms]
[2022-10-14T06:26:17.424Z] fatal: not a git repository (or any of the parent directories): .git
[2022-10-14T06:26:17.920Z] > git rev-parse --show-toplevel [15ms]
[2022-10-14T06:26:17.920Z] fatal: not a git repository (or any of the parent directories): .git
[2022-10-14T06:26:18.408Z] > git rev-parse --show-toplevel [8ms]
[2022-10-14T06:26:18.408Z] fatal: not a git repository (or any of the parent directories): .git
[2022-10-14T06:26:18.898Z] > git rev-parse --show-toplevel [17ms]
[2022-10-14T06:26:18.898Z] fatal: not a git repository (or any of the parent directories): .git
[2022-10-14T06:26:19.772Z] > git rev-parse --show-toplevel [12ms]
[2022-10-14T06:26:19.772Z] fatal: not a git repository (or any of the parent directories): .git
[2022-10-14T06:26:20.887Z] > git rev-parse --show-toplevel [10ms]
[2022-10-14T06:26:20.887Z] fatal: not a git repository (or any of the parent directories): .git
[2022-10-14T06:26:25.974Z] > git rev-parse --show-toplevel [8ms]
[2022-10-14T06:26:25.974Z] fatal: not a git repository (or any of the parent directories): .git
[2022-10-14T06:26:42.477Z] > git rev-parse --show-toplevel [12ms]
[2022-10-14T06:26:42.477Z] fatal: not a git repository (or any of the parent directories): .git
[2022-10-14T06:26:45.958Z] > git rev-parse --show-toplevel [14ms]
[2022-10-14T06:26:45.958Z] fatal: not a git repository (or any of the parent directories): .git
[2022-10-14T06:28:16.791Z] > git rev-parse --show-toplevel [11ms]
[2022-10-14T06:28:16.791Z] fatal: not a git repository (or any of the parent directories): .git
[2022-10-14T06:29:11.726Z] > git rev-parse --show-toplevel [11ms]
[2022-10-14T06:29:11.726Z] fatal: not a git repository (or any of the parent directories): .git
[2022-10-14T06:31:11.288Z] > git rev-parse --show-toplevel [3ms]
[2022-10-14T06:31:11.288Z] fatal: not a git repository (or any of the parent directories): .git
[2022-10-14T06:31:13.971Z] > git rev-parse --show-toplevel [11ms]
[2022-10-14T06:31:13.971Z] fatal: not a git repository (or any of the parent directories): .git
[2022-10-14T06:31:14.369Z] > git rev-parse --show-toplevel [6ms]
[2022-10-14T06:31:14.369Z] fatal: not a git repository (or any of the parent directories): .git
[2022-10-14T06:31:20.402Z] > git rev-parse --show-toplevel [4ms]
[2022-10-14T06:31:20.402Z] fatal: not a git repository (or any of the parent directories): .git
[2022-10-14T06:31:42.180Z] > git rev-parse --show-toplevel [6ms]
[2022-10-14T06:31:42.180Z] fatal: not a git repository (or any of the parent directories): .git
[2022-10-14T06:31:42.897Z] > git rev-parse --show-toplevel [9ms]
[2022-10-14T06:31:42.897Z] fatal: not a git repository (or any of the parent directories): .git
[2022-10-14T06:31:44.028Z] > git rev-parse --show-toplevel [5ms]
[2022-10-14T06:31:44.028Z] fatal: not a git repository (or any of the parent directories): .git
[2022-10-14T06:31:49.373Z] > git rev-parse --show-toplevel [9ms]
[2022-10-14T06:31:49.373Z] fatal: not a git repository (or any of the parent directories): .git
[2022-10-14T06:32:05.090Z] > git rev-parse --show-toplevel [10ms]
[2022-10-14T06:32:05.090Z] fatal: not a git repository (or any of the parent directories): .git
[2022-10-14T06:32:35.079Z] > git rev-parse --show-toplevel [11ms]
[2022-10-14T06:32:35.079Z] fatal: not a git repository (or any of the parent directories): .git
[2022-10-14T06:33:09.728Z] > git rev-parse --show-toplevel [6ms]
[2022-10-14T06:33:09.728Z] fatal: not a git repository (or any of the parent directories): .git
[2022-10-14T06:33:11.712Z] > git rev-parse --show-toplevel [7ms]
[2022-10-14T06:33:11.712Z] fatal: not a git repository (or any of the parent directories): .git
[2022-10-14T06:33:14.844Z] > git rev-parse --show-toplevel [6ms]
[2022-10-14T06:33:14.844Z] fatal: not a git repository (or any of the parent directories): .git
[2022-10-14T06:33:14.850Z] > git rev-parse --show-toplevel [2ms]
[2022-10-14T06:33:14.850Z] fatal: not a git repository (or any of the parent directories): .git
[2022-10-14T06:33:15.486Z] > git rev-parse --show-toplevel [18ms]
[2022-10-14T06:33:15.486Z] fatal: not a git repository (or any of the parent directories): .git
[2022-10-14T06:33:15.504Z] > git rev-parse --show-toplevel [7ms]
[2022-10-14T06:33:15.504Z] fatal: not a git repository (or any of the parent directories): .git
[2022-10-14T06:33:15.516Z] > git rev-parse --show-toplevel [3ms]
[2022-10-14T06:33:15.516Z] fatal: not a git repository (or any of the parent directories): .git
[2022-10-14T06:33:15.529Z] > git rev-parse --show-toplevel [1ms]
[2022-10-14T06:33:15.530Z] fatal: not a git repository (or any of the parent directories): .git
[2022-10-14T06:33:15.547Z] > git rev-parse --show-toplevel [4ms]
[2022-10-14T06:33:15.547Z] fatal: not a git repository (or any of the parent directories): .git
[2022-10-14T06:33:15.713Z] > git rev-parse --show-toplevel [9ms]
[2022-10-14T06:33:15.713Z] fatal: not a git repository (or any of the parent directories): .git
[2022-10-14T06:33:15.723Z] > git rev-parse --show-toplevel [3ms]
[2022-10-14T06:33:15.723Z] fatal: not a git repository (or any of the parent directories): .git
[2022-10-14T06:33:15.734Z] > git rev-parse --show-toplevel [1ms]
[2022-10-14T06:33:15.734Z] fatal: not a git repository (or any of the parent directories): .git
[2022-10-14T06:33:15.747Z] > git rev-parse --show-toplevel [6ms]
[2022-10-14T06:33:15.747Z] fatal: not a git repository (or any of the parent directories): .git
[2022-10-14T06:33:15.765Z] > git rev-parse --show-toplevel [13ms]
[2022-10-14T06:33:15.765Z] fatal: not a git repository (or any of the parent directories): .git
[2022-10-14T06:33:28.170Z] > git rev-parse --show-toplevel [2ms]
[2022-10-14T06:33:28.170Z] fatal: not a git repository (or any of the parent directories): .git
[2022-10-14T06:33:30.312Z] > git rev-parse --show-toplevel [6ms]
[2022-10-14T06:33:30.312Z] fatal: not a git repository (or any of the parent directories): .git
[2022-10-14T06:33:46.386Z] > git rev-parse --show-toplevel [5ms]
[2022-10-14T06:33:46.386Z] fatal: not a git repository (or any of the parent directories): .git
[2022-10-14T06:33:47.772Z] > git rev-parse --show-toplevel [5ms]
[2022-10-14T06:33:47.772Z] fatal: not a git repository (or any of the parent directories): .git
[2022-10-14T06:33:49.137Z] > git rev-parse --show-toplevel [6ms]
[2022-10-14T06:33:49.137Z] fatal: not a git repository (or any of the parent directories): .git
[2022-10-14T06:33:50.039Z] > git rev-parse --show-toplevel [7ms]
[2022-10-14T06:33:50.039Z] fatal: not a git repository (or any of the parent directories): .git
[2022-10-14T06:33:51.255Z] > git rev-parse --show-toplevel [13ms]
[2022-10-14T06:33:51.255Z] fatal: not a git repository (or any of the parent directories): .git
[2022-10-14T06:33:51.659Z] > git rev-parse --show-toplevel [5ms]
[2022-10-14T06:33:51.659Z] fatal: not a git repository (or any of the parent directories): .git
[2022-10-14T06:33:52.337Z] > git rev-parse --show-toplevel [4ms]
[2022-10-14T06:33:52.337Z] fatal: not a git repository (or any of the parent directories): .git
[2022-10-14T06:33:53.637Z] > git rev-parse --show-toplevel [5ms]
[2022-10-14T06:33:53.637Z] fatal: not a git repository (or any of the parent directories): .git
[2022-10-14T06:33:53.857Z] > git rev-parse --show-toplevel [4ms]
[2022-10-14T06:33:53.857Z] fatal: not a git repository (or any of the parent directories): .git
[2022-10-14T06:33:54.106Z] > git rev-parse --show-toplevel [3ms]
[2022-10-14T06:33:54.106Z] fatal: not a git repository (or any of the parent directories): .git
[2022-10-14T06:33:54.306Z] > git rev-parse --show-toplevel [4ms]
[2022-10-14T06:33:54.306Z] fatal: not a git repository (or any of the parent directories): .git
[2022-10-14T06:33:54.801Z] > git rev-parse --show-toplevel [4ms]
[2022-10-14T06:33:54.801Z] fatal: not a git repository (or any of the parent directories): .git
[2022-10-14T06:33:55.209Z] > git rev-parse --show-toplevel [5ms]
[2022-10-14T06:33:55.209Z] fatal: not a git repository (or any of the parent directories): .git
[2022-10-14T06:33:55.599Z] > git rev-parse --show-toplevel [10ms]
[2022-10-14T06:33:55.599Z] fatal: not a git repository (or any of the parent directories): .git
[2022-10-14T06:33:55.907Z] > git rev-parse --show-toplevel [5ms]
[2022-10-14T06:33:55.907Z] fatal: not a git repository (or any of the parent directories): .git
[2022-10-14T06:33:56.291Z] > git rev-parse --show-toplevel [4ms]
[2022-10-14T06:33:56.291Z] fatal: not a git repository (or any of the parent directories): .git
[2022-10-14T06:33:56.782Z] > git rev-parse --show-toplevel [4ms]
[2022-10-14T06:33:56.782Z] fatal: not a git repository (or any of the parent directories): .git
[2022-10-14T06:33:57.692Z] > git rev-parse --show-toplevel [4ms]
[2022-10-14T06:33:57.692Z] fatal: not a git repository (or any of the parent directories): .git
[2022-10-14T06:33:58.313Z] > git rev-parse --show-toplevel [5ms]
[2022-10-14T06:33:58.313Z] fatal: not a git repository (or any of the parent directories): .git
[2022-10-14T06:34:13.313Z] > git rev-parse --show-toplevel [2ms]
[2022-10-14T06:34:13.313Z] fatal: not a git repository (or any of the parent directories): .git
[2022-10-14T06:34:25.867Z] > git rev-parse --show-toplevel [6ms]
[2022-10-14T06:34:25.867Z] fatal: not a git repository (or any of the parent directories): .git
[2022-10-14T06:34:28.992Z] > git rev-parse --show-toplevel [7ms]
[2022-10-14T06:34:28.992Z] fatal: not a git repository (or any of the parent directories): .git
[2022-10-14T06:34:30.851Z] > git rev-parse --show-toplevel [15ms]
[2022-10-14T06:34:30.851Z] fatal: not a git repository (or any of the parent directories): .git
[2022-10-14T06:35:10.935Z] > git rev-parse --show-toplevel [4ms]
[2022-10-14T06:35:10.935Z] fatal: not a git repository (or any of the parent directories): .git
[2022-10-14T06:35:24.988Z] > git rev-parse --show-toplevel [5ms]
[2022-10-14T06:35:24.988Z] fatal: not a git repository (or any of the parent directories): .git
[2022-10-14T06:35:28.738Z] > git rev-parse --show-toplevel [3ms]
[2022-10-14T06:35:28.738Z] fatal: not a git repository (or any of the parent directories): .git
[2022-10-14T06:35:32.776Z] > git rev-parse --show-toplevel [5ms]
[2022-10-14T06:35:32.776Z] fatal: not a git repository (or any of the parent directories): .git
[2022-10-14T06:35:35.747Z] > git rev-parse --show-toplevel [5ms]
[2022-10-14T06:35:35.747Z] fatal: not a git repository (or any of the parent directories): .git
[2022-10-14T06:35:38.270Z] > git rev-parse --show-toplevel [19ms]
[2022-10-14T06:35:38.270Z] fatal: not a git repository (or any of the parent directories): .git
[2022-10-14T06:36:08.697Z] > git rev-parse --show-toplevel [4ms]
[2022-10-14T06:36:08.697Z] fatal: not a git repository (or any of the parent directories): .git
[2022-10-14T06:36:50.437Z] > git rev-parse --show-toplevel [4ms]
[2022-10-14T06:36:50.437Z] fatal: not a git repository (or any of the parent directories): .git
[2022-10-14T06:36:56.476Z] > git rev-parse --show-toplevel [9ms]
[2022-10-14T06:36:56.476Z] fatal: not a git repository (or any of the parent directories): .git
[2022-10-14T06:40:51.105Z] > git rev-parse --show-toplevel [18ms]
[2022-10-14T06:40:51.105Z] fatal: not a git repository (or any of the parent directories): .git
[2022-10-14T06:42:26.450Z] > git rev-parse --show-toplevel [6ms]
[2022-10-14T06:42:26.450Z] fatal: not a git repository (or any of the parent directories): .git
[2022-10-14T06:42:27.264Z] > git rev-parse --show-toplevel [5ms]
[2022-10-14T06:42:27.264Z] fatal: not a git repository (or any of the parent directories): .git
[2022-10-14T06:45:13.055Z] > git rev-parse --show-toplevel [20ms]
[2022-10-14T06:45:13.055Z] fatal: not a git repository (or any of the parent directories): .git
[2022-10-14T06:45:16.323Z] > git rev-parse --show-toplevel [13ms]
[2022-10-14T06:45:16.323Z] fatal: not a git repository (or any of the parent directories): .git
[2022-10-14T06:45:38.463Z] > git rev-parse --show-toplevel [19ms]
[2022-10-14T06:45:38.463Z] fatal: not a git repository (or any of the parent directories): .git
[2022-10-14T06:56:48.365Z] > git rev-parse --show-toplevel [6ms]
[2022-10-14T06:56:48.365Z] fatal: not a git repository (or any of the parent directories): .git
[2022-10-14T06:56:54.339Z] > git rev-parse --show-toplevel [4ms]
[2022-10-14T06:56:54.339Z] fatal: not a git repository (or any of the parent directories): .git
[2022-10-14T06:57:02.014Z] > git rev-parse --show-toplevel [4ms]
[2022-10-14T06:57:02.014Z] fatal: not a git repository (or any of the parent directories): .git
[2022-10-14T06:57:03.268Z] > git rev-parse --show-toplevel [3ms]
[2022-10-14T06:57:03.268Z] fatal: not a git repository (or any of the parent directories): .git
[2022-10-14T06:57:07.238Z] > git rev-parse --show-toplevel [7ms]
[2022-10-14T06:57:07.238Z] fatal: not a git repository (or any of the parent directories): .git
[2022-10-14T06:57:07.593Z] > git rev-parse --show-toplevel [6ms]
[2022-10-14T06:57:07.593Z] fatal: not a git repository (or any of the parent directories): .git
[2022-10-14T06:57:07.929Z] > git rev-parse --show-toplevel [30ms]
[2022-10-14T06:57:07.929Z] fatal: not a git repository (or any of the parent directories): .git
[2022-10-14T06:57:08.343Z] > git rev-parse --show-toplevel [8ms]
[2022-10-14T06:57:08.343Z] fatal: not a git repository (or any of the parent directories): .git
[2022-10-14T06:59:29.504Z] > git rev-parse --show-toplevel [17ms]
[2022-10-14T06:59:29.504Z] fatal: not a git repository (or any of the parent directories): .git
[2022-10-14T06:59:34.325Z] > git rev-parse --show-toplevel [8ms]
[2022-10-14T06:59:34.325Z] fatal: not a git repository (or any of the parent directories): .git
[2022-10-14T06:59:38.910Z] > git rev-parse --show-toplevel [6ms]
[2022-10-14T06:59:38.910Z] fatal: not a git repository (or any of the parent directories): .git
[2022-10-14T06:59:43.516Z] > git rev-parse --show-toplevel [17ms]
[2022-10-14T06:59:43.516Z] fatal: not a git repository (or any of the parent directories): .git
[2022-10-14T06:59:57.521Z] > git rev-parse --show-toplevel [3ms]
[2022-10-14T06:59:57.521Z] fatal: not a git repository (or any of the parent directories): .git
[2022-10-14T06:59:57.526Z] > git rev-parse --show-toplevel [2ms]
[2022-10-14T06:59:57.526Z] fatal: not a git repository (or any of the parent directories): .git
[2022-10-14T07:00:01.554Z] > git rev-parse --show-toplevel [1ms]
[2022-10-14T07:00:01.554Z] fatal: not a git repository (or any of the parent directories): .git
[2022-10-14T07:00:12.369Z] > git rev-parse --show-toplevel [4ms]
[2022-10-14T07:00:12.369Z] fatal: not a git repository (or any of the parent directories): .git
[2022-10-14T07:00:12.376Z] > git rev-parse --show-toplevel [3ms]
[2022-10-14T07:00:12.376Z] fatal: not a git repository (or any of the parent directories): .git
[2022-10-14T07:00:20.881Z] > git rev-parse --show-toplevel [21ms]
[2022-10-14T07:00:20.881Z] fatal: not a git repository (or any of the parent directories): .git
[2022-10-14T07:00:20.905Z] > git rev-parse --show-toplevel [12ms]
[2022-10-14T07:00:20.905Z] fatal: not a git repository (or any of the parent directories): .git
[2022-10-14T07:00:20.927Z] > git rev-parse --show-toplevel [4ms]
[2022-10-14T07:00:20.927Z] fatal: not a git repository (or any of the parent directories): .git
[2022-10-14T07:00:20.942Z] > git rev-parse --show-toplevel [1ms]
[2022-10-14T07:00:20.942Z] fatal: not a git repository (or any of the parent directories): .git
[2022-10-14T07:00:20.963Z] > git rev-parse --show-toplevel [10ms]
[2022-10-14T07:00:20.963Z] fatal: not a git repository (or any of the parent directories): .git
[2022-10-14T07:00:25.309Z] > git rev-parse --show-toplevel [6ms]
[2022-10-14T07:00:25.309Z] fatal: not a git repository (or any of the parent directories): .git
[2022-10-14T07:00:26.436Z] > git rev-parse --show-toplevel [12ms]
[2022-10-14T07:00:26.436Z] fatal: not a git repository (or any of the parent directories): .git
[2022-10-14T07:00:27.116Z] > git rev-parse --show-toplevel [23ms]
[2022-10-14T07:00:27.116Z] fatal: not a git repository (or any of the parent directories): .git
[2022-10-14T07:00:27.930Z] > git rev-parse --show-toplevel [12ms]
[2022-10-14T07:00:27.930Z] fatal: not a git repository (or any of the parent directories): .git
[2022-10-14T07:00:28.435Z] > git rev-parse --show-toplevel [5ms]
[2022-10-14T07:00:28.435Z] fatal: not a git repository (or any of the parent directories): .git
[2022-10-14T07:19:46.542Z] > git rev-parse --show-toplevel [9ms]
[2022-10-14T07:19:46.542Z] fatal: not a git repository (or any of the parent directories): .git
[2022-10-14T07:19:47.185Z] > git rev-parse --show-toplevel [5ms]
[2022-10-14T07:19:47.185Z] fatal: not a git repository (or any of the parent directories): .git
[2022-10-14T07:21:17.003Z] > git rev-parse --show-toplevel [10ms]
[2022-10-14T07:21:17.003Z] fatal: not a git repository (or any of the parent directories): .git
[2022-10-14T07:21:18.927Z] > git rev-parse --show-toplevel [6ms]
[2022-10-14T07:21:18.927Z] fatal: not a git repository (or any of the parent directories): .git
[2022-10-14T07:21:24.539Z] > git rev-parse --show-toplevel [4ms]
[2022-10-14T07:21:24.539Z] fatal: not a git repository (or any of the parent directories): .git
[2022-10-14T07:21:26.424Z] > git rev-parse --show-toplevel [5ms]
[2022-10-14T07:21:26.424Z] fatal: not a git repository (or any of the parent directories): .git
[2022-10-14T07:21:26.979Z] > git rev-parse --show-toplevel [5ms]
[2022-10-14T07:21:26.979Z] fatal: not a git repository (or any of the parent directories): .git
[2022-10-14T07:21:27.376Z] > git rev-parse --show-toplevel [10ms]
[2022-10-14T07:21:27.376Z] fatal: not a git repository (or any of the parent directories): .git
[2022-10-14T07:21:28.359Z] > git rev-parse --show-toplevel [6ms]
[2022-10-14T07:21:28.359Z] fatal: not a git repository (or any of the parent directories): .git
[2022-10-14T07:21:28.864Z] > git rev-parse --show-toplevel [10ms]
[2022-10-14T07:21:28.864Z] fatal: not a git repository (or any of the parent directories): .git
[2022-10-14T07:21:28.988Z] > git rev-parse --show-toplevel [10ms]
[2022-10-14T07:21:28.988Z] fatal: not a git repository (or any of the parent directories): .git
[2022-10-14T07:21:29.117Z] > git rev-parse --show-toplevel [4ms]
[2022-10-14T07:21:29.117Z] fatal: not a git repository (or any of the parent directories): .git
[2022-10-14T07:21:29.233Z] > git rev-parse --show-toplevel [5ms]
[2022-10-14T07:21:29.233Z] fatal: not a git repository (or any of the parent directories): .git
[2022-10-14T07:21:29.763Z] > git rev-parse --show-toplevel [8ms]
[2022-10-14T07:21:29.763Z] fatal: not a git repository (or any of the parent directories): .git
[2022-10-14T07:21:32.105Z] > git rev-parse --show-toplevel [15ms]
[2022-10-14T07:21:32.105Z] fatal: not a git repository (or any of the parent directories): .git
[2022-10-14T07:21:40.593Z] > git rev-parse --show-toplevel [5ms]
[2022-10-14T07:21:40.593Z] fatal: not a git repository (or any of the parent directories): .git
[2022-10-14T07:21:41.435Z] > git rev-parse --show-toplevel [4ms]
[2022-10-14T07:21:41.436Z] fatal: not a git repository (or any of the parent directories): .git
[2022-10-14T07:23:25.882Z] > git rev-parse --show-toplevel [5ms]
[2022-10-14T07:23:25.882Z] fatal: not a git repository (or any of the parent directories): .git
[2022-10-14T07:23:57.538Z] > git rev-parse --show-toplevel [7ms]
[2022-10-14T07:23:57.538Z] fatal: not a git repository (or any of the parent directories): .git
[2022-10-14T07:28:53.091Z] > git rev-parse --show-toplevel [6ms]
[2022-10-14T07:28:53.091Z] fatal: not a git repository (or any of the parent directories): .git
[2022-10-14T07:30:34.106Z] > git rev-parse --show-toplevel [12ms]
[2022-10-14T07:30:34.106Z] fatal: not a git repository (or any of the parent directories): .git
[2022-10-14T07:30:37.230Z] > git rev-parse --show-toplevel [6ms]
[2022-10-14T07:30:37.230Z] fatal: not a git repository (or any of the parent directories): .git
[2022-10-14T07:30:37.626Z] > git rev-parse --show-toplevel [4ms]
[2022-10-14T07:30:37.626Z] fatal: not a git repository (or any of the parent directories): .git
[2022-10-14T07:30:38.043Z] > git rev-parse --show-toplevel [6ms]
[2022-10-14T07:30:38.043Z] fatal: not a git repository (or any of the parent directories): .git
[2022-10-14T07:30:38.571Z] > git rev-parse --show-toplevel [9ms]
[2022-10-14T07:30:38.571Z] fatal: not a git repository (or any of the parent directories): .git
[2022-10-14T07:30:39.234Z] > git rev-parse --show-toplevel [17ms]
[2022-10-14T07:30:39.234Z] fatal: not a git repository (or any of the parent directories): .git
[2022-10-14T07:30:41.400Z] > git rev-parse --show-toplevel [15ms]
[2022-10-14T07:30:41.400Z] fatal: not a git repository (or any of the parent directories): .git
[2022-10-14T07:30:41.864Z] > git rev-parse --show-toplevel [10ms]
[2022-10-14T07:30:41.864Z] fatal: not a git repository (or any of the parent directories): .git
