Logging level: Normal
Dropping various extension output files at /home/zudarr/.vscode-server/data/User/workspaceStorage/0eb2957798c583f017db09a32490de79/ms-vscode.makefile-tools
Configurations cached at /home/zudarr/.vscode-server/data/User/workspaceStorage/0eb2957798c583f017db09a32490de79/ms-vscode.makefile-tools/configurationCache.log
No path to the makefile is defined in the settings file.
No folder path to the makefile is defined in the settings file.
Always pre-configure: false
Dry-run switches: --always-make,--keep-going,--print-directory
Additional compiler names: 
Exclude compiler names: 
No current configuration is defined in the workspace state. Assuming 'Default'.
No target defined in the workspace state. Assuming 'Default'.
No current launch configuration is set in the workspace state.
Default launch configuration: MIMode = undefined,
                    miDebuggerPath = undefined,
                    stopAtEntry = undefined,
                    symbolSearchPath = undefined
Configure on open: true
Configure on edit: true
Configure after command: true
Only .PHONY targets: false
Save before build or configure: true
Build before launch: true
Clear output before build: true
Ignore directory commands: true
compile_commands.json path: null
Deduced command 'make ' for configuration "Default"
The makefile entry point was not found. Make sure it exists at the location defined by makefile.makefilePath, makefile.configurations[].makefilePath, makefile.makeDirectory, makefile.configurations[].makeDirectoryor in the root of the workspace.
Saving opened files before build.
Configuring from cache: /home/zudarr/.vscode-server/data/User/workspaceStorage/0eb2957798c583f017db09a32490de79/ms-vscode.makefile-tools/configurationCache.log
Load configuration from cache elapsed time: 0.047
Configuration for file /home/zudarr/nachos/NachOS-4.0/code/userprog/exception.cc was not found. Searching in the current configure temporary file index.
Configuration for file /home/zudarr/nachos/NachOS-4.0/code/userprog/exception.cc was not found. CppTools will set a default configuration.
Generating in the background a new configuration cache with command: 'make --dry-run --always-make --keep-going --print-directory'
Writing the dry-run output: /home/zudarr/.vscode-server/data/User/workspaceStorage/0eb2957798c583f017db09a32490de79/ms-vscode.makefile-tools/dryrun.log
Generating dry-run elapsed time: 0.042
The make dry-run command failed.
IntelliSense may work only partially or not at all.
make: *** No targets specified and no makefile found.  Stop.


You can see the detailed dry-run output at /home/zudarr/.vscode-server/data/User/workspaceStorage/0eb2957798c583f017db09a32490de79/ms-vscode.makefile-tools/dryrun.log
Make sure that the extension is invoking the same make command as in your development prompt environment.
You may need to define or tweak a custom makefile configuration in settings via 'makefile.configurations' like described here: [link]
Also make sure your code base does not have any known issues with the dry-run switches used by this extension (makefile.dryrunSwitches).
If you are not able to fix the dry-run, open a GitHub issue in Makefile Tools repo: https://github.com/microsoft/vscode-makefile-tools/issues
Preprocessing: "/home/zudarr/.vscode-server/data/User/workspaceStorage/0eb2957798c583f017db09a32490de79/ms-vscode.makefile-tools/dryrun.log"
Preprocess elapsed time: 0
Parsing for IntelliSense.
Updating the CppTools IntelliSense Configuration Provider.
Parsing dry-run output for CppTools Custom Configuration Provider.
Parsing for IntelliSense elapsed time: 0.012
Parsing for launch targets.
No launch configurations have been detected.
Complete list of launch targets: 
Parsing for launch targets elapsed time: 0.009
Generating parse content for build targets.
Generating targets information with command: 'make all --print-data-base --no-builtin-variables --no-builtin-rules --question'
Writing the dry-run output: /home/zudarr/.vscode-server/data/User/workspaceStorage/0eb2957798c583f017db09a32490de79/ms-vscode.makefile-tools/targets.log
Configuration for file /home/zudarr/nachos/NachOS-4.0/code/userprog/exception.cc was not found. Searching in the current configure temporary file index.
Configuration for file /home/zudarr/nachos/NachOS-4.0/code/userprog/exception.cc was not found. CppTools will set a default configuration.
Generating dry-run elapsed time: 0.021
Parsing for build targets from: "/home/zudarr/.vscode-server/data/User/workspaceStorage/0eb2957798c583f017db09a32490de79/ms-vscode.makefile-tools/targets.log"
No build targets have been detected.
Complete list of build targets: 
Parsing build targets elapsed time: 0.01
Configure finished. The status for all the subphases that ran:
loadFromCache: return code = 0, elapsed time = 0.047
generateParseContent: return code = 2, elapsed time = 0.042
preprocessParseContent: return code = 0, elapsed time = 0
parseIntelliSense: return code = 0, elapsed time = 0.012
parseLaunch: return code = 0, elapsed time = 0.009
dryrunTargets: return code = 2, elapsed time = 0.021
parseTargets: return code = 0, elapsed time = 0.01
Configure succeeded.
Configure elapsed time: 0.162
Configuration for file /home/zudarr/nachos/NachOS-4.0/code/machine/console.cc was not found. CppTools will set a default configuration.
Configuration for file /home/zudarr/nachos/NachOS-4.0/code/userprog/synchconsole.h was not found. CppTools will set a default configuration.
Configuration for file /home/zudarr/nachos/NachOS-4.0/code/userprog/synchconsole.cc was not found. CppTools will set a default configuration.
Configuration for file /home/zudarr/nachos/NachOS-4.0/code/userprog/addrspace.cc was not found. CppTools will set a default configuration.
Configuration for file /home/zudarr/nachos/NachOS-4.0/code/threads/main.cc was not found. CppTools will set a default configuration.
Configuration for file /home/zudarr/nachos/NachOS-4.0/code/userprog/exception.cc was not found. CppTools will set a default configuration.
Configuration for file /home/zudarr/nachos/NachOS-4.0/code/userprog/ksyscall.h was not found. CppTools will set a default configuration.
Configuration for file /home/zudarr/nachos/NachOS-4.0/code/threads/kernel.cc was not found. CppTools will set a default configuration.
Configuring after settings or makefile changes...
Saving opened files before build.
Generating configuration cache with command: 'make --dry-run --keep-going --print-directory'
Writing the dry-run output: /home/zudarr/.vscode-server/data/User/workspaceStorage/0eb2957798c583f017db09a32490de79/ms-vscode.makefile-tools/dryrun.log
Generating dry-run elapsed time: 0.031
The make dry-run command failed.
IntelliSense may work only partially or not at all.
make: *** No targets specified and no makefile found.  Stop.


You can see the detailed dry-run output at /home/zudarr/.vscode-server/data/User/workspaceStorage/0eb2957798c583f017db09a32490de79/ms-vscode.makefile-tools/dryrun.log
Make sure that the extension is invoking the same make command as in your development prompt environment.
You may need to define or tweak a custom makefile configuration in settings via 'makefile.configurations' like described here: [link]
Also make sure your code base does not have any known issues with the dry-run switches used by this extension (makefile.dryrunSwitches).
If you are not able to fix the dry-run, open a GitHub issue in Makefile Tools repo: https://github.com/microsoft/vscode-makefile-tools/issues
Preprocessing: "/home/zudarr/.vscode-server/data/User/workspaceStorage/0eb2957798c583f017db09a32490de79/ms-vscode.makefile-tools/dryrun.log"
Preprocess elapsed time: 0
Parsing for IntelliSense.
Updating the CppTools IntelliSense Configuration Provider.
Parsing dry-run output for CppTools Custom Configuration Provider.
Parsing for IntelliSense elapsed time: 0.004
Parsing for launch targets.
No new new launch configurations have been detected.
Complete list of launch targets: 
Parsing for launch targets elapsed time: 0.003
Generating parse content for build targets.
Generating targets information with command: 'make all --print-data-base --no-builtin-variables --no-builtin-rules --question'
Writing the dry-run output: /home/zudarr/.vscode-server/data/User/workspaceStorage/0eb2957798c583f017db09a32490de79/ms-vscode.makefile-tools/targets.log
Configuration for file /home/zudarr/nachos/NachOS-4.0/code/userprog/exception.cc was not found. Searching in the current configure temporary file index.
Configuration for file /home/zudarr/nachos/NachOS-4.0/code/userprog/exception.cc was not found. CppTools will set a default configuration.
Generating dry-run elapsed time: 0.041
Parsing for build targets from: "/home/zudarr/.vscode-server/data/User/workspaceStorage/0eb2957798c583f017db09a32490de79/ms-vscode.makefile-tools/targets.log"
No new build targets have been detected.
Complete list of build targets: 
Parsing build targets elapsed time: 0.002
Configure finished. The status for all the subphases that ran:
generateParseContent: return code = 2, elapsed time = 0.031
preprocessParseContent: return code = 0, elapsed time = 0
parseIntelliSense: return code = 0, elapsed time = 0.004
parseLaunch: return code = 0, elapsed time = 0.003
dryrunTargets: return code = 2, elapsed time = 0.041
parseTargets: return code = 0, elapsed time = 0.002
Configure succeeded.
Configure elapsed time: 0.09
Configuration for file /home/zudarr/nachos/NachOS-4.0/code/userprog/synchconsole.cc was not found. CppTools will set a default configuration.
Configuration for file /home/zudarr/nachos/NachOS-4.0/code/userprog/exception.cc was not found. CppTools will set a default configuration.
Configuration for file /home/zudarr/nachos/NachOS-4.0/code/userprog/synchconsole.h was not found. CppTools will set a default configuration.
Configuration for file /home/zudarr/nachos/NachOS-4.0/code/userprog/synchconsole.cc was not found. CppTools will set a default configuration.
Configuration for file /home/zudarr/nachos/NachOS-4.0/code/userprog/exception.cc was not found. CppTools will set a default configuration.
Configuration for file /home/zudarr/nachos/NachOS-4.0/code/userprog/ksyscall.h was not found. CppTools will set a default configuration.
Configuration for file /home/zudarr/nachos/NachOS-4.0/code/test/add.c was not found. CppTools will set a default configuration.
Configuration for file /home/zudarr/nachos/NachOS-4.0/code/test/num_io.c was not found. CppTools will set a default configuration.
Configuring after settings or makefile changes...
Saving opened files before build.
Generating configuration cache with command: 'make --dry-run --keep-going --print-directory'
Writing the dry-run output: /home/zudarr/.vscode-server/data/User/workspaceStorage/0eb2957798c583f017db09a32490de79/ms-vscode.makefile-tools/dryrun.log
Generating dry-run elapsed time: 0.03
The make dry-run command failed.
IntelliSense may work only partially or not at all.
make: *** No targets specified and no makefile found.  Stop.


You can see the detailed dry-run output at /home/zudarr/.vscode-server/data/User/workspaceStorage/0eb2957798c583f017db09a32490de79/ms-vscode.makefile-tools/dryrun.log
Make sure that the extension is invoking the same make command as in your development prompt environment.
You may need to define or tweak a custom makefile configuration in settings via 'makefile.configurations' like described here: [link]
Also make sure your code base does not have any known issues with the dry-run switches used by this extension (makefile.dryrunSwitches).
If you are not able to fix the dry-run, open a GitHub issue in Makefile Tools repo: https://github.com/microsoft/vscode-makefile-tools/issues
Preprocessing: "/home/zudarr/.vscode-server/data/User/workspaceStorage/0eb2957798c583f017db09a32490de79/ms-vscode.makefile-tools/dryrun.log"
Preprocess elapsed time: 0
Parsing for IntelliSense.
Updating the CppTools IntelliSense Configuration Provider.
Parsing dry-run output for CppTools Custom Configuration Provider.
Parsing for IntelliSense elapsed time: 0.005
Parsing for launch targets.
No new new launch configurations have been detected.
Complete list of launch targets: 
Parsing for launch targets elapsed time: 0.003
Generating parse content for build targets.
Generating targets information with command: 'make all --print-data-base --no-builtin-variables --no-builtin-rules --question'
Writing the dry-run output: /home/zudarr/.vscode-server/data/User/workspaceStorage/0eb2957798c583f017db09a32490de79/ms-vscode.makefile-tools/targets.log
Configuration for file /home/zudarr/nachos/NachOS-4.0/code/userprog/exception.cc was not found. Searching in the current configure temporary file index.
Configuration for file /home/zudarr/nachos/NachOS-4.0/code/userprog/exception.cc was not found. CppTools will set a default configuration.
Generating dry-run elapsed time: 0.031
Parsing for build targets from: "/home/zudarr/.vscode-server/data/User/workspaceStorage/0eb2957798c583f017db09a32490de79/ms-vscode.makefile-tools/targets.log"
No new build targets have been detected.
Complete list of build targets: 
Parsing build targets elapsed time: 0.001
Configure finished. The status for all the subphases that ran:
generateParseContent: return code = 2, elapsed time = 0.03
preprocessParseContent: return code = 0, elapsed time = 0
parseIntelliSense: return code = 0, elapsed time = 0.005
parseLaunch: return code = 0, elapsed time = 0.003
dryrunTargets: return code = 2, elapsed time = 0.031
parseTargets: return code = 0, elapsed time = 0.001
Configure succeeded.
Configure elapsed time: 0.074
Configuration for file /home/zudarr/nachos/NachOS-4.0/code/userprog/synchconsole.cc was not found. CppTools will set a default configuration.
Configuration for file /home/zudarr/nachos/NachOS-4.0/code/userprog/exception.cc was not found. CppTools will set a default configuration.
Configuration for file /home/zudarr/nachos/NachOS-4.0/code/userprog/synchconsole.h was not found. CppTools will set a default configuration.
Configuration for file /home/zudarr/nachos/NachOS-4.0/code/userprog/synchconsole.cc was not found. CppTools will set a default configuration.
Configuration for file /home/zudarr/nachos/NachOS-4.0/code/userprog/exception.cc was not found. CppTools will set a default configuration.
Configuration for file /home/zudarr/nachos/NachOS-4.0/code/userprog/syscall.h was not found. CppTools will set a default configuration.
Configuration for file /home/zudarr/nachos/NachOS-4.0/code/test/add.c was not found. CppTools will set a default configuration.
Configuration for file /home/zudarr/nachos/NachOS-4.0/code/test/num_io.c was not found. CppTools will set a default configuration.
Configuration for file /home/zudarr/nachos/NachOS-4.0/code/test/char_io was not found. CppTools will set a default configuration.
Configuring after settings or makefile changes...
Saving opened files before build.
Generating configuration cache with command: 'make --dry-run --keep-going --print-directory'
Writing the dry-run output: /home/zudarr/.vscode-server/data/User/workspaceStorage/0eb2957798c583f017db09a32490de79/ms-vscode.makefile-tools/dryrun.log
Generating dry-run elapsed time: 0.023
The make dry-run command failed.
IntelliSense may work only partially or not at all.
make: *** No targets specified and no makefile found.  Stop.


You can see the detailed dry-run output at /home/zudarr/.vscode-server/data/User/workspaceStorage/0eb2957798c583f017db09a32490de79/ms-vscode.makefile-tools/dryrun.log
Make sure that the extension is invoking the same make command as in your development prompt environment.
You may need to define or tweak a custom makefile configuration in settings via 'makefile.configurations' like described here: [link]
Also make sure your code base does not have any known issues with the dry-run switches used by this extension (makefile.dryrunSwitches).
If you are not able to fix the dry-run, open a GitHub issue in Makefile Tools repo: https://github.com/microsoft/vscode-makefile-tools/issues
Preprocessing: "/home/zudarr/.vscode-server/data/User/workspaceStorage/0eb2957798c583f017db09a32490de79/ms-vscode.makefile-tools/dryrun.log"
Preprocess elapsed time: 0
Parsing for IntelliSense.
Updating the CppTools IntelliSense Configuration Provider.
Parsing dry-run output for CppTools Custom Configuration Provider.
Parsing for IntelliSense elapsed time: 0.003
Parsing for launch targets.
No new new launch configurations have been detected.
Complete list of launch targets: 
Parsing for launch targets elapsed time: 0.003
Generating parse content for build targets.
Generating targets information with command: 'make all --print-data-base --no-builtin-variables --no-builtin-rules --question'
Writing the dry-run output: /home/zudarr/.vscode-server/data/User/workspaceStorage/0eb2957798c583f017db09a32490de79/ms-vscode.makefile-tools/targets.log
Configuration for file /home/zudarr/nachos/NachOS-4.0/code/userprog/exception.cc was not found. Searching in the current configure temporary file index.
Configuration for file /home/zudarr/nachos/NachOS-4.0/code/userprog/exception.cc was not found. CppTools will set a default configuration.
Generating dry-run elapsed time: 0.028
Parsing for build targets from: "/home/zudarr/.vscode-server/data/User/workspaceStorage/0eb2957798c583f017db09a32490de79/ms-vscode.makefile-tools/targets.log"
No new build targets have been detected.
Complete list of build targets: 
Parsing build targets elapsed time: 0
Configure finished. The status for all the subphases that ran:
generateParseContent: return code = 2, elapsed time = 0.023
preprocessParseContent: return code = 0, elapsed time = 0
parseIntelliSense: return code = 0, elapsed time = 0.003
parseLaunch: return code = 0, elapsed time = 0.003
dryrunTargets: return code = 2, elapsed time = 0.028
parseTargets: return code = 0, elapsed time = 0
Configure succeeded.
Configure elapsed time: 0.062
Configuration for file /home/zudarr/nachos/NachOS-4.0/code/userprog/synchconsole.cc was not found. CppTools will set a default configuration.
Configuration for file /home/zudarr/nachos/NachOS-4.0/code/userprog/exception.cc was not found. CppTools will set a default configuration.
Configuration for file /home/zudarr/nachos/NachOS-4.0/code/userprog/synchconsole.h was not found. CppTools will set a default configuration.
Configuration for file /home/zudarr/nachos/NachOS-4.0/code/userprog/synchconsole.cc was not found. CppTools will set a default configuration.
Configuration for file /home/zudarr/nachos/NachOS-4.0/code/userprog/exception.cc was not found. CppTools will set a default configuration.
Configuration for file /home/zudarr/nachos/NachOS-4.0/code/userprog/syscall.h was not found. CppTools will set a default configuration.
Configuration for file /home/zudarr/nachos/NachOS-4.0/code/test/add.c was not found. CppTools will set a default configuration.
Configuration for file /home/zudarr/nachos/NachOS-4.0/code/test/num_io.c was not found. CppTools will set a default configuration.
Configuration for file /home/zudarr/nachos/NachOS-4.0/code/test/char_io was not found. CppTools will set a default configuration.
Configuration for file /home/zudarr/nachos/NachOS-4.0/code/test/char_io.c was not found. CppTools will set a default configuration.
Configuring after settings or makefile changes...
Saving opened files before build.
Generating configuration cache with command: 'make --dry-run --keep-going --print-directory'
Writing the dry-run output: /home/zudarr/.vscode-server/data/User/workspaceStorage/0eb2957798c583f017db09a32490de79/ms-vscode.makefile-tools/dryrun.log
Generating dry-run elapsed time: 0.017
The make dry-run command failed.
IntelliSense may work only partially or not at all.
make: *** No targets specified and no makefile found.  Stop.


You can see the detailed dry-run output at /home/zudarr/.vscode-server/data/User/workspaceStorage/0eb2957798c583f017db09a32490de79/ms-vscode.makefile-tools/dryrun.log
Make sure that the extension is invoking the same make command as in your development prompt environment.
You may need to define or tweak a custom makefile configuration in settings via 'makefile.configurations' like described here: [link]
Also make sure your code base does not have any known issues with the dry-run switches used by this extension (makefile.dryrunSwitches).
If you are not able to fix the dry-run, open a GitHub issue in Makefile Tools repo: https://github.com/microsoft/vscode-makefile-tools/issues
Preprocessing: "/home/zudarr/.vscode-server/data/User/workspaceStorage/0eb2957798c583f017db09a32490de79/ms-vscode.makefile-tools/dryrun.log"
Preprocess elapsed time: 0
Parsing for IntelliSense.
Updating the CppTools IntelliSense Configuration Provider.
Parsing dry-run output for CppTools Custom Configuration Provider.
Parsing for IntelliSense elapsed time: 0.002
Parsing for launch targets.
No new new launch configurations have been detected.
Complete list of launch targets: 
Parsing for launch targets elapsed time: 0.002
Generating parse content for build targets.
Generating targets information with command: 'make all --print-data-base --no-builtin-variables --no-builtin-rules --question'
Writing the dry-run output: /home/zudarr/.vscode-server/data/User/workspaceStorage/0eb2957798c583f017db09a32490de79/ms-vscode.makefile-tools/targets.log
Configuration for file /home/zudarr/nachos/NachOS-4.0/code/userprog/exception.cc was not found. Searching in the current configure temporary file index.
Configuration for file /home/zudarr/nachos/NachOS-4.0/code/userprog/exception.cc was not found. CppTools will set a default configuration.
Configuration for file /home/zudarr/nachos/NachOS-4.0/code/userprog/synchconsole.cc was not found. Searching in the current configure temporary file index.
Configuration for file /home/zudarr/nachos/NachOS-4.0/code/userprog/synchconsole.cc was not found. CppTools will set a default configuration.
Configuration for file /home/zudarr/nachos/NachOS-4.0/code/userprog/exception.cc was not found. Searching in the current configure temporary file index.
Configuration for file /home/zudarr/nachos/NachOS-4.0/code/userprog/exception.cc was not found. CppTools will set a default configuration.
Configuration for file /home/zudarr/nachos/NachOS-4.0/code/userprog/synchconsole.h was not found. Searching in the current configure temporary file index.
Configuration for file /home/zudarr/nachos/NachOS-4.0/code/userprog/synchconsole.h was not found. CppTools will set a default configuration.
Configuration for file /home/zudarr/nachos/NachOS-4.0/code/userprog/synchconsole.cc was not found. Searching in the current configure temporary file index.
Configuration for file /home/zudarr/nachos/NachOS-4.0/code/userprog/synchconsole.cc was not found. CppTools will set a default configuration.
Generating dry-run elapsed time: 0.021
Parsing for build targets from: "/home/zudarr/.vscode-server/data/User/workspaceStorage/0eb2957798c583f017db09a32490de79/ms-vscode.makefile-tools/targets.log"
No new build targets have been detected.
Complete list of build targets: 
Parsing build targets elapsed time: 0.002
Configure finished. The status for all the subphases that ran:
generateParseContent: return code = 2, elapsed time = 0.017
preprocessParseContent: return code = 0, elapsed time = 0
parseIntelliSense: return code = 0, elapsed time = 0.002
parseLaunch: return code = 0, elapsed time = 0.002
dryrunTargets: return code = 2, elapsed time = 0.021
parseTargets: return code = 0, elapsed time = 0.002
Configure succeeded.
Configure elapsed time: 0.057
Configuration for file /home/zudarr/nachos/NachOS-4.0/code/userprog/exception.cc was not found. CppTools will set a default configuration.
Configuration for file /home/zudarr/nachos/NachOS-4.0/code/userprog/syscall.h was not found. CppTools will set a default configuration.
Configuration for file /home/zudarr/nachos/NachOS-4.0/code/test/char_io.c was not found. CppTools will set a default configuration.
Configuration for file /home/zudarr/nachos/NachOS-4.0/code/filesys/openfile.cc was not found. CppTools will set a default configuration.
Configuration for file /home/zudarr/nachos/NachOS-4.0/code/userprog/exception.cc was not found. CppTools will set a default configuration.
Configuration for file /home/zudarr/nachos/NachOS-4.0/code/userprog/ksyscall.h was not found. CppTools will set a default configuration.
Configuration for file /home/zudarr/nachos/NachOS-4.0/code/filesys/openfile.cc was not found. CppTools will set a default configuration.
Configuration for file /home/zudarr/nachos/NachOS-4.0/code/userprog/exception.cc was not found. CppTools will set a default configuration.
Configuration for file /home/zudarr/nachos/NachOS-4.0/code/userprog/synchconsole.cc was not found. CppTools will set a default configuration.
Configuration for file /home/zudarr/nachos/NachOS-4.0/code/machine/interrupt.h was not found. CppTools will set a default configuration.
Configuration for file /home/zudarr/nachos/NachOS-4.0/code/machine/interrupt.cc was not found. CppTools will set a default configuration.
Configuration for file /home/zudarr/nachos/NachOS-4.0/code/test/add.c was not found. CppTools will set a default configuration.
Configuration for file /home/zudarr/nachos/NachOS-4.0/code/test/add.c was not found. CppTools will set a default configuration.
Configuration for file /home/zudarr/nachos/NachOS-4.0/code/machine/interrupt.cc was not found. CppTools will set a default configuration.
Configuration for file /home/zudarr/nachos/NachOS-4.0/code/machine/interrupt.cc was not found. CppTools will set a default configuration.
Configuration for file /usr/include/syscall.h was not found. CppTools will set a default configuration.
Configuration for file /usr/include/x86_64-linux-gnu/sys/syscall.h was not found. CppTools will set a default configuration.
Configuration for file /home/zudarr/nachos/NachOS-4.0/code/userprog/syscall.h was not found. CppTools will set a default configuration.
Configuration for file /home/zudarr/nachos/NachOS-4.0/code/test/halt.c was not found. CppTools will set a default configuration.
Configuration for file /home/zudarr/nachos/NachOS-4.0/code/machine/machine.cc was not found. CppTools will set a default configuration.
Configuration for file /home/zudarr/nachos/NachOS-4.0/code/machine/interrupt.cc was not found. CppTools will set a default configuration.
Configuration for file /home/zudarr/nachos/NachOS-4.0/code/machine/mipssim.cc was not found. CppTools will set a default configuration.
Configuration for file /home/zudarr/nachos/NachOS-4.0/code/userprog/exception.cc was not found. CppTools will set a default configuration.
Configuration for file /home/zudarr/nachos/NachOS-4.0/code/threads/main.cc was not found. CppTools will set a default configuration.
Configuration for file /home/zudarr/nachos/NachOS-4.0/code/machine/machine.cc was not found. CppTools will set a default configuration.
Configuration for file /home/zudarr/nachos/NachOS-4.0/code/machine/machine.cc was not found. CppTools will set a default configuration.
Configuration for file /home/zudarr/nachos/NachOS-4.0/code/test/add.c was not found. CppTools will set a default configuration.
Configuration for file /home/zudarr/nachos/NachOS-4.0/code/machine/interrupt.cc was not found. CppTools will set a default configuration.
Configuration for file /home/zudarr/nachos/NachOS-4.0/code/machine/interrupt.cc was not found. CppTools will set a default configuration.
Configuration for file /home/zudarr/nachos/NachOS-4.0/code/machine/machine.cc was not found. CppTools will set a default configuration.
