2022-11-10 16:19:06.698 [info] Validating found git in: git
2022-11-10 16:19:06.698 [info] Using git 2.17.1 from git
2022-11-10 16:19:06.702 [info] > git rev-parse --show-toplevel [79ms]
2022-11-10 16:19:06.702 [info] > git rev-parse --git-dir --git-common-dir [57ms]
2022-11-10 16:19:06.702 [info] Log level: Info
2022-11-10 16:19:06.702 [info] Open repository: /home/zudarr
2022-11-10 16:19:06.702 [info] > git rev-parse --show-toplevel [65ms]
2022-11-10 16:19:06.702 [info] > git remote --verbose [108ms]
2022-11-10 16:19:06.702 [info] > git for-each-ref --sort -committerdate --format %(refname) %(objectname) %(*objectname) [133ms]
2022-11-10 16:19:06.702 [info] > git fetch [150ms]
2022-11-10 16:19:06.702 [info] > git status -z -uall [169ms] (cancelled)
2022-11-10 16:19:06.702 [info] > git status -z -uall [69ms] (cancelled)
2022-11-10 16:19:06.702 [info] > git remote --verbose [52ms]
2022-11-10 16:19:06.702 [info] > git for-each-ref --sort -committerdate --format %(refname) %(objectname) %(*objectname) [57ms]
2022-11-10 16:19:06.702 [info] > git remote --verbose [76ms]
2022-11-10 16:19:06.702 [info] > git for-each-ref --sort -committerdate --format %(refname) %(objectname) %(*objectname) [85ms]
2022-11-10 16:19:06.702 [info] > git rev-parse --show-toplevel [102ms]
2022-11-10 16:19:06.702 [info] > git config --get commit.template [141ms]
2022-11-10 16:19:06.702 [info] > git rev-parse --show-toplevel [45ms]
2022-11-10 16:19:06.702 [info] > git config --get commit.template [109ms]
2022-11-10 16:19:06.702 [info] > git config --get commit.template [47ms]
2022-11-10 16:19:06.702 [info] > git for-each-ref --format=%(refname)%00%(upstream:short)%00%(objectname)%00%(upstream:track)%00%(upstream:remotename)%00%(upstream:remoteref) refs/heads/main refs/remotes/main [36ms]
2022-11-10 16:19:06.702 [info] > git rev-parse --show-toplevel [51ms]
2022-11-10 16:19:06.702 [info] > git rev-parse --show-toplevel [9ms]
2022-11-10 16:19:06.703 [info] > git for-each-ref --format=%(refname)%00%(upstream:short)%00%(objectname)%00%(upstream:track)%00%(upstream:remotename)%00%(upstream:remoteref) refs/heads/main refs/remotes/main [40ms]
2022-11-10 16:19:06.703 [info] > git for-each-ref --format=%(refname)%00%(upstream:short)%00%(objectname)%00%(upstream:track)%00%(upstream:remotename)%00%(upstream:remoteref) refs/heads/main refs/remotes/main [49ms]
2022-11-10 16:19:06.703 [info] > git rev-parse --show-toplevel [231ms]
2022-11-10 16:19:06.703 [info] > git rev-parse --show-toplevel [13ms]
2022-11-10 16:19:06.703 [info] > git rev-parse --show-toplevel [27ms]
2022-11-10 16:19:06.703 [info] > git rev-parse --show-toplevel [11ms]
2022-11-10 16:19:06.703 [info] > git rev-parse --show-toplevel [9ms]
2022-11-10 16:19:06.703 [info] > git rev-parse --show-toplevel [11ms]
2022-11-10 16:19:06.703 [info] > git rev-parse --show-toplevel [154ms]
2022-11-10 16:19:06.743 [info] > git show --textconv :nachos/NachOS-4.0/code/userprog/exception.cc [21ms]
2022-11-10 16:19:06.762 [info] > git ls-files --stage -- /home/zudarr/nachos/NachOS-4.0/code/userprog/exception.cc [24ms]
2022-11-10 16:19:06.783 [info] > git cat-file -s 10c45e02b199648f59ed108a0e42b5bdc8037eeb [8ms]
2022-11-10 16:19:07.057 [info] > git check-ignore -v -z --stdin [93ms]
2022-11-10 16:19:08.020 [info] > git status -z -uall [2868ms]
2022-11-10 16:19:13.225 [info] > git remote --verbose [17ms]
2022-11-10 16:19:13.225 [info] > git for-each-ref --sort -committerdate --format %(refname) %(objectname) %(*objectname) [24ms]
2022-11-10 16:19:13.264 [info] > git for-each-ref --format=%(refname)%00%(upstream:short)%00%(objectname)%00%(upstream:track)%00%(upstream:remotename)%00%(upstream:remoteref) refs/heads/main refs/remotes/main [1ms]
2022-11-10 16:19:13.265 [info] > git config --get commit.template [41ms]
2022-11-10 16:19:14.334 [info] > git status -z -uall [1121ms]
2022-11-10 16:19:19.451 [info] > git remote --verbose [8ms]
2022-11-10 16:19:19.451 [info] > git for-each-ref --sort -committerdate --format %(refname) %(objectname) %(*objectname) [15ms]
2022-11-10 16:19:19.494 [info] > git config --get commit.template [13ms]
2022-11-10 16:19:19.500 [info] > git for-each-ref --format=%(refname)%00%(upstream:short)%00%(objectname)%00%(upstream:track)%00%(upstream:remotename)%00%(upstream:remoteref) refs/heads/main refs/remotes/main [7ms]
2022-11-10 16:19:20.542 [info] > git status -z -uall [1093ms]
2022-11-10 16:19:25.678 [info] > git remote --verbose [7ms]
2022-11-10 16:19:25.678 [info] > git for-each-ref --sort -committerdate --format %(refname) %(objectname) %(*objectname) [14ms]
2022-11-10 16:19:25.721 [info] > git config --get commit.template [34ms]
2022-11-10 16:19:25.726 [info] > git for-each-ref --format=%(refname)%00%(upstream:short)%00%(objectname)%00%(upstream:track)%00%(upstream:remotename)%00%(upstream:remoteref) refs/heads/main refs/remotes/main [6ms]
2022-11-10 16:19:26.822 [info] > git status -z -uall [1146ms]
2022-11-10 16:19:32.040 [info] > git remote --verbose [7ms]
2022-11-10 16:19:32.040 [info] > git for-each-ref --sort -committerdate --format %(refname) %(objectname) %(*objectname) [14ms]
2022-11-10 16:19:32.082 [info] > git config --get commit.template [9ms]
2022-11-10 16:19:32.087 [info] > git for-each-ref --format=%(refname)%00%(upstream:short)%00%(objectname)%00%(upstream:track)%00%(upstream:remotename)%00%(upstream:remoteref) refs/heads/main refs/remotes/main [7ms]
2022-11-10 16:19:33.129 [info] > git status -z -uall [1091ms]
2022-11-10 16:19:35.016 [info] > git ls-files --stage -- /home/zudarr/nachos/NachOS-4.0/code/userprog/exception.cc [5ms]
2022-11-10 16:19:35.023 [info] > git cat-file -s 10c45e02b199648f59ed108a0e42b5bdc8037eeb [1ms]
2022-11-10 16:19:35.043 [info] > git show --textconv :nachos/NachOS-4.0/code/userprog/exception.cc [9ms]
2022-11-10 16:19:38.225 [info] > git remote --verbose [7ms]
2022-11-10 16:19:38.226 [info] > git for-each-ref --sort -committerdate --format %(refname) %(objectname) %(*objectname) [13ms]
2022-11-10 16:19:38.270 [info] > git config --get commit.template [34ms]
2022-11-10 16:19:38.274 [info] > git for-each-ref --format=%(refname)%00%(upstream:short)%00%(objectname)%00%(upstream:track)%00%(upstream:remotename)%00%(upstream:remoteref) refs/heads/main refs/remotes/main [5ms]
2022-11-10 16:19:39.294 [info] > git status -z -uall [1070ms]
2022-11-10 16:19:44.419 [info] > git remote --verbose [22ms]
2022-11-10 16:19:44.421 [info] > git for-each-ref --sort -committerdate --format %(refname) %(objectname) %(*objectname) [33ms]
2022-11-10 16:19:44.457 [info] > git config --get commit.template [39ms]
2022-11-10 16:19:44.468 [info] > git for-each-ref --format=%(refname)%00%(upstream:short)%00%(objectname)%00%(upstream:track)%00%(upstream:remotename)%00%(upstream:remoteref) refs/heads/main refs/remotes/main [11ms]
2022-11-10 16:19:46.788 [info] > git status -z -uall [2383ms]
2022-11-10 16:19:52.069 [info] > git remote --verbose [23ms]
2022-11-10 16:19:52.069 [info] > git for-each-ref --sort -committerdate --format %(refname) %(objectname) %(*objectname) [32ms]
2022-11-10 16:19:52.106 [info] > git for-each-ref --format=%(refname)%00%(upstream:short)%00%(objectname)%00%(upstream:track)%00%(upstream:remotename)%00%(upstream:remoteref) refs/heads/main refs/remotes/main [2ms]
2022-11-10 16:19:52.107 [info] > git config --get commit.template [39ms]
2022-11-10 16:19:54.336 [info] > git status -z -uall [2283ms]
2022-11-10 16:20:02.128 [info] > git remote --verbose [14ms]
2022-11-10 16:20:02.129 [info] > git for-each-ref --sort -committerdate --format %(refname) %(objectname) %(*objectname) [25ms]
2022-11-10 16:20:02.181 [info] > git config --get commit.template [42ms]
2022-11-10 16:20:02.187 [info] > git for-each-ref --format=%(refname)%00%(upstream:short)%00%(objectname)%00%(upstream:track)%00%(upstream:remotename)%00%(upstream:remoteref) refs/heads/main refs/remotes/main [9ms]
2022-11-10 16:20:04.350 [info] > git status -z -uall [2223ms]
2022-11-10 16:20:09.546 [info] > git for-each-ref --sort -committerdate --format %(refname) %(objectname) %(*objectname) [25ms]
2022-11-10 16:20:09.548 [info] > git remote --verbose [22ms]
2022-11-10 16:20:09.591 [info] > git for-each-ref --format=%(refname)%00%(upstream:short)%00%(objectname)%00%(upstream:track)%00%(upstream:remotename)%00%(upstream:remoteref) refs/heads/main refs/remotes/main [5ms]
2022-11-10 16:20:09.594 [info] > git config --get commit.template [50ms]
2022-11-10 16:20:11.744 [info] > git status -z -uall [2212ms]
2022-11-10 16:20:16.906 [info] > git remote --verbose [7ms]
2022-11-10 16:20:16.906 [info] > git for-each-ref --sort -committerdate --format %(refname) %(objectname) %(*objectname) [18ms]
2022-11-10 16:20:16.981 [info] > git config --get commit.template [60ms]
2022-11-10 16:20:16.990 [info] > git for-each-ref --format=%(refname)%00%(upstream:short)%00%(objectname)%00%(upstream:track)%00%(upstream:remotename)%00%(upstream:remoteref) refs/heads/main refs/remotes/main [10ms]
2022-11-10 16:20:19.120 [info] > git status -z -uall [2216ms]
2022-11-10 16:20:24.296 [info] > git remote --verbose [26ms]
2022-11-10 16:20:24.297 [info] > git for-each-ref --sort -committerdate --format %(refname) %(objectname) %(*objectname) [37ms]
2022-11-10 16:20:24.335 [info] > git for-each-ref --format=%(refname)%00%(upstream:short)%00%(objectname)%00%(upstream:track)%00%(upstream:remotename)%00%(upstream:remoteref) refs/heads/main refs/remotes/main [1ms]
2022-11-10 16:20:24.336 [info] > git config --get commit.template [40ms]
2022-11-10 16:20:26.440 [info] > git status -z -uall [2163ms]
2022-11-10 16:20:31.606 [info] > git remote --verbose [7ms]
2022-11-10 16:20:31.607 [info] > git for-each-ref --sort -committerdate --format %(refname) %(objectname) %(*objectname) [18ms]
2022-11-10 16:20:31.659 [info] > git config --get commit.template [39ms]
2022-11-10 16:20:31.666 [info] > git for-each-ref --format=%(refname)%00%(upstream:short)%00%(objectname)%00%(upstream:track)%00%(upstream:remotename)%00%(upstream:remoteref) refs/heads/main refs/remotes/main [8ms]
2022-11-10 16:20:33.834 [info] > git status -z -uall [2229ms]
2022-11-10 16:20:39.002 [info] > git remote --verbose [22ms]
2022-11-10 16:20:39.002 [info] > git for-each-ref --sort -committerdate --format %(refname) %(objectname) %(*objectname) [34ms]
2022-11-10 16:20:39.039 [info] > git config --get commit.template [39ms]
2022-11-10 16:20:39.043 [info] > git for-each-ref --format=%(refname)%00%(upstream:short)%00%(objectname)%00%(upstream:track)%00%(upstream:remotename)%00%(upstream:remoteref) refs/heads/main refs/remotes/main [4ms]
2022-11-10 16:20:41.240 [info] > git status -z -uall [2255ms]
2022-11-10 16:20:46.410 [info] > git remote --verbose [7ms]
2022-11-10 16:20:46.418 [info] > git for-each-ref --sort -committerdate --format %(refname) %(objectname) %(*objectname) [33ms]
2022-11-10 16:20:46.471 [info] > git config --get commit.template [21ms]
2022-11-10 16:20:46.472 [info] > git for-each-ref --format=%(refname)%00%(upstream:short)%00%(objectname)%00%(upstream:track)%00%(upstream:remotename)%00%(upstream:remoteref) refs/heads/main refs/remotes/main [3ms]
2022-11-10 16:20:48.562 [info] > git status -z -uall [2161ms]
2022-11-10 16:20:53.718 [info] > git remote --verbose [16ms]
2022-11-10 16:20:53.726 [info] > git for-each-ref --sort -committerdate --format %(refname) %(objectname) %(*objectname) [34ms]
2022-11-10 16:20:53.728 [info] > git config --get commit.template [12ms]
2022-11-10 16:20:53.772 [info] > git for-each-ref --format=%(refname)%00%(upstream:short)%00%(objectname)%00%(upstream:track)%00%(upstream:remotename)%00%(upstream:remoteref) refs/heads/main refs/remotes/main [7ms]
2022-11-10 16:20:55.936 [info] > git status -z -uall [2227ms]
2022-11-10 16:21:01.120 [info] > git remote --verbose [11ms]
2022-11-10 16:21:01.120 [info] > git for-each-ref --sort -committerdate --format %(refname) %(objectname) %(*objectname) [23ms]
2022-11-10 16:21:01.172 [info] > git config --get commit.template [23ms]
2022-11-10 16:21:01.174 [info] > git for-each-ref --format=%(refname)%00%(upstream:short)%00%(objectname)%00%(upstream:track)%00%(upstream:remotename)%00%(upstream:remoteref) refs/heads/main refs/remotes/main [4ms]
2022-11-10 16:21:03.393 [info] > git status -z -uall [2274ms]
2022-11-10 16:21:08.567 [info] > git remote --verbose [14ms]
2022-11-10 16:21:08.568 [info] > git for-each-ref --sort -committerdate --format %(refname) %(objectname) %(*objectname) [22ms]
2022-11-10 16:21:08.588 [info] > git config --get commit.template [1ms]
2022-11-10 16:21:08.646 [info] > git for-each-ref --format=%(refname)%00%(upstream:short)%00%(objectname)%00%(upstream:track)%00%(upstream:remotename)%00%(upstream:remoteref) refs/heads/main refs/remotes/main [13ms]
2022-11-10 16:21:10.798 [info] > git status -z -uall [2233ms]
2022-11-10 16:21:15.972 [info] > git remote --verbose [20ms]
2022-11-10 16:21:15.973 [info] > git for-each-ref --sort -committerdate --format %(refname) %(objectname) %(*objectname) [37ms]
2022-11-10 16:21:16.014 [info] > git config --get commit.template [48ms]
2022-11-10 16:21:16.022 [info] > git for-each-ref --format=%(refname)%00%(upstream:short)%00%(objectname)%00%(upstream:track)%00%(upstream:remotename)%00%(upstream:remoteref) refs/heads/main refs/remotes/main [9ms]
2022-11-10 16:21:18.039 [info] > git status -z -uall [2085ms]
2022-11-10 16:21:23.237 [info] > git remote --verbose [31ms]
2022-11-10 16:21:23.264 [info] > git for-each-ref --sort -committerdate --format %(refname) %(objectname) %(*objectname) [45ms]
2022-11-10 16:21:23.270 [info] > git config --get commit.template [34ms]
2022-11-10 16:21:23.291 [info] > git for-each-ref --format=%(refname)%00%(upstream:short)%00%(objectname)%00%(upstream:track)%00%(upstream:remotename)%00%(upstream:remoteref) refs/heads/main refs/remotes/main [4ms]
2022-11-10 16:21:25.445 [info] > git status -z -uall [2224ms]
2022-11-10 16:21:30.641 [info] > git remote --verbose [25ms]
2022-11-10 16:21:30.642 [info] > git for-each-ref --sort -committerdate --format %(refname) %(objectname) %(*objectname) [33ms]
2022-11-10 16:21:30.689 [info] > git config --get commit.template [48ms]
2022-11-10 16:21:30.691 [info] > git for-each-ref --format=%(refname)%00%(upstream:short)%00%(objectname)%00%(upstream:track)%00%(upstream:remotename)%00%(upstream:remoteref) refs/heads/main refs/remotes/main [3ms]
2022-11-10 16:21:32.726 [info] > git status -z -uall [2101ms]
2022-11-10 16:21:37.859 [info] > git remote --verbose [28ms]
2022-11-10 16:21:37.859 [info] > git for-each-ref --sort -committerdate --format %(refname) %(objectname) %(*objectname) [35ms]
2022-11-10 16:21:37.893 [info] > git config --get commit.template [48ms]
2022-11-10 16:21:37.902 [info] > git for-each-ref --format=%(refname)%00%(upstream:short)%00%(objectname)%00%(upstream:track)%00%(upstream:remotename)%00%(upstream:remoteref) refs/heads/main refs/remotes/main [10ms]
2022-11-10 16:21:40.086 [info] > git status -z -uall [2249ms]
2022-11-10 16:21:45.258 [info] > git remote --verbose [10ms]
2022-11-10 16:21:45.259 [info] > git for-each-ref --sort -committerdate --format %(refname) %(objectname) %(*objectname) [18ms]
2022-11-10 16:21:45.307 [info] > git config --get commit.template [34ms]
2022-11-10 16:21:45.308 [info] > git for-each-ref --format=%(refname)%00%(upstream:short)%00%(objectname)%00%(upstream:track)%00%(upstream:remotename)%00%(upstream:remoteref) refs/heads/main refs/remotes/main [2ms]
2022-11-10 16:21:46.851 [info] > git status -z -uall [1594ms]
2022-11-10 16:21:51.959 [info] > git remote --verbose [10ms]
2022-11-10 16:21:51.959 [info] > git for-each-ref --sort -committerdate --format %(refname) %(objectname) %(*objectname) [19ms]
2022-11-10 16:21:52.010 [info] > git config --get commit.template [34ms]
2022-11-10 16:21:52.013 [info] > git for-each-ref --format=%(refname)%00%(upstream:short)%00%(objectname)%00%(upstream:track)%00%(upstream:remotename)%00%(upstream:remoteref) refs/heads/main refs/remotes/main [4ms]
2022-11-10 16:21:54.102 [info] > git status -z -uall [2145ms]
2022-11-10 16:21:59.242 [info] > git remote --verbose [10ms]
2022-11-10 16:21:59.244 [info] > git for-each-ref --sort -committerdate --format %(refname) %(objectname) %(*objectname) [20ms]
2022-11-10 16:21:59.317 [info] > git config --get commit.template [22ms]
2022-11-10 16:21:59.330 [info] > git for-each-ref --format=%(refname)%00%(upstream:short)%00%(objectname)%00%(upstream:track)%00%(upstream:remotename)%00%(upstream:remoteref) refs/heads/main refs/remotes/main [14ms]
2022-11-10 16:22:00.867 [info] > git status -z -uall [1627ms]
2022-11-10 16:22:05.744 [info] > git fetch [579ms]
2022-11-10 16:22:05.785 [info] > git remote --verbose [17ms]
2022-11-10 16:22:05.785 [info] > git for-each-ref --sort -committerdate --format %(refname) %(objectname) %(*objectname) [33ms]
2022-11-10 16:22:05.822 [info] > git for-each-ref --format=%(refname)%00%(upstream:short)%00%(objectname)%00%(upstream:track)%00%(upstream:remotename)%00%(upstream:remoteref) refs/heads/main refs/remotes/main [1ms]
2022-11-10 16:22:05.826 [info] > git config --get commit.template [42ms]
2022-11-10 16:22:06.384 [info] > git ls-files --stage -- /home/zudarr/nachos/NachOS-4.0/code/userprog/exception.cc [16ms]
2022-11-10 16:22:06.402 [info] > git cat-file -s 10c45e02b199648f59ed108a0e42b5bdc8037eeb [5ms]
2022-11-10 16:22:06.438 [info] > git show --textconv :nachos/NachOS-4.0/code/userprog/exception.cc [15ms]
2022-11-10 16:22:07.917 [info] > git status -z -uall [2144ms]
2022-11-10 16:22:09.690 [info] > git remote --verbose [1593ms]
2022-11-10 16:22:09.698 [info] > git for-each-ref --sort -committerdate --format %(refname) %(objectname) %(*objectname) [1613ms]
2022-11-10 16:22:09.706 [info] > git config --get commit.template [21ms]
2022-11-10 16:22:09.727 [info] > git for-each-ref --format=%(refname)%00%(upstream:short)%00%(objectname)%00%(upstream:track)%00%(upstream:remotename)%00%(upstream:remoteref) refs/heads/main refs/remotes/main [1ms]
2022-11-10 16:22:10.703 [info] > git status -z -uall [2596ms]
2022-11-10 16:22:15.843 [info] > git remote --verbose [22ms]
2022-11-10 16:22:15.855 [info] > git for-each-ref --sort -committerdate --format %(refname) %(objectname) %(*objectname) [46ms]
2022-11-10 16:22:15.857 [info] > git config --get commit.template [19ms]
2022-11-10 16:22:15.913 [info] > git for-each-ref --format=%(refname)%00%(upstream:short)%00%(objectname)%00%(upstream:track)%00%(upstream:remotename)%00%(upstream:remoteref) refs/heads/main refs/remotes/main [12ms]
2022-11-10 16:22:18.137 [info] > git status -z -uall [2312ms]
2022-11-10 16:22:23.311 [info] > git remote --verbose [13ms]
2022-11-10 16:22:23.311 [info] > git for-each-ref --sort -committerdate --format %(refname) %(objectname) %(*objectname) [26ms]
2022-11-10 16:22:23.375 [info] > git config --get commit.template [46ms]
2022-11-10 16:22:23.378 [info] > git for-each-ref --format=%(refname)%00%(upstream:short)%00%(objectname)%00%(upstream:track)%00%(upstream:remotename)%00%(upstream:remoteref) refs/heads/main refs/remotes/main [3ms]
2022-11-10 16:22:25.421 [info] > git status -z -uall [2112ms]
2022-11-10 16:22:30.513 [info] > git remote --verbose [8ms]
2022-11-10 16:22:30.514 [info] > git for-each-ref --sort -committerdate --format %(refname) %(objectname) %(*objectname) [15ms]
2022-11-10 16:22:30.557 [info] > git config --get commit.template [34ms]
2022-11-10 16:22:30.563 [info] > git for-each-ref --format=%(refname)%00%(upstream:short)%00%(objectname)%00%(upstream:track)%00%(upstream:remotename)%00%(upstream:remoteref) refs/heads/main refs/remotes/main [7ms]
2022-11-10 16:22:31.575 [info] > git ls-files --stage -- /home/zudarr/nachos/NachOS-4.0/code/userprog/exception.cc [9ms]
2022-11-10 16:22:31.589 [info] > git cat-file -s 10c45e02b199648f59ed108a0e42b5bdc8037eeb [4ms]
2022-11-10 16:22:31.618 [info] > git show --textconv :nachos/NachOS-4.0/code/userprog/exception.cc [14ms]
2022-11-10 16:22:31.649 [info] > git status -z -uall [1138ms]
2022-11-10 16:23:07.795 [info] > git remote --verbose [8ms]
2022-11-10 16:23:07.795 [info] > git for-each-ref --sort -committerdate --format %(refname) %(objectname) %(*objectname) [15ms]
2022-11-10 16:23:07.837 [info] > git config --get commit.template [17ms]
2022-11-10 16:23:07.843 [info] > git for-each-ref --format=%(refname)%00%(upstream:short)%00%(objectname)%00%(upstream:track)%00%(upstream:remotename)%00%(upstream:remoteref) refs/heads/main refs/remotes/main [7ms]
2022-11-10 16:23:08.947 [info] > git status -z -uall [1155ms]
2022-11-10 16:23:14.199 [info] > git remote --verbose [79ms]
2022-11-10 16:23:14.204 [info] > git for-each-ref --sort -committerdate --format %(refname) %(objectname) %(*objectname) [102ms]
2022-11-10 16:23:14.236 [info] > git for-each-ref --format=%(refname)%00%(upstream:short)%00%(objectname)%00%(upstream:track)%00%(upstream:remotename)%00%(upstream:remoteref) refs/heads/main refs/remotes/main [2ms]
2022-11-10 16:23:14.236 [info] > git config --get commit.template [16ms]
2022-11-10 16:23:14.794 [info] > git check-ignore -v -z --stdin [49ms]
2022-11-10 16:23:15.348 [info] > git status -z -uall [1216ms]
2022-11-10 16:23:17.066 [info] > git check-ignore -v -z --stdin [11ms]
2022-11-10 16:23:18.598 [info] > git check-ignore -v -z --stdin [10ms]
2022-11-10 16:23:20.468 [info] > git remote --verbose [25ms]
2022-11-10 16:23:20.469 [info] > git for-each-ref --sort -committerdate --format %(refname) %(objectname) %(*objectname) [33ms]
2022-11-10 16:23:20.506 [info] > git config --get commit.template [45ms]
2022-11-10 16:23:20.514 [info] > git for-each-ref --format=%(refname)%00%(upstream:short)%00%(objectname)%00%(upstream:track)%00%(upstream:remotename)%00%(upstream:remoteref) refs/heads/main refs/remotes/main [9ms]
2022-11-10 16:23:21.548 [info] > git check-ignore -v -z --stdin [432ms]
2022-11-10 16:23:21.830 [info] > git status -z -uall [1380ms]
2022-11-10 16:23:26.459 [info] > git branch [2ms]
2022-11-10 16:23:27.794 [info] > git reset -q HEAD -- . [1328ms]
2022-11-10 16:23:27.818 [info] > git remote --verbose [9ms]
2022-11-10 16:23:27.819 [info] > git for-each-ref --sort -committerdate --format %(refname) %(objectname) %(*objectname) [17ms]
2022-11-10 16:23:27.865 [info] > git config --get commit.template [17ms]
2022-11-10 16:23:27.874 [info] > git for-each-ref --format=%(refname)%00%(upstream:short)%00%(objectname)%00%(upstream:track)%00%(upstream:remotename)%00%(upstream:remoteref) refs/heads/main refs/remotes/main [10ms]
2022-11-10 16:23:28.237 [info] > git status -z -uall [422ms]
2022-11-10 16:23:28.360 [info] > git remote --verbose [10ms]
2022-11-10 16:23:28.360 [info] > git for-each-ref --sort -committerdate --format %(refname) %(objectname) %(*objectname) [18ms]
2022-11-10 16:23:29.223 [info] > git status -z -uall [867ms]
2022-11-10 16:23:29.230 [info] > git config --get commit.template [845ms]
2022-11-10 16:23:29.402 [info] > git for-each-ref --format=%(refname)%00%(upstream:short)%00%(objectname)%00%(upstream:track)%00%(upstream:remotename)%00%(upstream:remoteref) refs/heads/main refs/remotes/main [78ms]
2022-11-10 16:23:30.236 [info] > git ls-files --stage -- /home/zudarr/nachos/NachOS-4.0/code/userprog/exception.cc [22ms]
2022-11-10 16:23:30.252 [info] > git cat-file -s ec0b34de24c0e4d21356dcbf1cee1254beff9519 [6ms]
2022-11-10 16:23:30.463 [info] > git show --textconv :nachos/NachOS-4.0/code/userprog/exception.cc [5ms]
2022-11-10 16:23:34.482 [info] > git remote --verbose [8ms]
2022-11-10 16:23:34.482 [info] > git for-each-ref --sort -committerdate --format %(refname) %(objectname) %(*objectname) [15ms]
2022-11-10 16:23:34.520 [info] > git config --get commit.template [27ms]
2022-11-10 16:23:34.521 [info] > git for-each-ref --format=%(refname)%00%(upstream:short)%00%(objectname)%00%(upstream:track)%00%(upstream:remotename)%00%(upstream:remoteref) refs/heads/main refs/remotes/main [2ms]
2022-11-10 16:23:34.890 [info] > git status -z -uall [410ms]
2022-11-10 16:23:39.981 [info] > git remote --verbose [8ms]
2022-11-10 16:23:39.981 [info] > git for-each-ref --sort -committerdate --format %(refname) %(objectname) %(*objectname) [16ms]
2022-11-10 16:23:40.021 [info] > git config --get commit.template [18ms]
2022-11-10 16:23:40.026 [info] > git for-each-ref --format=%(refname)%00%(upstream:short)%00%(objectname)%00%(upstream:track)%00%(upstream:remotename)%00%(upstream:remoteref) refs/heads/main refs/remotes/main [6ms]
2022-11-10 16:23:40.438 [info] > git status -z -uall [459ms]
2022-11-10 16:23:45.604 [info] > git remote --verbose [8ms]
2022-11-10 16:23:45.605 [info] > git for-each-ref --sort -committerdate --format %(refname) %(objectname) %(*objectname) [16ms]
2022-11-10 16:23:45.646 [info] > git config --get commit.template [17ms]
2022-11-10 16:23:45.654 [info] > git for-each-ref --format=%(refname)%00%(upstream:short)%00%(objectname)%00%(upstream:track)%00%(upstream:remotename)%00%(upstream:remoteref) refs/heads/main refs/remotes/main [9ms]
2022-11-10 16:23:46.018 [info] > git status -z -uall [416ms]
2022-11-10 16:23:51.121 [info] > git remote --verbose [7ms]
2022-11-10 16:23:51.121 [info] > git for-each-ref --sort -committerdate --format %(refname) %(objectname) %(*objectname) [14ms]
2022-11-10 16:23:51.158 [info] > git config --get commit.template [11ms]
2022-11-10 16:23:51.173 [info] > git for-each-ref --format=%(refname)%00%(upstream:short)%00%(objectname)%00%(upstream:track)%00%(upstream:remotename)%00%(upstream:remoteref) refs/heads/main refs/remotes/main [16ms]
2022-11-10 16:23:51.541 [info] > git status -z -uall [422ms]
2022-11-10 16:23:56.625 [info] > git remote --verbose [7ms]
2022-11-10 16:23:56.625 [info] > git for-each-ref --sort -committerdate --format %(refname) %(objectname) %(*objectname) [14ms]
2022-11-10 16:23:56.663 [info] > git config --get commit.template [12ms]
2022-11-10 16:23:56.667 [info] > git for-each-ref --format=%(refname)%00%(upstream:short)%00%(objectname)%00%(upstream:track)%00%(upstream:remotename)%00%(upstream:remoteref) refs/heads/main refs/remotes/main [6ms]
2022-11-10 16:23:57.032 [info] > git status -z -uall [409ms]
2022-11-10 16:24:02.135 [info] > git remote --verbose [11ms]
2022-11-10 16:24:02.136 [info] > git for-each-ref --sort -committerdate --format %(refname) %(objectname) %(*objectname) [19ms]
2022-11-10 16:24:02.184 [info] > git config --get commit.template [19ms]
2022-11-10 16:24:02.187 [info] > git for-each-ref --format=%(refname)%00%(upstream:short)%00%(objectname)%00%(upstream:track)%00%(upstream:remotename)%00%(upstream:remoteref) refs/heads/main refs/remotes/main [3ms]
2022-11-10 16:24:02.567 [info] > git status -z -uall [433ms]
2022-11-10 16:24:07.665 [info] > git remote --verbose [8ms]
2022-11-10 16:24:07.665 [info] > git for-each-ref --sort -committerdate --format %(refname) %(objectname) %(*objectname) [17ms]
2022-11-10 16:24:07.707 [info] > git config --get commit.template [20ms]
2022-11-10 16:24:07.710 [info] > git for-each-ref --format=%(refname)%00%(upstream:short)%00%(objectname)%00%(upstream:track)%00%(upstream:remotename)%00%(upstream:remoteref) refs/heads/main refs/remotes/main [4ms]
2022-11-10 16:24:08.081 [info] > git status -z -uall [419ms]
2022-11-10 16:24:11.828 [info] > git check-ignore -v -z --stdin [277ms]
2022-11-10 16:24:13.179 [info] > git remote --verbose [7ms]
2022-11-10 16:24:13.179 [info] > git for-each-ref --sort -committerdate --format %(refname) %(objectname) %(*objectname) [15ms]
2022-11-10 16:24:13.216 [info] > git config --get commit.template [14ms]
2022-11-10 16:24:13.218 [info] > git for-each-ref --format=%(refname)%00%(upstream:short)%00%(objectname)%00%(upstream:track)%00%(upstream:remotename)%00%(upstream:remoteref) refs/heads/main refs/remotes/main [2ms]
2022-11-10 16:24:13.628 [info] > git status -z -uall [451ms]
2022-11-10 16:24:14.478 [info] > git check-ignore -v -z --stdin [168ms]
2022-11-10 16:24:18.719 [info] > git remote --verbose [10ms]
2022-11-10 16:24:18.719 [info] > git for-each-ref --sort -committerdate --format %(refname) %(objectname) %(*objectname) [18ms]
2022-11-10 16:24:18.762 [info] > git config --get commit.template [12ms]
2022-11-10 16:24:18.766 [info] > git for-each-ref --format=%(refname)%00%(upstream:short)%00%(objectname)%00%(upstream:track)%00%(upstream:remotename)%00%(upstream:remoteref) refs/heads/main refs/remotes/main [5ms]
2022-11-10 16:24:19.124 [info] > git status -z -uall [407ms]
2022-11-10 16:24:20.279 [info] > git check-ignore -v -z --stdin [5ms]
2022-11-10 16:24:24.223 [info] > git remote --verbose [9ms]
2022-11-10 16:24:24.223 [info] > git for-each-ref --sort -committerdate --format %(refname) %(objectname) %(*objectname) [17ms]
2022-11-10 16:24:24.262 [info] > git config --get commit.template [13ms]
2022-11-10 16:24:24.263 [info] > git for-each-ref --format=%(refname)%00%(upstream:short)%00%(objectname)%00%(upstream:track)%00%(upstream:remotename)%00%(upstream:remoteref) refs/heads/main refs/remotes/main [3ms]
2022-11-10 16:24:24.621 [info] > git status -z -uall [400ms]
2022-11-10 16:24:29.028 [info] > git show --textconv :nachos/NachOS-4.0/code/userprog/exception.cc [14ms]
2022-11-10 16:24:29.036 [info] > git ls-files --stage -- /home/zudarr/nachos/NachOS-4.0/code/userprog/exception.cc [8ms]
2022-11-10 16:24:29.045 [info] > git cat-file -s ec0b34de24c0e4d21356dcbf1cee1254beff9519 [3ms]
2022-11-10 16:24:29.733 [info] > git for-each-ref --sort -committerdate --format %(refname) %(objectname) %(*objectname) [30ms]
2022-11-10 16:24:29.734 [info] > git remote --verbose [24ms]
2022-11-10 16:24:29.767 [info] > git for-each-ref --format=%(refname)%00%(upstream:short)%00%(objectname)%00%(upstream:track)%00%(upstream:remotename)%00%(upstream:remoteref) refs/heads/main refs/remotes/main [2ms]
2022-11-10 16:24:29.770 [info] > git config --get commit.template [37ms]
2022-11-10 16:24:30.155 [info] > git status -z -uall [434ms]
2022-11-10 16:24:35.264 [info] > git remote --verbose [11ms]
2022-11-10 16:24:35.264 [info] > git for-each-ref --sort -committerdate --format %(refname) %(objectname) %(*objectname) [19ms]
2022-11-10 16:24:35.312 [info] > git config --get commit.template [14ms]
2022-11-10 16:24:35.321 [info] > git for-each-ref --format=%(refname)%00%(upstream:short)%00%(objectname)%00%(upstream:track)%00%(upstream:remotename)%00%(upstream:remoteref) refs/heads/main refs/remotes/main [10ms]
2022-11-10 16:24:35.386 [info] > git show --textconv :nachos/NachOS-4.0/code/userprog/exception.cc [39ms]
2022-11-10 16:24:35.394 [info] > git ls-files --stage -- /home/zudarr/nachos/NachOS-4.0/code/userprog/exception.cc [32ms]
2022-11-10 16:24:35.419 [info] > git cat-file -s ec0b34de24c0e4d21356dcbf1cee1254beff9519 [13ms]
2022-11-10 16:24:35.802 [info] > git status -z -uall [540ms]
2022-11-10 16:24:40.601 [info] > git check-ignore -v -z --stdin [5ms]
2022-11-10 16:24:40.915 [info] > git remote --verbose [8ms]
2022-11-10 16:24:40.915 [info] > git for-each-ref --sort -committerdate --format %(refname) %(objectname) %(*objectname) [14ms]
2022-11-10 16:24:40.969 [info] > git config --get commit.template [33ms]
2022-11-10 16:24:40.974 [info] > git for-each-ref --format=%(refname)%00%(upstream:short)%00%(objectname)%00%(upstream:track)%00%(upstream:remotename)%00%(upstream:remoteref) refs/heads/main refs/remotes/main [5ms]
2022-11-10 16:24:41.363 [info] > git status -z -uall [450ms]
2022-11-10 16:24:44.288 [info] > git check-ignore -v -z --stdin [43ms]
2022-11-10 16:24:46.521 [info] > git remote --verbose [6ms]
2022-11-10 16:24:46.521 [info] > git for-each-ref --sort -committerdate --format %(refname) %(objectname) %(*objectname) [13ms]
2022-11-10 16:24:46.557 [info] > git config --get commit.template [11ms]
2022-11-10 16:24:46.563 [info] > git for-each-ref --format=%(refname)%00%(upstream:short)%00%(objectname)%00%(upstream:track)%00%(upstream:remotename)%00%(upstream:remoteref) refs/heads/main refs/remotes/main [7ms]
2022-11-10 16:24:46.920 [info] > git status -z -uall [401ms]
2022-11-10 16:24:52.021 [info] > git remote --verbose [7ms]
2022-11-10 16:24:52.022 [info] > git for-each-ref --sort -committerdate --format %(refname) %(objectname) %(*objectname) [15ms]
2022-11-10 16:24:52.059 [info] > git config --get commit.template [28ms]
2022-11-10 16:24:52.061 [info] > git for-each-ref --format=%(refname)%00%(upstream:short)%00%(objectname)%00%(upstream:track)%00%(upstream:remotename)%00%(upstream:remoteref) refs/heads/main refs/remotes/main [3ms]
2022-11-10 16:24:52.421 [info] > git status -z -uall [401ms]
2022-11-10 16:24:57.517 [info] > git remote --verbose [9ms]
2022-11-10 16:24:57.518 [info] > git for-each-ref --sort -committerdate --format %(refname) %(objectname) %(*objectname) [16ms]
2022-11-10 16:24:57.555 [info] > git config --get commit.template [14ms]
2022-11-10 16:24:57.562 [info] > git for-each-ref --format=%(refname)%00%(upstream:short)%00%(objectname)%00%(upstream:track)%00%(upstream:remotename)%00%(upstream:remoteref) refs/heads/main refs/remotes/main [8ms]
2022-11-10 16:24:57.974 [info] > git status -z -uall [458ms]
2022-11-10 16:25:02.414 [info] > git check-ignore -v -z --stdin [5ms]
2022-11-10 16:25:03.128 [info] > git remote --verbose [10ms]
2022-11-10 16:25:03.129 [info] > git for-each-ref --sort -committerdate --format %(refname) %(objectname) %(*objectname) [19ms]
2022-11-10 16:25:03.169 [info] > git config --get commit.template [13ms]
2022-11-10 16:25:03.171 [info] > git for-each-ref --format=%(refname)%00%(upstream:short)%00%(objectname)%00%(upstream:track)%00%(upstream:remotename)%00%(upstream:remoteref) refs/heads/main refs/remotes/main [3ms]
2022-11-10 16:25:03.527 [info] > git status -z -uall [403ms]
2022-11-10 16:25:07.601 [info] > git check-ignore -v -z --stdin [7ms]
2022-11-10 16:25:08.313 [info] > git check-ignore -v -z --stdin [5ms]
2022-11-10 16:25:08.558 [info] > git fetch [476ms]
2022-11-10 16:25:08.583 [info] > git remote --verbose [10ms]
2022-11-10 16:25:08.583 [info] > git for-each-ref --sort -committerdate --format %(refname) %(objectname) %(*objectname) [18ms]
2022-11-10 16:25:08.651 [info] > git for-each-ref --format=%(refname)%00%(upstream:short)%00%(objectname)%00%(upstream:track)%00%(upstream:remotename)%00%(upstream:remoteref) refs/heads/main refs/remotes/main [34ms]
2022-11-10 16:25:08.653 [info] > git config --get commit.template [44ms]
2022-11-10 16:25:09.168 [info] > git status -z -uall [587ms]
2022-11-10 16:25:09.269 [info] > git remote --verbose [13ms]
2022-11-10 16:25:09.270 [info] > git for-each-ref --sort -committerdate --format %(refname) %(objectname) %(*objectname) [20ms]
2022-11-10 16:25:10.233 [info] > git status -z -uall [938ms]
2022-11-10 16:25:10.238 [info] > git config --get commit.template [946ms]
2022-11-10 16:25:10.338 [info] > git for-each-ref --format=%(refname)%00%(upstream:short)%00%(objectname)%00%(upstream:track)%00%(upstream:remotename)%00%(upstream:remoteref) refs/heads/main refs/remotes/main [66ms]
2022-11-10 16:25:12.690 [info] > git check-ignore -v -z --stdin [6ms]
2022-11-10 16:25:15.410 [info] > git remote --verbose [8ms]
2022-11-10 16:25:15.411 [info] > git for-each-ref --sort -committerdate --format %(refname) %(objectname) %(*objectname) [14ms]
2022-11-10 16:25:15.449 [info] > git config --get commit.template [13ms]
2022-11-10 16:25:15.451 [info] > git for-each-ref --format=%(refname)%00%(upstream:short)%00%(objectname)%00%(upstream:track)%00%(upstream:remotename)%00%(upstream:remoteref) refs/heads/main refs/remotes/main [3ms]
2022-11-10 16:25:15.805 [info] > git status -z -uall [396ms]
2022-11-10 16:25:17.671 [info] > git check-ignore -v -z --stdin [5ms]
2022-11-10 16:25:20.899 [info] > git remote --verbose [11ms]
2022-11-10 16:25:20.900 [info] > git for-each-ref --sort -committerdate --format %(refname) %(objectname) %(*objectname) [18ms]
2022-11-10 16:25:21.023 [info] > git config --get commit.template [93ms]
2022-11-10 16:25:21.056 [info] > git for-each-ref --format=%(refname)%00%(upstream:short)%00%(objectname)%00%(upstream:track)%00%(upstream:remotename)%00%(upstream:remoteref) refs/heads/main refs/remotes/main [35ms]
2022-11-10 16:25:21.440 [info] > git status -z -uall [544ms]
2022-11-10 16:25:26.547 [info] > git remote --verbose [12ms]
2022-11-10 16:25:26.548 [info] > git for-each-ref --sort -committerdate --format %(refname) %(objectname) %(*objectname) [26ms]
2022-11-10 16:25:26.592 [info] > git config --get commit.template [35ms]
2022-11-10 16:25:26.606 [info] > git for-each-ref --format=%(refname)%00%(upstream:short)%00%(objectname)%00%(upstream:track)%00%(upstream:remotename)%00%(upstream:remoteref) refs/heads/main refs/remotes/main [14ms]
2022-11-10 16:25:26.669 [info] > git show --textconv :nachos/NachOS-4.0/code/userprog/exception.cc [25ms]
2022-11-10 16:25:26.687 [info] > git ls-files --stage -- /home/zudarr/nachos/NachOS-4.0/code/userprog/exception.cc [18ms]
2022-11-10 16:25:26.710 [info] > git cat-file -s ec0b34de24c0e4d21356dcbf1cee1254beff9519 [6ms]
2022-11-10 16:25:27.211 [info] > git status -z -uall [666ms]
2022-11-10 16:25:32.342 [info] > git remote --verbose [7ms]
2022-11-10 16:25:32.342 [info] > git for-each-ref --sort -committerdate --format %(refname) %(objectname) %(*objectname) [13ms]
2022-11-10 16:25:32.378 [info] > git for-each-ref --format=%(refname)%00%(upstream:short)%00%(objectname)%00%(upstream:track)%00%(upstream:remotename)%00%(upstream:remoteref) refs/heads/main refs/remotes/main [1ms]
2022-11-10 16:25:32.379 [info] > git config --get commit.template [14ms]
2022-11-10 16:25:32.747 [info] > git status -z -uall [406ms]
2022-11-10 16:25:37.833 [info] > git remote --verbose [8ms]
2022-11-10 16:25:37.833 [info] > git for-each-ref --sort -committerdate --format %(refname) %(objectname) %(*objectname) [16ms]
2022-11-10 16:25:37.868 [info] > git config --get commit.template [8ms]
2022-11-10 16:25:37.878 [info] > git for-each-ref --format=%(refname)%00%(upstream:short)%00%(objectname)%00%(upstream:track)%00%(upstream:remotename)%00%(upstream:remoteref) refs/heads/main refs/remotes/main [11ms]
2022-11-10 16:25:38.275 [info] > git status -z -uall [444ms]
2022-11-10 16:25:43.439 [info] > git remote --verbose [8ms]
2022-11-10 16:25:43.440 [info] > git for-each-ref --sort -committerdate --format %(refname) %(objectname) %(*objectname) [14ms]
2022-11-10 16:25:43.478 [info] > git config --get commit.template [14ms]
2022-11-10 16:25:43.484 [info] > git for-each-ref --format=%(refname)%00%(upstream:short)%00%(objectname)%00%(upstream:track)%00%(upstream:remotename)%00%(upstream:remoteref) refs/heads/main refs/remotes/main [7ms]
2022-11-10 16:25:43.840 [info] > git status -z -uall [403ms]
2022-11-10 16:25:44.884 [info] > git show --textconv :nachos/NachOS-4.0/code/stdin [9ms]
2022-11-10 16:25:44.890 [info] > git ls-files --stage -- /home/zudarr/nachos/NachOS-4.0/code/stdin [6ms]
2022-11-10 16:25:47.062 [info] > git show --textconv :nachos/NachOS-4.0/code/userprog/exception.cc [11ms]
2022-11-10 16:25:47.073 [info] > git ls-files --stage -- /home/zudarr/nachos/NachOS-4.0/code/userprog/exception.cc [11ms]
2022-11-10 16:25:47.083 [info] > git cat-file -s ec0b34de24c0e4d21356dcbf1cee1254beff9519 [2ms]
2022-11-10 16:25:48.946 [info] > git remote --verbose [8ms]
2022-11-10 16:25:48.946 [info] > git for-each-ref --sort -committerdate --format %(refname) %(objectname) %(*objectname) [16ms]
2022-11-10 16:25:48.995 [info] > git config --get commit.template [30ms]
2022-11-10 16:25:48.996 [info] > git for-each-ref --format=%(refname)%00%(upstream:short)%00%(objectname)%00%(upstream:track)%00%(upstream:remotename)%00%(upstream:remoteref) refs/heads/main refs/remotes/main [2ms]
2022-11-10 16:25:49.372 [info] > git status -z -uall [427ms]
2022-11-10 16:25:54.459 [info] > git remote --verbose [9ms]
2022-11-10 16:25:54.460 [info] > git for-each-ref --sort -committerdate --format %(refname) %(objectname) %(*objectname) [18ms]
2022-11-10 16:25:54.503 [info] > git config --get commit.template [14ms]
2022-11-10 16:25:54.511 [info] > git for-each-ref --format=%(refname)%00%(upstream:short)%00%(objectname)%00%(upstream:track)%00%(upstream:remotename)%00%(upstream:remoteref) refs/heads/main refs/remotes/main [8ms]
2022-11-10 16:25:54.928 [info] > git status -z -uall [471ms]
2022-11-10 16:25:55.756 [info] > git check-ignore -v -z --stdin [133ms]
2022-11-10 16:25:58.851 [info] > git check-ignore -v -z --stdin [52ms]
2022-11-10 16:26:00.036 [info] > git remote --verbose [8ms]
2022-11-10 16:26:00.037 [info] > git for-each-ref --sort -committerdate --format %(refname) %(objectname) %(*objectname) [16ms]
2022-11-10 16:26:00.075 [info] > git config --get commit.template [11ms]
2022-11-10 16:26:00.080 [info] > git for-each-ref --format=%(refname)%00%(upstream:short)%00%(objectname)%00%(upstream:track)%00%(upstream:remotename)%00%(upstream:remoteref) refs/heads/main refs/remotes/main [8ms]
2022-11-10 16:26:00.438 [info] > git status -z -uall [404ms]
