[2022-10-14T09:01:59.875Z] Log level: Info
[2022-10-14T09:01:59.899Z] [info] Validating found git in: git
[2022-10-14T09:01:59.955Z] [info] Using git 2.17.1 from git
[2022-10-14T09:02:00.232Z] > git rev-parse --show-toplevel [266ms]
[2022-10-14T09:02:00.232Z] fatal: not a git repository (or any of the parent directories): .git
[2022-10-14T09:02:00.248Z] > git rev-parse --show-toplevel [9ms]
[2022-10-14T09:02:00.248Z] fatal: not a git repository (or any of the parent directories): .git
[2022-10-14T09:02:00.264Z] > git rev-parse --show-toplevel [12ms]
[2022-10-14T09:02:00.264Z] fatal: not a git repository (or any of the parent directories): .git
[2022-10-14T09:02:00.352Z] > git rev-parse --show-toplevel [85ms]
[2022-10-14T09:02:00.352Z] fatal: not a git repository (or any of the parent directories): .git
[2022-10-14T09:02:00.581Z] > git rev-parse --show-toplevel [219ms]
[2022-10-14T09:02:00.581Z] fatal: not a git repository (or any of the parent directories): .git
[2022-10-14T09:02:00.591Z] > git rev-parse --show-toplevel [6ms]
[2022-10-14T09:02:00.591Z] fatal: not a git repository (or any of the parent directories): .git
[2022-10-14T09:02:00.610Z] > git rev-parse --show-toplevel [12ms]
[2022-10-14T09:02:00.610Z] fatal: not a git repository (or any of the parent directories): .git
[2022-10-14T09:02:00.826Z] > git rev-parse --show-toplevel [7ms]
[2022-10-14T09:02:00.826Z] fatal: not a git repository (or any of the parent directories): .git
[2022-10-14T09:02:00.939Z] > git rev-parse --show-toplevel [40ms]
[2022-10-14T09:02:00.939Z] fatal: not a git repository (or any of the parent directories): .git
[2022-10-14T09:02:01.151Z] > git rev-parse --show-toplevel [13ms]
[2022-10-14T09:02:01.151Z] fatal: not a git repository (or any of the parent directories): .git
[2022-10-14T09:02:01.238Z] > git rev-parse --show-toplevel [85ms]
[2022-10-14T09:02:01.238Z] fatal: not a git repository (or any of the parent directories): .git
[2022-10-14T09:24:58.178Z] > git rev-parse --show-toplevel [9ms]
[2022-10-14T09:24:58.178Z] fatal: not a git repository (or any of the parent directories): .git
[2022-10-14T09:25:08.741Z] > git rev-parse --show-toplevel [13ms]
[2022-10-14T09:25:08.741Z] fatal: not a git repository (or any of the parent directories): .git
[2022-10-14T09:29:21.217Z] > git rev-parse --show-toplevel [15ms]
[2022-10-14T09:29:21.217Z] fatal: not a git repository (or any of the parent directories): .git
[2022-10-14T09:29:21.656Z] > git rev-parse --show-toplevel [7ms]
[2022-10-14T09:29:21.656Z] fatal: not a git repository (or any of the parent directories): .git
[2022-10-14T09:29:22.009Z] > git rev-parse --show-toplevel [12ms]
[2022-10-14T09:29:22.009Z] fatal: not a git repository (or any of the parent directories): .git
[2022-10-14T09:29:22.419Z] > git rev-parse --show-toplevel [9ms]
[2022-10-14T09:29:22.419Z] fatal: not a git repository (or any of the parent directories): .git
[2022-10-14T10:22:12.473Z] > git rev-parse --show-toplevel [24ms]
[2022-10-14T10:22:12.473Z] fatal: not a git repository (or any of the parent directories): .git
[2022-10-14T10:22:16.728Z] > git rev-parse --show-toplevel [19ms]
[2022-10-14T10:22:16.728Z] fatal: not a git repository (or any of the parent directories): .git
[2022-10-14T10:25:03.315Z] > git rev-parse --show-toplevel [6ms]
[2022-10-14T10:25:03.315Z] fatal: not a git repository (or any of the parent directories): .git
[2022-10-14T10:25:37.871Z] > git rev-parse --show-toplevel [9ms]
[2022-10-14T10:25:37.871Z] fatal: not a git repository (or any of the parent directories): .git
[2022-10-14T10:25:46.384Z] > git rev-parse --show-toplevel [3ms]
[2022-10-14T10:25:46.384Z] fatal: not a git repository (or any of the parent directories): .git
[2022-10-14T10:26:27.622Z] > git rev-parse --show-toplevel [4ms]
[2022-10-14T10:26:27.622Z] fatal: not a git repository (or any of the parent directories): .git
[2022-10-14T10:30:20.602Z] > git rev-parse --show-toplevel [16ms]
[2022-10-14T10:30:20.602Z] fatal: not a git repository (or any of the parent directories): .git
[2022-10-14T10:30:56.770Z] > git rev-parse --show-toplevel [12ms]
[2022-10-14T10:30:56.770Z] fatal: not a git repository (or any of the parent directories): .git
[2022-10-14T10:31:01.487Z] > git rev-parse --show-toplevel [17ms]
[2022-10-14T10:31:01.487Z] fatal: not a git repository (or any of the parent directories): .git
[2022-10-14T10:31:02.824Z] > git rev-parse --show-toplevel [6ms]
[2022-10-14T10:31:02.824Z] fatal: not a git repository (or any of the parent directories): .git
[2022-10-14T10:31:03.552Z] > git rev-parse --show-toplevel [8ms]
[2022-10-14T10:31:03.552Z] fatal: not a git repository (or any of the parent directories): .git
[2022-10-14T10:31:04.088Z] > git rev-parse --show-toplevel [7ms]
[2022-10-14T10:31:04.088Z] fatal: not a git repository (or any of the parent directories): .git
[2022-10-14T10:31:15.439Z] > git rev-parse --show-toplevel [22ms]
[2022-10-14T10:31:15.439Z] fatal: not a git repository (or any of the parent directories): .git
[2022-10-14T10:31:29.096Z] > git rev-parse --show-toplevel [2ms]
[2022-10-14T10:31:29.096Z] fatal: not a git repository (or any of the parent directories): .git
[2022-10-14T10:35:10.664Z] > git rev-parse --show-toplevel [21ms]
[2022-10-14T10:35:10.664Z] fatal: not a git repository (or any of the parent directories): .git
[2022-10-14T10:35:11.240Z] > git rev-parse --show-toplevel [5ms]
[2022-10-14T10:35:11.240Z] fatal: not a git repository (or any of the parent directories): .git
[2022-10-14T10:35:12.002Z] > git rev-parse --show-toplevel [4ms]
[2022-10-14T10:35:12.002Z] fatal: not a git repository (or any of the parent directories): .git
[2022-10-14T10:35:12.717Z] > git rev-parse --show-toplevel [8ms]
[2022-10-14T10:35:12.717Z] fatal: not a git repository (or any of the parent directories): .git
[2022-10-14T10:36:20.699Z] > git rev-parse --show-toplevel [16ms]
[2022-10-14T10:36:20.699Z] fatal: not a git repository (or any of the parent directories): .git
[2022-10-14T10:39:23.906Z] > git rev-parse --show-toplevel [25ms]
[2022-10-14T10:39:23.906Z] fatal: not a git repository (or any of the parent directories): .git
[2022-10-14T10:39:28.380Z] > git rev-parse --show-toplevel [11ms]
[2022-10-14T10:39:28.380Z] fatal: not a git repository (or any of the parent directories): .git
[2022-10-14T10:39:33.127Z] > git rev-parse --show-toplevel [14ms]
[2022-10-14T10:39:33.127Z] fatal: not a git repository (or any of the parent directories): .git
[2022-10-14T10:40:02.880Z] > git rev-parse --show-toplevel [7ms]
[2022-10-14T10:40:02.880Z] fatal: not a git repository (or any of the parent directories): .git
[2022-10-14T10:40:04.259Z] > git rev-parse --show-toplevel [7ms]
[2022-10-14T10:40:04.259Z] fatal: not a git repository (or any of the parent directories): .git
[2022-10-14T10:40:11.631Z] > git rev-parse --show-toplevel [18ms]
[2022-10-14T10:40:11.631Z] fatal: not a git repository (or any of the parent directories): .git
[2022-10-14T10:40:33.764Z] > git rev-parse --show-toplevel [6ms]
[2022-10-14T10:40:33.764Z] fatal: not a git repository (or any of the parent directories): .git
[2022-10-14T10:40:37.496Z] > git rev-parse --show-toplevel [3ms]
[2022-10-14T10:40:37.496Z] fatal: not a git repository (or any of the parent directories): .git
[2022-10-14T10:40:41.169Z] > git rev-parse --show-toplevel [6ms]
[2022-10-14T10:40:41.169Z] fatal: not a git repository (or any of the parent directories): .git
[2022-10-14T10:41:00.318Z] > git rev-parse --show-toplevel [7ms]
[2022-10-14T10:41:00.318Z] fatal: not a git repository (or any of the parent directories): .git
[2022-10-14T10:41:39.431Z] > git rev-parse --show-toplevel [13ms]
[2022-10-14T10:41:39.431Z] fatal: not a git repository (or any of the parent directories): .git
[2022-10-14T10:41:42.897Z] > git rev-parse --show-toplevel [7ms]
[2022-10-14T10:41:42.897Z] fatal: not a git repository (or any of the parent directories): .git
[2022-10-14T10:41:44.329Z] > git rev-parse --show-toplevel [9ms]
[2022-10-14T10:41:44.329Z] fatal: not a git repository (or any of the parent directories): .git
[2022-10-14T10:41:45.735Z] > git rev-parse --show-toplevel [14ms]
[2022-10-14T10:41:45.735Z] fatal: not a git repository (or any of the parent directories): .git
[2022-10-14T10:41:48.393Z] > git rev-parse --show-toplevel [6ms]
[2022-10-14T10:41:48.393Z] fatal: not a git repository (or any of the parent directories): .git
[2022-10-14T10:41:49.453Z] > git rev-parse --show-toplevel [5ms]
[2022-10-14T10:41:49.453Z] fatal: not a git repository (or any of the parent directories): .git
[2022-10-14T10:41:51.310Z] > git rev-parse --show-toplevel [5ms]
[2022-10-14T10:41:51.310Z] fatal: not a git repository (or any of the parent directories): .git
[2022-10-14T10:42:00.424Z] > git rev-parse --show-toplevel [20ms]
[2022-10-14T10:42:00.424Z] fatal: not a git repository (or any of the parent directories): .git
[2022-10-14T10:42:02.043Z] > git rev-parse --show-toplevel [6ms]
[2022-10-14T10:42:02.043Z] fatal: not a git repository (or any of the parent directories): .git
[2022-10-14T10:42:02.881Z] > git rev-parse --show-toplevel [19ms]
[2022-10-14T10:42:02.881Z] fatal: not a git repository (or any of the parent directories): .git
[2022-10-14T10:42:03.659Z] > git rev-parse --show-toplevel [6ms]
[2022-10-14T10:42:03.659Z] fatal: not a git repository (or any of the parent directories): .git
[2022-10-14T10:42:26.522Z] > git rev-parse --show-toplevel [6ms]
[2022-10-14T10:42:26.522Z] fatal: not a git repository (or any of the parent directories): .git
[2022-10-14T10:42:31.056Z] > git rev-parse --show-toplevel [6ms]
[2022-10-14T10:42:31.056Z] fatal: not a git repository (or any of the parent directories): .git
[2022-10-14T10:42:34.607Z] > git rev-parse --show-toplevel [6ms]
[2022-10-14T10:42:34.607Z] fatal: not a git repository (or any of the parent directories): .git
[2022-10-14T10:42:35.635Z] > git rev-parse --show-toplevel [7ms]
[2022-10-14T10:42:35.635Z] fatal: not a git repository (or any of the parent directories): .git
[2022-10-14T10:42:38.013Z] > git rev-parse --show-toplevel [5ms]
[2022-10-14T10:42:38.013Z] fatal: not a git repository (or any of the parent directories): .git
[2022-10-14T10:42:38.940Z] > git rev-parse --show-toplevel [6ms]
[2022-10-14T10:42:38.940Z] fatal: not a git repository (or any of the parent directories): .git
[2022-10-14T10:42:51.462Z] > git rev-parse --show-toplevel [6ms]
[2022-10-14T10:42:51.462Z] fatal: not a git repository (or any of the parent directories): .git
[2022-10-14T10:42:52.650Z] > git rev-parse --show-toplevel [5ms]
[2022-10-14T10:42:52.650Z] fatal: not a git repository (or any of the parent directories): .git
[2022-10-14T10:42:53.806Z] > git rev-parse --show-toplevel [5ms]
[2022-10-14T10:42:53.806Z] fatal: not a git repository (or any of the parent directories): .git
[2022-10-14T10:42:54.921Z] > git rev-parse --show-toplevel [4ms]
[2022-10-14T10:42:54.921Z] fatal: not a git repository (or any of the parent directories): .git
[2022-10-14T10:43:00.397Z] > git rev-parse --show-toplevel [6ms]
[2022-10-14T10:43:00.397Z] fatal: not a git repository (or any of the parent directories): .git
[2022-10-14T10:43:01.200Z] > git rev-parse --show-toplevel [7ms]
[2022-10-14T10:43:01.200Z] fatal: not a git repository (or any of the parent directories): .git
[2022-10-14T10:43:34.342Z] > git rev-parse --show-toplevel [2ms]
[2022-10-14T10:43:34.342Z] fatal: not a git repository (or any of the parent directories): .git
[2022-10-14T10:44:05.463Z] > git rev-parse --show-toplevel [3ms]
[2022-10-14T10:44:05.463Z] fatal: not a git repository (or any of the parent directories): .git
[2022-10-14T10:44:10.289Z] > git rev-parse --show-toplevel [11ms]
[2022-10-14T10:44:10.289Z] fatal: not a git repository (or any of the parent directories): .git
[2022-10-14T10:44:13.600Z] > git rev-parse --show-toplevel [4ms]
[2022-10-14T10:44:13.600Z] fatal: not a git repository (or any of the parent directories): .git
[2022-10-14T10:45:11.824Z] > git rev-parse --show-toplevel [6ms]
[2022-10-14T10:45:11.824Z] fatal: not a git repository (or any of the parent directories): .git
[2022-10-14T10:45:27.131Z] > git rev-parse --show-toplevel [20ms]
[2022-10-14T10:45:27.131Z] fatal: not a git repository (or any of the parent directories): .git
[2022-10-14T10:45:32.405Z] > git rev-parse --show-toplevel [8ms]
[2022-10-14T10:45:32.405Z] fatal: not a git repository (or any of the parent directories): .git
[2022-10-14T10:45:38.137Z] > git rev-parse --show-toplevel [14ms]
[2022-10-14T10:45:38.137Z] fatal: not a git repository (or any of the parent directories): .git
[2022-10-14T10:45:59.811Z] > git rev-parse --show-toplevel [5ms]
[2022-10-14T10:45:59.811Z] fatal: not a git repository (or any of the parent directories): .git
[2022-10-14T10:46:02.834Z] > git rev-parse --show-toplevel [12ms]
[2022-10-14T10:46:02.834Z] fatal: not a git repository (or any of the parent directories): .git
[2022-10-14T10:46:51.990Z] > git rev-parse --show-toplevel [9ms]
[2022-10-14T10:46:51.990Z] fatal: not a git repository (or any of the parent directories): .git
[2022-10-14T10:47:25.504Z] > git rev-parse --show-toplevel [12ms]
[2022-10-14T10:47:25.504Z] fatal: not a git repository (or any of the parent directories): .git
[2022-10-14T10:47:46.022Z] > git rev-parse --show-toplevel [3ms]
[2022-10-14T10:47:46.022Z] fatal: not a git repository (or any of the parent directories): .git
[2022-10-14T10:47:46.583Z] > git rev-parse --show-toplevel [6ms]
[2022-10-14T10:47:46.583Z] fatal: not a git repository (or any of the parent directories): .git
[2022-10-14T10:47:48.272Z] > git rev-parse --show-toplevel [6ms]
[2022-10-14T10:47:48.272Z] fatal: not a git repository (or any of the parent directories): .git
[2022-10-14T10:49:37.510Z] > git rev-parse --show-toplevel [12ms]
[2022-10-14T10:49:37.510Z] fatal: not a git repository (or any of the parent directories): .git
[2022-10-14T10:54:37.995Z] > git rev-parse --show-toplevel [12ms]
[2022-10-14T10:54:37.995Z] fatal: not a git repository (or any of the parent directories): .git
[2022-10-14T10:54:59.755Z] > git rev-parse --show-toplevel [6ms]
[2022-10-14T10:54:59.755Z] fatal: not a git repository (or any of the parent directories): .git
[2022-10-14T10:55:02.918Z] > git rev-parse --show-toplevel [6ms]
[2022-10-14T10:55:02.918Z] fatal: not a git repository (or any of the parent directories): .git
[2022-10-14T10:57:37.670Z] > git rev-parse --show-toplevel [12ms]
[2022-10-14T10:57:37.670Z] fatal: not a git repository (or any of the parent directories): .git
[2022-10-14T10:59:26.676Z] > git rev-parse --show-toplevel [15ms]
[2022-10-14T10:59:26.676Z] fatal: not a git repository (or any of the parent directories): .git
[2022-10-14T11:11:02.049Z] > git rev-parse --show-toplevel [19ms]
[2022-10-14T11:11:02.049Z] fatal: not a git repository (or any of the parent directories): .git
[2022-10-14T11:13:58.157Z] > git rev-parse --show-toplevel [5ms]
[2022-10-14T11:13:58.157Z] fatal: not a git repository (or any of the parent directories): .git
[2022-10-14T11:14:07.896Z] > git rev-parse --show-toplevel [4ms]
[2022-10-14T11:14:07.896Z] fatal: not a git repository (or any of the parent directories): .git
[2022-10-14T11:14:08.903Z] > git rev-parse --show-toplevel [9ms]
[2022-10-14T11:14:08.903Z] fatal: not a git repository (or any of the parent directories): .git
[2022-10-14T11:14:26.288Z] > git rev-parse --show-toplevel [4ms]
[2022-10-14T11:14:26.288Z] fatal: not a git repository (or any of the parent directories): .git
[2022-10-14T11:15:34.424Z] > git rev-parse --show-toplevel [6ms]
[2022-10-14T11:15:34.424Z] fatal: not a git repository (or any of the parent directories): .git
[2022-10-14T11:15:35.174Z] > git rev-parse --show-toplevel [5ms]
[2022-10-14T11:15:35.174Z] fatal: not a git repository (or any of the parent directories): .git
[2022-10-14T11:15:35.679Z] > git rev-parse --show-toplevel [5ms]
[2022-10-14T11:15:35.679Z] fatal: not a git repository (or any of the parent directories): .git
[2022-10-14T11:15:36.270Z] > git rev-parse --show-toplevel [8ms]
[2022-10-14T11:15:36.270Z] fatal: not a git repository (or any of the parent directories): .git
[2022-10-14T11:15:36.797Z] > git rev-parse --show-toplevel [2ms]
[2022-10-14T11:15:36.797Z] fatal: not a git repository (or any of the parent directories): .git
[2022-10-14T11:16:42.431Z] > git rev-parse --show-toplevel [21ms]
[2022-10-14T11:16:42.431Z] fatal: not a git repository (or any of the parent directories): .git
[2022-10-14T11:18:31.133Z] > git rev-parse --show-toplevel [6ms]
[2022-10-14T11:18:31.133Z] fatal: not a git repository (or any of the parent directories): .git
[2022-10-14T11:26:33.055Z] > git rev-parse --show-toplevel [4ms]
[2022-10-14T11:26:33.055Z] fatal: not a git repository (or any of the parent directories): .git
[2022-10-14T11:26:33.062Z] > git rev-parse --show-toplevel [4ms]
[2022-10-14T11:26:33.062Z] fatal: not a git repository (or any of the parent directories): .git
[2022-10-14T11:26:37.345Z] > git rev-parse --show-toplevel [2ms]
[2022-10-14T11:26:37.345Z] fatal: not a git repository (or any of the parent directories): .git
[2022-10-14T11:26:41.776Z] > git rev-parse --show-toplevel [8ms]
[2022-10-14T11:26:41.776Z] fatal: not a git repository (or any of the parent directories): .git
[2022-10-14T11:28:01.502Z] > git rev-parse --show-toplevel [10ms]
[2022-10-14T11:28:01.502Z] fatal: not a git repository (or any of the parent directories): .git
[2022-10-14T11:28:18.642Z] > git rev-parse --show-toplevel [5ms]
[2022-10-14T11:28:18.642Z] fatal: not a git repository (or any of the parent directories): .git
[2022-10-14T11:28:20.946Z] > git rev-parse --show-toplevel [6ms]
[2022-10-14T11:28:20.946Z] fatal: not a git repository (or any of the parent directories): .git
[2022-10-14T11:29:07.583Z] > git rev-parse --show-toplevel [15ms]
[2022-10-14T11:29:07.583Z] fatal: not a git repository (or any of the parent directories): .git
[2022-10-14T11:29:08.342Z] > git rev-parse --show-toplevel [8ms]
[2022-10-14T11:29:08.342Z] fatal: not a git repository (or any of the parent directories): .git
[2022-10-14T11:29:09.637Z] > git rev-parse --show-toplevel [10ms]
[2022-10-14T11:29:09.637Z] fatal: not a git repository (or any of the parent directories): .git
[2022-10-14T11:29:10.791Z] > git rev-parse --show-toplevel [5ms]
[2022-10-14T11:29:10.791Z] fatal: not a git repository (or any of the parent directories): .git
[2022-10-14T11:29:11.401Z] > git rev-parse --show-toplevel [6ms]
[2022-10-14T11:29:11.401Z] fatal: not a git repository (or any of the parent directories): .git
[2022-10-14T11:31:49.120Z] > git rev-parse --show-toplevel [19ms]
[2022-10-14T11:31:49.120Z] fatal: not a git repository (or any of the parent directories): .git
[2022-10-14T11:31:49.382Z] > git rev-parse --show-toplevel [12ms]
[2022-10-14T11:31:49.382Z] fatal: not a git repository (or any of the parent directories): .git
[2022-10-14T11:33:36.219Z] > git rev-parse --show-toplevel [6ms]
[2022-10-14T11:33:36.219Z] fatal: not a git repository (or any of the parent directories): .git
[2022-10-14T11:33:46.256Z] > git rev-parse --show-toplevel [14ms]
[2022-10-14T11:33:46.256Z] fatal: not a git repository (or any of the parent directories): .git
[2022-10-14T11:34:20.783Z] > git rev-parse --show-toplevel [11ms]
[2022-10-14T11:34:20.783Z] fatal: not a git repository (or any of the parent directories): .git
[2022-10-14T11:34:54.746Z] > git rev-parse --show-toplevel [4ms]
[2022-10-14T11:34:54.746Z] fatal: not a git repository (or any of the parent directories): .git
[2022-10-14T11:34:58.326Z] > git rev-parse --show-toplevel [7ms]
[2022-10-14T11:34:58.326Z] fatal: not a git repository (or any of the parent directories): .git
[2022-10-14T11:35:19.225Z] > git rev-parse --show-toplevel [9ms]
[2022-10-14T11:35:19.225Z] fatal: not a git repository (or any of the parent directories): .git
[2022-10-14T11:35:27.135Z] > git rev-parse --show-toplevel [7ms]
[2022-10-14T11:35:27.135Z] fatal: not a git repository (or any of the parent directories): .git
[2022-10-14T11:35:49.411Z] > git rev-parse --show-toplevel [10ms]
[2022-10-14T11:35:49.411Z] fatal: not a git repository (or any of the parent directories): .git
[2022-10-14T11:35:54.206Z] > git rev-parse --show-toplevel [25ms]
[2022-10-14T11:35:54.206Z] fatal: not a git repository (or any of the parent directories): .git
[2022-10-14T11:35:58.932Z] > git rev-parse --show-toplevel [15ms]
[2022-10-14T11:35:58.932Z] fatal: not a git repository (or any of the parent directories): .git
[2022-10-14T11:36:18.019Z] > git rev-parse --show-toplevel [2ms]
[2022-10-14T11:36:18.019Z] fatal: not a git repository (or any of the parent directories): .git
[2022-10-14T11:36:27.183Z] > git rev-parse --show-toplevel [8ms]
[2022-10-14T11:36:27.183Z] fatal: not a git repository (or any of the parent directories): .git
[2022-10-14T11:36:29.328Z] > git rev-parse --show-toplevel [3ms]
[2022-10-14T11:36:29.328Z] fatal: not a git repository (or any of the parent directories): .git
[2022-10-14T11:36:31.392Z] > git rev-parse --show-toplevel [5ms]
[2022-10-14T11:36:31.392Z] fatal: not a git repository (or any of the parent directories): .git
[2022-10-14T11:36:35.359Z] > git rev-parse --show-toplevel [15ms]
[2022-10-14T11:36:35.359Z] fatal: not a git repository (or any of the parent directories): .git
[2022-10-14T11:36:36.177Z] > git rev-parse --show-toplevel [15ms]
[2022-10-14T11:36:36.177Z] fatal: not a git repository (or any of the parent directories): .git
[2022-10-14T11:36:39.064Z] > git rev-parse --show-toplevel [6ms]
[2022-10-14T11:36:39.064Z] fatal: not a git repository (or any of the parent directories): .git
[2022-10-14T11:36:41.307Z] > git rev-parse --show-toplevel [6ms]
[2022-10-14T11:36:41.307Z] fatal: not a git repository (or any of the parent directories): .git
[2022-10-14T11:36:45.037Z] > git rev-parse --show-toplevel [11ms]
[2022-10-14T11:36:45.037Z] fatal: not a git repository (or any of the parent directories): .git
[2022-10-14T11:36:56.856Z] > git rev-parse --show-toplevel [6ms]
[2022-10-14T11:36:56.856Z] fatal: not a git repository (or any of the parent directories): .git
[2022-10-14T11:38:13.567Z] > git rev-parse --show-toplevel [23ms]
[2022-10-14T11:38:13.567Z] fatal: not a git repository (or any of the parent directories): .git
[2022-10-14T11:39:32.661Z] > git rev-parse --show-toplevel [19ms]
[2022-10-14T11:39:32.661Z] fatal: not a git repository (or any of the parent directories): .git
[2022-10-14T11:39:38.838Z] > git rev-parse --show-toplevel [4ms]
[2022-10-14T11:39:38.838Z] fatal: not a git repository (or any of the parent directories): .git
[2022-10-14T11:39:48.534Z] > git rev-parse --show-toplevel [4ms]
[2022-10-14T11:39:48.534Z] fatal: not a git repository (or any of the parent directories): .git
[2022-10-14T11:42:36.465Z] > git rev-parse --show-toplevel [13ms]
[2022-10-14T11:42:36.465Z] fatal: not a git repository (or any of the parent directories): .git
[2022-10-14T11:42:39.636Z] > git rev-parse --show-toplevel [6ms]
[2022-10-14T11:42:39.636Z] fatal: not a git repository (or any of the parent directories): .git
[2022-10-14T11:43:11.035Z] > git rev-parse --show-toplevel [15ms]
[2022-10-14T11:43:11.035Z] fatal: not a git repository (or any of the parent directories): .git
[2022-10-14T11:43:11.957Z] > git rev-parse --show-toplevel [11ms]
[2022-10-14T11:43:11.957Z] fatal: not a git repository (or any of the parent directories): .git
[2022-10-14T11:43:13.135Z] > git rev-parse --show-toplevel [7ms]
[2022-10-14T11:43:13.135Z] fatal: not a git repository (or any of the parent directories): .git
[2022-10-14T11:44:14.727Z] > git rev-parse --show-toplevel [21ms]
[2022-10-14T11:44:14.727Z] fatal: not a git repository (or any of the parent directories): .git
[2022-10-14T11:44:29.794Z] > git rev-parse --show-toplevel [11ms]
[2022-10-14T11:44:29.794Z] fatal: not a git repository (or any of the parent directories): .git
[2022-10-14T11:45:08.698Z] > git rev-parse --show-toplevel [15ms]
[2022-10-14T11:45:08.698Z] fatal: not a git repository (or any of the parent directories): .git
[2022-10-14T11:45:16.293Z] > git rev-parse --show-toplevel [15ms]
[2022-10-14T11:45:16.293Z] fatal: not a git repository (or any of the parent directories): .git
[2022-10-14T11:45:22.047Z] > git rev-parse --show-toplevel [12ms]
[2022-10-14T11:45:22.047Z] fatal: not a git repository (or any of the parent directories): .git
[2022-10-14T11:45:25.937Z] > git rev-parse --show-toplevel [4ms]
[2022-10-14T11:45:25.937Z] fatal: not a git repository (or any of the parent directories): .git
[2022-10-14T11:45:59.560Z] > git rev-parse --show-toplevel [17ms]
[2022-10-14T11:45:59.560Z] fatal: not a git repository (or any of the parent directories): .git
[2022-10-14T11:46:42.605Z] > git rev-parse --show-toplevel [4ms]
[2022-10-14T11:46:42.605Z] fatal: not a git repository (or any of the parent directories): .git
[2022-10-14T11:46:48.801Z] > git rev-parse --show-toplevel [11ms]
[2022-10-14T11:46:48.801Z] fatal: not a git repository (or any of the parent directories): .git
[2022-10-14T11:46:54.357Z] > git rev-parse --show-toplevel [4ms]
[2022-10-14T11:46:54.357Z] fatal: not a git repository (or any of the parent directories): .git
[2022-10-14T11:46:57.046Z] > git rev-parse --show-toplevel [4ms]
[2022-10-14T11:46:57.046Z] fatal: not a git repository (or any of the parent directories): .git
[2022-10-14T11:46:58.059Z] > git rev-parse --show-toplevel [7ms]
[2022-10-14T11:46:58.059Z] fatal: not a git repository (or any of the parent directories): .git
[2022-10-14T11:46:59.536Z] > git rev-parse --show-toplevel [15ms]
[2022-10-14T11:46:59.536Z] fatal: not a git repository (or any of the parent directories): .git
[2022-10-14T11:47:00.125Z] > git rev-parse --show-toplevel [9ms]
[2022-10-14T11:47:00.125Z] fatal: not a git repository (or any of the parent directories): .git
[2022-10-14T11:51:16.013Z] > git rev-parse --show-toplevel [16ms]
[2022-10-14T11:51:16.013Z] fatal: not a git repository (or any of the parent directories): .git
