*
* Visual Studio Code Server
*
* By using the software, you agree to
* the Visual Studio Code Server License Terms (https://aka.ms/vscode-server-license) and
* the Microsoft Privacy Statement (https://privacy.microsoft.com/en-US/privacystatement).
*
Server bound to 127.0.0.1:41219 (IPv4)
Extension host agent listening on 41219

[12:48:34] Extension host agent started.
[12:48:34] [127.0.0.1][66fa8b9d][ManagementConnection] New connection established.
[12:48:34] [127.0.0.1][55e61390][ExtensionHostConnection] New connection established.
[12:48:34] [127.0.0.1][55e61390][ExtensionHostConnection] <2031> Launched Extension Host Process.
[IPC Library: Pty Host]  WARN Shell integration cannot be enabled for executable "/bin/sh" and args [
  '-c',
  'wget --version > /dev/null\n' +
    'if [ $? -eq 0 ]\n' +
    'then\n' +
    "\twget --connect-timeout=7 --tries=1 --dns-timeout=7 -q --header='Metadata:true' -O - http://169.254.169.254/metadata/instance?api-version=2019-03-11\n" +
    'else\n' +
    '\tcurl --version > /dev/null\n' +
    '\tif [ $? -eq 0 ]\n' +
    '\tthen\n' +
    "\t\tcurl --connect-timeout 7 -s --header='Metadata:true' http://169.254.169.254/metadata/instance?api-version=2019-03-11\n" +
    '\tfi\n' +
    'fi\n' +
    'exit 0'
]
[IPC Library: Pty Host]  WARN Shell integration cannot be enabled for executable "/bin/sh" and args [
  '-c',
  'wget --version > /dev/null\n' +
    'if [ $? -eq 0 ]\n' +
    'then\n' +
    '\twget --connect-timeout=7 --tries=1 --dns-timeout=7 -q  -O - http://169.254.169.254/latest/meta-data/instance-id\n' +
    'else\n' +
    '\tcurl --version > /dev/null\n' +
    '\tif [ $? -eq 0 ]\n' +
    '\tthen\n' +
    '\t\tcurl --connect-timeout 7 -s  http://169.254.169.254/latest/meta-data/instance-id\n' +
    '\tfi\n' +
    'fi\n' +
    'exit 0'
]
[IPC Library: Pty Host]  WARN Shell integration cannot be enabled for executable "/bin/sh" and args [
  '-c',
  'wget --version > /dev/null\n' +
    'if [ $? -eq 0 ]\n' +
    'then\n' +
    '\twget --connect-timeout=7 --tries=1 --dns-timeout=7 -q  -O - http://169.254.169.254/metadata/v1/id\n' +
    'else\n' +
    '\tcurl --version > /dev/null\n' +
    '\tif [ $? -eq 0 ]\n' +
    '\tthen\n' +
    '\t\tcurl --connect-timeout 7 -s  http://169.254.169.254/metadata/v1/id\n' +
    '\tfi\n' +
    'fi\n' +
    'exit 0'
]
[IPC Library: Pty Host]  WARN Shell integration cannot be enabled for executable "/bin/sh" and args [
  '-c',
  'wget --version > /dev/null\n' +
    'if [ $? -eq 0 ]\n' +
    'then\n' +
    "\twget --connect-timeout=7 --tries=1 --dns-timeout=7 -q --header='Metadata-Flavor:Google' -O - http://metadata.google.internal/computeMetadata/v1/instance/id\n" +
    'else\n' +
    '\tcurl --version > /dev/null\n' +
    '\tif [ $? -eq 0 ]\n' +
    '\tthen\n' +
    "\t\tcurl --connect-timeout 7 -s --header='Metadata-Flavor:Google' http://metadata.google.internal/computeMetadata/v1/instance/id\n" +
    '\tfi\n' +
    'fi\n' +
    'exit 0'
]
[12:48:57] [127.0.0.1][66fa8b9d][ManagementConnection] The client has disconnected gracefully, so the connection will be disposed.
[12:48:57] [127.0.0.1][55e61390][ExtensionHostConnection] <2031> Extension Host Process exited with code: 0, signal: null.
Last EH closed, waiting before shutting down
[12:48:57] Last EH closed, waiting before shutting down
Got delay-shutdown request while in shutdown timeout, delaying
[12:49:13] Got delay-shutdown request while in shutdown timeout, delaying
Cancelling previous shutdown timeout
[12:49:13] Cancelling previous shutdown timeout
[12:49:14] [127.0.0.1][fe6060d2][ManagementConnection] New connection established.
[12:49:14] [127.0.0.1][88cab284][ExtensionHostConnection] New connection established.
[12:49:14] [127.0.0.1][88cab284][ExtensionHostConnection] <2187> Launched Extension Host Process.
[IPC Library: Pty Host]  WARN Shell integration cannot be enabled for executable "/bin/sh" and args [
  '-c',
  'wget --version > /dev/null\n' +
    'if [ $? -eq 0 ]\n' +
    'then\n' +
    "\twget --connect-timeout=7 --tries=1 --dns-timeout=7 -q --header='Metadata:true' -O - http://169.254.169.254/metadata/instance?api-version=2019-03-11\n" +
    'else\n' +
    '\tcurl --version > /dev/null\n' +
    '\tif [ $? -eq 0 ]\n' +
    '\tthen\n' +
    "\t\tcurl --connect-timeout 7 -s --header='Metadata:true' http://169.254.169.254/metadata/instance?api-version=2019-03-11\n" +
    '\tfi\n' +
    'fi\n' +
    'exit 0'
]
[IPC Library: Pty Host]  WARN Shell integration cannot be enabled for executable "/bin/sh" and args [
  '-c',
  'wget --version > /dev/null\n' +
    'if [ $? -eq 0 ]\n' +
    'then\n' +
    '\twget --connect-timeout=7 --tries=1 --dns-timeout=7 -q  -O - http://169.254.169.254/latest/meta-data/instance-id\n' +
    'else\n' +
    '\tcurl --version > /dev/null\n' +
    '\tif [ $? -eq 0 ]\n' +
    '\tthen\n' +
    '\t\tcurl --connect-timeout 7 -s  http://169.254.169.254/latest/meta-data/instance-id\n' +
    '\tfi\n' +
    'fi\n' +
    'exit 0'
]
[IPC Library: Pty Host]  WARN Shell integration cannot be enabled for executable "/bin/sh" and args [
  '-c',
  'wget --version > /dev/null\n' +
    'if [ $? -eq 0 ]\n' +
    'then\n' +
    '\twget --connect-timeout=7 --tries=1 --dns-timeout=7 -q  -O - http://169.254.169.254/metadata/v1/id\n' +
    'else\n' +
    '\tcurl --version > /dev/null\n' +
    '\tif [ $? -eq 0 ]\n' +
    '\tthen\n' +
    '\t\tcurl --connect-timeout 7 -s  http://169.254.169.254/metadata/v1/id\n' +
    '\tfi\n' +
    'fi\n' +
    'exit 0'
]
[IPC Library: Pty Host]  WARN Shell integration cannot be enabled for executable "/bin/sh" and args [
  '-c',
  'wget --version > /dev/null\n' +
    'if [ $? -eq 0 ]\n' +
    'then\n' +
    "\twget --connect-timeout=7 --tries=1 --dns-timeout=7 -q --header='Metadata-Flavor:Google' -O - http://metadata.google.internal/computeMetadata/v1/instance/id\n" +
    'else\n' +
    '\tcurl --version > /dev/null\n' +
    '\tif [ $? -eq 0 ]\n' +
    '\tthen\n' +
    "\t\tcurl --connect-timeout 7 -s --header='Metadata-Flavor:Google' http://metadata.google.internal/computeMetadata/v1/instance/id\n" +
    '\tfi\n' +
    'fi\n' +
    'exit 0'
]
rejected promise not handled within 1 second: CodeExpectedError: Could not find pty on pty host
stack trace: CodeExpectedError: Could not find pty on pty host,    at a._throwIfNoPty (/home/zudarr/.vscode-server/bin/129500ee4c8ab7263461ffe327268ba56b9f210d/out/vs/platform/terminal/node/ptyHostMain.js:27:7252),    at a.updateTitle (/home/zudarr/.vscode-server/bin/129500ee4c8ab7263461ffe327268ba56b9f210d/out/vs/platform/terminal/node/ptyHostMain.js:27:2984),    at Object.call (/home/zudarr/.vscode-server/bin/129500ee4c8ab7263461ffe327268ba56b9f210d/out/vs/platform/terminal/node/ptyHostMain.js:16:8386),    at c.onPromise (/home/zudarr/.vscode-server/bin/129500ee4c8ab7263461ffe327268ba56b9f210d/out/vs/platform/terminal/node/ptyHostMain.js:15:5833),    at c.onRawMessage (/home/zudarr/.vscode-server/bin/129500ee4c8ab7263461ffe327268ba56b9f210d/out/vs/platform/terminal/node/ptyHostMain.js:15:5216),    at /home/zudarr/.vscode-server/bin/129500ee4c8ab7263461ffe327268ba56b9f210d/out/vs/platform/terminal/node/ptyHostMain.js:15:4502,    at m.invoke (/home/zudarr/.vscode-server/bin/129500ee4c8ab7263461ffe327268ba56b9f210d/out/vs/platform/terminal/node/ptyHostMain.js:11:145),    at D.deliver (/home/zudarr/.vscode-server/bin/129500ee4c8ab7263461ffe327268ba56b9f210d/out/vs/platform/terminal/node/ptyHostMain.js:11:2275),    at O.fire (/home/zudarr/.vscode-server/bin/129500ee4c8ab7263461ffe327268ba56b9f210d/out/vs/platform/terminal/node/ptyHostMain.js:11:1853),    at process.X (/home/zudarr/.vscode-server/bin/129500ee4c8ab7263461ffe327268ba56b9f210d/out/vs/platform/terminal/node/ptyHostMain.js:9:20837),    at process.emit (node:events:526:28),    at emit (node:internal/child_process:938:14),    at processTicksAndRejections (node:internal/process/task_queues:84:21)
[12:49:16] [Error [CodeExpectedError]: Could not find pty on pty host,    at a._throwIfNoPty (/home/zudarr/.vscode-server/bin/129500ee4c8ab7263461ffe327268ba56b9f210d/out/vs/platform/terminal/node/ptyHostMain.js:27:7252),    at a.updateTitle (/home/zudarr/.vscode-server/bin/129500ee4c8ab7263461ffe327268ba56b9f210d/out/vs/platform/terminal/node/ptyHostMain.js:27:2984),    at Object.call (/home/zudarr/.vscode-server/bin/129500ee4c8ab7263461ffe327268ba56b9f210d/out/vs/platform/terminal/node/ptyHostMain.js:16:8386),    at c.onPromise (/home/zudarr/.vscode-server/bin/129500ee4c8ab7263461ffe327268ba56b9f210d/out/vs/platform/terminal/node/ptyHostMain.js:15:5833),    at c.onRawMessage (/home/zudarr/.vscode-server/bin/129500ee4c8ab7263461ffe327268ba56b9f210d/out/vs/platform/terminal/node/ptyHostMain.js:15:5216),    at /home/zudarr/.vscode-server/bin/129500ee4c8ab7263461ffe327268ba56b9f210d/out/vs/platform/terminal/node/ptyHostMain.js:15:4502,    at m.invoke (/home/zudarr/.vscode-server/bin/129500ee4c8ab7263461ffe327268ba56b9f210d/out/vs/platform/terminal/node/ptyHostMain.js:11:145),    at D.deliver (/home/zudarr/.vscode-server/bin/129500ee4c8ab7263461ffe327268ba56b9f210d/out/vs/platform/terminal/node/ptyHostMain.js:11:2275),    at O.fire (/home/zudarr/.vscode-server/bin/129500ee4c8ab7263461ffe327268ba56b9f210d/out/vs/platform/terminal/node/ptyHostMain.js:11:1853),    at process.X (/home/zudarr/.vscode-server/bin/129500ee4c8ab7263461ffe327268ba56b9f210d/out/vs/platform/terminal/node/ptyHostMain.js:9:20837),    at process.emit (node:events:526:28),    at emit (node:internal/child_process:938:14),    at processTicksAndRejections (node:internal/process/task_queues:84:21)]
[12:50:22] [127.0.0.1][fe6060d2][ManagementConnection] The client has disconnected gracefully, so the connection will be disposed.
[12:50:22] [127.0.0.1][88cab284][ExtensionHostConnection] <2187> Extension Host Process exited with code: 0, signal: null.
Cancelling previous shutdown timeout
[12:50:22] Cancelling previous shutdown timeout
Last EH closed, waiting before shutting down
[12:50:22] Last EH closed, waiting before shutting down
Got delay-shutdown request while in shutdown timeout, delaying
[12:50:31] Got delay-shutdown request while in shutdown timeout, delaying
Cancelling previous shutdown timeout
[12:50:31] Cancelling previous shutdown timeout
[12:50:31] [127.0.0.1][d7ed9dfd][ManagementConnection] New connection established.
[12:50:31] [127.0.0.1][5d8206de][ExtensionHostConnection] New connection established.
[12:50:31] [127.0.0.1][5d8206de][ExtensionHostConnection] <2431> Launched Extension Host Process.
[IPC Library: Pty Host]  WARN Shell integration cannot be enabled for executable "/bin/sh" and args [
  '-c',
  'wget --version > /dev/null\n' +
    'if [ $? -eq 0 ]\n' +
    'then\n' +
    "\twget --connect-timeout=7 --tries=1 --dns-timeout=7 -q --header='Metadata:true' -O - http://169.254.169.254/metadata/instance?api-version=2019-03-11\n" +
    'else\n' +
    '\tcurl --version > /dev/null\n' +
    '\tif [ $? -eq 0 ]\n' +
    '\tthen\n' +
    "\t\tcurl --connect-timeout 7 -s --header='Metadata:true' http://169.254.169.254/metadata/instance?api-version=2019-03-11\n" +
    '\tfi\n' +
    'fi\n' +
    'exit 0'
]
[IPC Library: Pty Host]  WARN Shell integration cannot be enabled for executable "/bin/sh" and args [
  '-c',
  'wget --version > /dev/null\n' +
    'if [ $? -eq 0 ]\n' +
    'then\n' +
    '\twget --connect-timeout=7 --tries=1 --dns-timeout=7 -q  -O - http://169.254.169.254/latest/meta-data/instance-id\n' +
    'else\n' +
    '\tcurl --version > /dev/null\n' +
    '\tif [ $? -eq 0 ]\n' +
    '\tthen\n' +
    '\t\tcurl --connect-timeout 7 -s  http://169.254.169.254/latest/meta-data/instance-id\n' +
    '\tfi\n' +
    'fi\n' +
    'exit 0'
]
[IPC Library: Pty Host]  WARN Shell integration cannot be enabled for executable "/bin/sh" and args [
  '-c',
  'wget --version > /dev/null\n' +
    'if [ $? -eq 0 ]\n' +
    'then\n' +
    '\twget --connect-timeout=7 --tries=1 --dns-timeout=7 -q  -O - http://169.254.169.254/metadata/v1/id\n' +
    'else\n' +
    '\tcurl --version > /dev/null\n' +
    '\tif [ $? -eq 0 ]\n' +
    '\tthen\n' +
    '\t\tcurl --connect-timeout 7 -s  http://169.254.169.254/metadata/v1/id\n' +
    '\tfi\n' +
    'fi\n' +
    'exit 0'
]
[IPC Library: Pty Host]  WARN Shell integration cannot be enabled for executable "/bin/sh" and args [
  '-c',
  'wget --version > /dev/null\n' +
    'if [ $? -eq 0 ]\n' +
    'then\n' +
    "\twget --connect-timeout=7 --tries=1 --dns-timeout=7 -q --header='Metadata-Flavor:Google' -O - http://metadata.google.internal/computeMetadata/v1/instance/id\n" +
    'else\n' +
    '\tcurl --version > /dev/null\n' +
    '\tif [ $? -eq 0 ]\n' +
    '\tthen\n' +
    "\t\tcurl --connect-timeout 7 -s --header='Metadata-Flavor:Google' http://metadata.google.internal/computeMetadata/v1/instance/id\n" +
    '\tfi\n' +
    'fi\n' +
    'exit 0'
]
rejected promise not handled within 1 second: CodeExpectedError: Could not find pty on pty host
stack trace: CodeExpectedError: Could not find pty on pty host,    at a._throwIfNoPty (/home/zudarr/.vscode-server/bin/129500ee4c8ab7263461ffe327268ba56b9f210d/out/vs/platform/terminal/node/ptyHostMain.js:27:7252),    at a.updateTitle (/home/zudarr/.vscode-server/bin/129500ee4c8ab7263461ffe327268ba56b9f210d/out/vs/platform/terminal/node/ptyHostMain.js:27:2984),    at Object.call (/home/zudarr/.vscode-server/bin/129500ee4c8ab7263461ffe327268ba56b9f210d/out/vs/platform/terminal/node/ptyHostMain.js:16:8386),    at c.onPromise (/home/zudarr/.vscode-server/bin/129500ee4c8ab7263461ffe327268ba56b9f210d/out/vs/platform/terminal/node/ptyHostMain.js:15:5833),    at c.onRawMessage (/home/zudarr/.vscode-server/bin/129500ee4c8ab7263461ffe327268ba56b9f210d/out/vs/platform/terminal/node/ptyHostMain.js:15:5216),    at /home/zudarr/.vscode-server/bin/129500ee4c8ab7263461ffe327268ba56b9f210d/out/vs/platform/terminal/node/ptyHostMain.js:15:4502,    at m.invoke (/home/zudarr/.vscode-server/bin/129500ee4c8ab7263461ffe327268ba56b9f210d/out/vs/platform/terminal/node/ptyHostMain.js:11:145),    at D.deliver (/home/zudarr/.vscode-server/bin/129500ee4c8ab7263461ffe327268ba56b9f210d/out/vs/platform/terminal/node/ptyHostMain.js:11:2275),    at O.fire (/home/zudarr/.vscode-server/bin/129500ee4c8ab7263461ffe327268ba56b9f210d/out/vs/platform/terminal/node/ptyHostMain.js:11:1853),    at process.X (/home/zudarr/.vscode-server/bin/129500ee4c8ab7263461ffe327268ba56b9f210d/out/vs/platform/terminal/node/ptyHostMain.js:9:20837),    at process.emit (node:events:526:28),    at emit (node:internal/child_process:938:14),    at processTicksAndRejections (node:internal/process/task_queues:84:21)
[12:50:33] [Error [CodeExpectedError]: Could not find pty on pty host,    at a._throwIfNoPty (/home/zudarr/.vscode-server/bin/129500ee4c8ab7263461ffe327268ba56b9f210d/out/vs/platform/terminal/node/ptyHostMain.js:27:7252),    at a.updateTitle (/home/zudarr/.vscode-server/bin/129500ee4c8ab7263461ffe327268ba56b9f210d/out/vs/platform/terminal/node/ptyHostMain.js:27:2984),    at Object.call (/home/zudarr/.vscode-server/bin/129500ee4c8ab7263461ffe327268ba56b9f210d/out/vs/platform/terminal/node/ptyHostMain.js:16:8386),    at c.onPromise (/home/zudarr/.vscode-server/bin/129500ee4c8ab7263461ffe327268ba56b9f210d/out/vs/platform/terminal/node/ptyHostMain.js:15:5833),    at c.onRawMessage (/home/zudarr/.vscode-server/bin/129500ee4c8ab7263461ffe327268ba56b9f210d/out/vs/platform/terminal/node/ptyHostMain.js:15:5216),    at /home/zudarr/.vscode-server/bin/129500ee4c8ab7263461ffe327268ba56b9f210d/out/vs/platform/terminal/node/ptyHostMain.js:15:4502,    at m.invoke (/home/zudarr/.vscode-server/bin/129500ee4c8ab7263461ffe327268ba56b9f210d/out/vs/platform/terminal/node/ptyHostMain.js:11:145),    at D.deliver (/home/zudarr/.vscode-server/bin/129500ee4c8ab7263461ffe327268ba56b9f210d/out/vs/platform/terminal/node/ptyHostMain.js:11:2275),    at O.fire (/home/zudarr/.vscode-server/bin/129500ee4c8ab7263461ffe327268ba56b9f210d/out/vs/platform/terminal/node/ptyHostMain.js:11:1853),    at process.X (/home/zudarr/.vscode-server/bin/129500ee4c8ab7263461ffe327268ba56b9f210d/out/vs/platform/terminal/node/ptyHostMain.js:9:20837),    at process.emit (node:events:526:28),    at emit (node:internal/child_process:938:14),    at processTicksAndRejections (node:internal/process/task_queues:84:21)]
New EH opened, aborting shutdown
[12:55:31] New EH opened, aborting shutdown
[14:29:05] Getting Manifest... ms-vscode.makefile-tools
[14:29:05] Installing extension: ms-vscode.makefile-tools
[14:29:08] Downloaded extension: ms-vscode.makefile-tools /home/zudarr/.vscode-server/data/CachedExtensionVSIXs/ms-vscode.makefile-tools-0.6.0
[14:29:09] Extracted extension to /home/zudarr/.vscode-server/extensions/.cf93a5f5-df86-4403-b4ae-9e414d39c27b: ms-vscode.makefile-tools
[14:29:09] Renamed to /home/zudarr/.vscode-server/extensions/ms-vscode.makefile-tools-0.6.0
[14:29:09] Extracting completed. ms-vscode.makefile-tools
[14:29:09] Extension installed successfully: ms-vscode.makefile-tools
