*
* Visual Studio Code Server
*
* By using the software, you agree to
* the Visual Studio Code Server License Terms (https://aka.ms/vscode-server-license) and
* the Microsoft Privacy Statement (https://privacy.microsoft.com/en-US/privacystatement).
*
Server bound to 127.0.0.1:36973 (IPv4)
Extension host agent listening on 36973

[12:57:48] Extension host agent started.
[12:57:48] [127.0.0.1][a1083b9a][ManagementConnection] New connection established.
[12:57:48] [127.0.0.1][4b655e1b][ExtensionHostConnection] New connection established.
[12:57:48] [127.0.0.1][4b655e1b][ExtensionHostConnection] <1496> Launched Extension Host Process.
[IPC Library: Pty Host]  WARN Shell integration cannot be enabled for executable "/bin/sh" and args [
  '-c',
  'wget --version > /dev/null\n' +
    'if [ $? -eq 0 ]\n' +
    'then\n' +
    "\twget --connect-timeout=7 --tries=1 --dns-timeout=7 -q --header='Metadata:true' -O - http://169.254.169.254/metadata/instance?api-version=2019-03-11\n" +
    'else\n' +
    '\tcurl --version > /dev/null\n' +
    '\tif [ $? -eq 0 ]\n' +
    '\tthen\n' +
    "\t\tcurl --connect-timeout 7 -s --header='Metadata:true' http://169.254.169.254/metadata/instance?api-version=2019-03-11\n" +
    '\tfi\n' +
    'fi\n' +
    'exit 0'
]
[IPC Library: Pty Host]  WARN Shell integration cannot be enabled for executable "/bin/sh" and args [
  '-c',
  'wget --version > /dev/null\n' +
    'if [ $? -eq 0 ]\n' +
    'then\n' +
    '\twget --connect-timeout=7 --tries=1 --dns-timeout=7 -q  -O - http://169.254.169.254/latest/meta-data/instance-id\n' +
    'else\n' +
    '\tcurl --version > /dev/null\n' +
    '\tif [ $? -eq 0 ]\n' +
    '\tthen\n' +
    '\t\tcurl --connect-timeout 7 -s  http://169.254.169.254/latest/meta-data/instance-id\n' +
    '\tfi\n' +
    'fi\n' +
    'exit 0'
]
[IPC Library: Pty Host]  WARN Shell integration cannot be enabled for executable "/bin/sh" and args [
  '-c',
  'wget --version > /dev/null\n' +
    'if [ $? -eq 0 ]\n' +
    'then\n' +
    '\twget --connect-timeout=7 --tries=1 --dns-timeout=7 -q  -O - http://169.254.169.254/metadata/v1/id\n' +
    'else\n' +
    '\tcurl --version > /dev/null\n' +
    '\tif [ $? -eq 0 ]\n' +
    '\tthen\n' +
    '\t\tcurl --connect-timeout 7 -s  http://169.254.169.254/metadata/v1/id\n' +
    '\tfi\n' +
    'fi\n' +
    'exit 0'
]
[IPC Library: Pty Host]  WARN Shell integration cannot be enabled for executable "/bin/sh" and args [
  '-c',
  'wget --version > /dev/null\n' +
    'if [ $? -eq 0 ]\n' +
    'then\n' +
    "\twget --connect-timeout=7 --tries=1 --dns-timeout=7 -q --header='Metadata-Flavor:Google' -O - http://metadata.google.internal/computeMetadata/v1/instance/id\n" +
    'else\n' +
    '\tcurl --version > /dev/null\n' +
    '\tif [ $? -eq 0 ]\n' +
    '\tthen\n' +
    "\t\tcurl --connect-timeout 7 -s --header='Metadata-Flavor:Google' http://metadata.google.internal/computeMetadata/v1/instance/id\n" +
    '\tfi\n' +
    'fi\n' +
    'exit 0'
]
[12:58:29] [127.0.0.1][a1083b9a][ManagementConnection] The client has disconnected gracefully, so the connection will be disposed.
[12:58:29] [127.0.0.1][4b655e1b][ExtensionHostConnection] <1496> Extension Host Process exited with code: 0, signal: null.
Last EH closed, waiting before shutting down
[12:58:29] Last EH closed, waiting before shutting down
Got delay-shutdown request while in shutdown timeout, delaying
[12:58:35] Got delay-shutdown request while in shutdown timeout, delaying
Cancelling previous shutdown timeout
[12:58:35] Cancelling previous shutdown timeout
[12:58:35] [127.0.0.1][ced477b2][ManagementConnection] New connection established.
[12:58:35] [127.0.0.1][3b2f0e80][ExtensionHostConnection] New connection established.
[12:58:35] [127.0.0.1][3b2f0e80][ExtensionHostConnection] <1652> Launched Extension Host Process.
[IPC Library: Pty Host]  WARN Shell integration cannot be enabled for executable "/bin/sh" and args [
  '-c',
  'wget --version > /dev/null\n' +
    'if [ $? -eq 0 ]\n' +
    'then\n' +
    "\twget --connect-timeout=7 --tries=1 --dns-timeout=7 -q --header='Metadata:true' -O - http://169.254.169.254/metadata/instance?api-version=2019-03-11\n" +
    'else\n' +
    '\tcurl --version > /dev/null\n' +
    '\tif [ $? -eq 0 ]\n' +
    '\tthen\n' +
    "\t\tcurl --connect-timeout 7 -s --header='Metadata:true' http://169.254.169.254/metadata/instance?api-version=2019-03-11\n" +
    '\tfi\n' +
    'fi\n' +
    'exit 0'
]
[IPC Library: Pty Host]  WARN Shell integration cannot be enabled for executable "/bin/sh" and args [
  '-c',
  'wget --version > /dev/null\n' +
    'if [ $? -eq 0 ]\n' +
    'then\n' +
    '\twget --connect-timeout=7 --tries=1 --dns-timeout=7 -q  -O - http://169.254.169.254/latest/meta-data/instance-id\n' +
    'else\n' +
    '\tcurl --version > /dev/null\n' +
    '\tif [ $? -eq 0 ]\n' +
    '\tthen\n' +
    '\t\tcurl --connect-timeout 7 -s  http://169.254.169.254/latest/meta-data/instance-id\n' +
    '\tfi\n' +
    'fi\n' +
    'exit 0'
]
[IPC Library: Pty Host]  WARN Shell integration cannot be enabled for executable "/bin/sh" and args [
  '-c',
  'wget --version > /dev/null\n' +
    'if [ $? -eq 0 ]\n' +
    'then\n' +
    '\twget --connect-timeout=7 --tries=1 --dns-timeout=7 -q  -O - http://169.254.169.254/metadata/v1/id\n' +
    'else\n' +
    '\tcurl --version > /dev/null\n' +
    '\tif [ $? -eq 0 ]\n' +
    '\tthen\n' +
    '\t\tcurl --connect-timeout 7 -s  http://169.254.169.254/metadata/v1/id\n' +
    '\tfi\n' +
    'fi\n' +
    'exit 0'
]
[IPC Library: Pty Host]  WARN Shell integration cannot be enabled for executable "/bin/sh" and args [
  '-c',
  'wget --version > /dev/null\n' +
    'if [ $? -eq 0 ]\n' +
    'then\n' +
    "\twget --connect-timeout=7 --tries=1 --dns-timeout=7 -q --header='Metadata-Flavor:Google' -O - http://metadata.google.internal/computeMetadata/v1/instance/id\n" +
    'else\n' +
    '\tcurl --version > /dev/null\n' +
    '\tif [ $? -eq 0 ]\n' +
    '\tthen\n' +
    "\t\tcurl --connect-timeout 7 -s --header='Metadata-Flavor:Google' http://metadata.google.internal/computeMetadata/v1/instance/id\n" +
    '\tfi\n' +
    'fi\n' +
    'exit 0'
]
rejected promise not handled within 1 second: CodeExpectedError: Could not find pty on pty host
stack trace: CodeExpectedError: Could not find pty on pty host
    at d._throwIfNoPty (/home/zudarr/.vscode-server/bin/6261075646f055b99068d3688932416f2346dd3b/out/vs/platform/terminal/node/ptyHostMain.js:27:7199)
    at d.updateTitle (/home/zudarr/.vscode-server/bin/6261075646f055b99068d3688932416f2346dd3b/out/vs/platform/terminal/node/ptyHostMain.js:27:2931)
    at Object.call (/home/zudarr/.vscode-server/bin/6261075646f055b99068d3688932416f2346dd3b/out/vs/platform/terminal/node/ptyHostMain.js:17:5858)
    at s.onPromise (/home/zudarr/.vscode-server/bin/6261075646f055b99068d3688932416f2346dd3b/out/vs/platform/terminal/node/ptyHostMain.js:15:5833)
    at s.onRawMessage (/home/zudarr/.vscode-server/bin/6261075646f055b99068d3688932416f2346dd3b/out/vs/platform/terminal/node/ptyHostMain.js:15:5216)
    at /home/zudarr/.vscode-server/bin/6261075646f055b99068d3688932416f2346dd3b/out/vs/platform/terminal/node/ptyHostMain.js:15:4502
    at r.invoke (/home/zudarr/.vscode-server/bin/6261075646f055b99068d3688932416f2346dd3b/out/vs/platform/terminal/node/ptyHostMain.js:11:145)
    at P.deliver (/home/zudarr/.vscode-server/bin/6261075646f055b99068d3688932416f2346dd3b/out/vs/platform/terminal/node/ptyHostMain.js:11:2275)
    at w.fire (/home/zudarr/.vscode-server/bin/6261075646f055b99068d3688932416f2346dd3b/out/vs/platform/terminal/node/ptyHostMain.js:11:1853)
    at process.M (/home/zudarr/.vscode-server/bin/6261075646f055b99068d3688932416f2346dd3b/out/vs/platform/terminal/node/ptyHostMain.js:9:21066)
    at process.emit (node:events:526:28)
    at emit (node:internal/child_process:938:14)
    at processTicksAndRejections (node:internal/process/task_queues:84:21)
[12:58:38] Error [CodeExpectedError]: Could not find pty on pty host
    at d._throwIfNoPty (/home/zudarr/.vscode-server/bin/6261075646f055b99068d3688932416f2346dd3b/out/vs/platform/terminal/node/ptyHostMain.js:27:7199)
    at d.updateTitle (/home/zudarr/.vscode-server/bin/6261075646f055b99068d3688932416f2346dd3b/out/vs/platform/terminal/node/ptyHostMain.js:27:2931)
    at Object.call (/home/zudarr/.vscode-server/bin/6261075646f055b99068d3688932416f2346dd3b/out/vs/platform/terminal/node/ptyHostMain.js:17:5858)
    at s.onPromise (/home/zudarr/.vscode-server/bin/6261075646f055b99068d3688932416f2346dd3b/out/vs/platform/terminal/node/ptyHostMain.js:15:5833)
    at s.onRawMessage (/home/zudarr/.vscode-server/bin/6261075646f055b99068d3688932416f2346dd3b/out/vs/platform/terminal/node/ptyHostMain.js:15:5216)
    at /home/zudarr/.vscode-server/bin/6261075646f055b99068d3688932416f2346dd3b/out/vs/platform/terminal/node/ptyHostMain.js:15:4502
    at r.invoke (/home/zudarr/.vscode-server/bin/6261075646f055b99068d3688932416f2346dd3b/out/vs/platform/terminal/node/ptyHostMain.js:11:145)
    at P.deliver (/home/zudarr/.vscode-server/bin/6261075646f055b99068d3688932416f2346dd3b/out/vs/platform/terminal/node/ptyHostMain.js:11:2275)
    at w.fire (/home/zudarr/.vscode-server/bin/6261075646f055b99068d3688932416f2346dd3b/out/vs/platform/terminal/node/ptyHostMain.js:11:1853)
    at process.M (/home/zudarr/.vscode-server/bin/6261075646f055b99068d3688932416f2346dd3b/out/vs/platform/terminal/node/ptyHostMain.js:9:21066)
    at process.emit (node:events:526:28)
    at emit (node:internal/child_process:938:14)
    at processTicksAndRejections (node:internal/process/task_queues:84:21)
New EH opened, aborting shutdown
[13:03:35] New EH opened, aborting shutdown
[16:13:59] [127.0.0.1][ced477b2][ManagementConnection] The client has disconnected gracefully, so the connection will be disposed.
[16:13:59] [127.0.0.1][3b2f0e80][ExtensionHostConnection] <1652> Extension Host Process exited with code: 0, signal: null.
Last EH closed, waiting before shutting down
[16:13:59] Last EH closed, waiting before shutting down
Got delay-shutdown request while in shutdown timeout, delaying
[16:15:38] Got delay-shutdown request while in shutdown timeout, delaying
Cancelling previous shutdown timeout
[16:15:38] Cancelling previous shutdown timeout
[16:15:38] [127.0.0.1][dcdf4d53][ManagementConnection] New connection established.
[16:15:38] [127.0.0.1][2fe13f11][ExtensionHostConnection] New connection established.
[16:15:38] [127.0.0.1][2fe13f11][ExtensionHostConnection] <26082> Launched Extension Host Process.
[IPC Library: Pty Host]  WARN Shell integration cannot be enabled for executable "/bin/sh" and args [
  '-c',
  'wget --version > /dev/null\n' +
    'if [ $? -eq 0 ]\n' +
    'then\n' +
    "\twget --connect-timeout=7 --tries=1 --dns-timeout=7 -q --header='Metadata:true' -O - http://169.254.169.254/metadata/instance?api-version=2019-03-11\n" +
    'else\n' +
    '\tcurl --version > /dev/null\n' +
    '\tif [ $? -eq 0 ]\n' +
    '\tthen\n' +
    "\t\tcurl --connect-timeout 7 -s --header='Metadata:true' http://169.254.169.254/metadata/instance?api-version=2019-03-11\n" +
    '\tfi\n' +
    'fi\n' +
    'exit 0'
]
[IPC Library: Pty Host]  WARN Shell integration cannot be enabled for executable "/bin/sh" and args [
  '-c',
  'wget --version > /dev/null\n' +
    'if [ $? -eq 0 ]\n' +
    'then\n' +
    '\twget --connect-timeout=7 --tries=1 --dns-timeout=7 -q  -O - http://169.254.169.254/latest/meta-data/instance-id\n' +
    'else\n' +
    '\tcurl --version > /dev/null\n' +
    '\tif [ $? -eq 0 ]\n' +
    '\tthen\n' +
    '\t\tcurl --connect-timeout 7 -s  http://169.254.169.254/latest/meta-data/instance-id\n' +
    '\tfi\n' +
    'fi\n' +
    'exit 0'
]
[IPC Library: Pty Host]  WARN Shell integration cannot be enabled for executable "/bin/sh" and args [
  '-c',
  'wget --version > /dev/null\n' +
    'if [ $? -eq 0 ]\n' +
    'then\n' +
    '\twget --connect-timeout=7 --tries=1 --dns-timeout=7 -q  -O - http://169.254.169.254/metadata/v1/id\n' +
    'else\n' +
    '\tcurl --version > /dev/null\n' +
    '\tif [ $? -eq 0 ]\n' +
    '\tthen\n' +
    '\t\tcurl --connect-timeout 7 -s  http://169.254.169.254/metadata/v1/id\n' +
    '\tfi\n' +
    'fi\n' +
    'exit 0'
]
[IPC Library: Pty Host]  WARN Shell integration cannot be enabled for executable "/bin/sh" and args [
  '-c',
  'wget --version > /dev/null\n' +
    'if [ $? -eq 0 ]\n' +
    'then\n' +
    "\twget --connect-timeout=7 --tries=1 --dns-timeout=7 -q --header='Metadata-Flavor:Google' -O - http://metadata.google.internal/computeMetadata/v1/instance/id\n" +
    'else\n' +
    '\tcurl --version > /dev/null\n' +
    '\tif [ $? -eq 0 ]\n' +
    '\tthen\n' +
    "\t\tcurl --connect-timeout 7 -s --header='Metadata-Flavor:Google' http://metadata.google.internal/computeMetadata/v1/instance/id\n" +
    '\tfi\n' +
    'fi\n' +
    'exit 0'
]
[IPC Library: Pty Host]  WARN Persistent process "10": Process had no disconnect runners but was an orphan
[IPC Library: Pty Host]  INFO Persistent process reconnection "10"
[IPC Library: Pty Host]  INFO Persistent process "10": Replaying 5372 chars and 1 size events
[16:18:52] [127.0.0.1][dcdf4d53][ManagementConnection] The client has disconnected gracefully, so the connection will be disposed.
[16:18:52] [127.0.0.1][2fe13f11][ExtensionHostConnection] <26082> Extension Host Process exited with code: 0, signal: null.
Cancelling previous shutdown timeout
[16:18:52] Cancelling previous shutdown timeout
Last EH closed, waiting before shutting down
[16:18:52] Last EH closed, waiting before shutting down
Got delay-shutdown request while in shutdown timeout, delaying
[16:19:01] Got delay-shutdown request while in shutdown timeout, delaying
Cancelling previous shutdown timeout
[16:19:01] Cancelling previous shutdown timeout
[16:19:01] [127.0.0.1][debd844f][ManagementConnection] New connection established.
[16:19:01] [127.0.0.1][83e4bc37][ExtensionHostConnection] New connection established.
[16:19:01] [127.0.0.1][83e4bc37][ExtensionHostConnection] <27339> Launched Extension Host Process.
[IPC Library: Pty Host]  WARN Shell integration cannot be enabled for executable "/bin/sh" and args [
  '-c',
  'wget --version > /dev/null\n' +
    'if [ $? -eq 0 ]\n' +
    'then\n' +
    "\twget --connect-timeout=7 --tries=1 --dns-timeout=7 -q --header='Metadata:true' -O - http://169.254.169.254/metadata/instance?api-version=2019-03-11\n" +
    'else\n' +
    '\tcurl --version > /dev/null\n' +
    '\tif [ $? -eq 0 ]\n' +
    '\tthen\n' +
    "\t\tcurl --connect-timeout 7 -s --header='Metadata:true' http://169.254.169.254/metadata/instance?api-version=2019-03-11\n" +
    '\tfi\n' +
    'fi\n' +
    'exit 0'
]
[IPC Library: Pty Host]  WARN Shell integration cannot be enabled for executable "/bin/sh" and args [
  '-c',
  'wget --version > /dev/null\n' +
    'if [ $? -eq 0 ]\n' +
    'then\n' +
    '\twget --connect-timeout=7 --tries=1 --dns-timeout=7 -q  -O - http://169.254.169.254/latest/meta-data/instance-id\n' +
    'else\n' +
    '\tcurl --version > /dev/null\n' +
    '\tif [ $? -eq 0 ]\n' +
    '\tthen\n' +
    '\t\tcurl --connect-timeout 7 -s  http://169.254.169.254/latest/meta-data/instance-id\n' +
    '\tfi\n' +
    'fi\n' +
    'exit 0'
]
[IPC Library: Pty Host]  WARN Shell integration cannot be enabled for executable "/bin/sh" and args [
  '-c',
  'wget --version > /dev/null\n' +
    'if [ $? -eq 0 ]\n' +
    'then\n' +
    '\twget --connect-timeout=7 --tries=1 --dns-timeout=7 -q  -O - http://169.254.169.254/metadata/v1/id\n' +
    'else\n' +
    '\tcurl --version > /dev/null\n' +
    '\tif [ $? -eq 0 ]\n' +
    '\tthen\n' +
    '\t\tcurl --connect-timeout 7 -s  http://169.254.169.254/metadata/v1/id\n' +
    '\tfi\n' +
    'fi\n' +
    'exit 0'
]
[IPC Library: Pty Host]  WARN Shell integration cannot be enabled for executable "/bin/sh" and args [
  '-c',
  'wget --version > /dev/null\n' +
    'if [ $? -eq 0 ]\n' +
    'then\n' +
    "\twget --connect-timeout=7 --tries=1 --dns-timeout=7 -q --header='Metadata-Flavor:Google' -O - http://metadata.google.internal/computeMetadata/v1/instance/id\n" +
    'else\n' +
    '\tcurl --version > /dev/null\n' +
    '\tif [ $? -eq 0 ]\n' +
    '\tthen\n' +
    "\t\tcurl --connect-timeout 7 -s --header='Metadata-Flavor:Google' http://metadata.google.internal/computeMetadata/v1/instance/id\n" +
    '\tfi\n' +
    'fi\n' +
    'exit 0'
]
[IPC Library: Pty Host]  WARN Persistent process "16": Process had no disconnect runners but was an orphan
[IPC Library: Pty Host]  INFO Persistent process reconnection "16"
[IPC Library: Pty Host]  WARN Persistent process "17": Process had no disconnect runners but was an orphan
[IPC Library: Pty Host]  INFO Persistent process reconnection "17"
[IPC Library: Pty Host]  INFO Persistent process "16": Replaying 5568 chars and 1 size events
[IPC Library: Pty Host]  INFO Persistent process "17": Replaying 1023 chars and 1 size events
New EH opened, aborting shutdown
[16:24:01] New EH opened, aborting shutdown
