2022-11-10 16:15:43.353 [info] Validating found git in: git
2022-11-10 16:15:43.353 [info] Using git 2.17.1 from git
2022-11-10 16:15:43.353 [info] > git rev-parse --show-toplevel [11ms]
2022-11-10 16:15:43.353 [info] > git rev-parse --git-dir --git-common-dir [45ms]
2022-11-10 16:15:43.353 [info] Log level: Info
2022-11-10 16:15:43.353 [info] Open repository: /home/zudarr
2022-11-10 16:15:43.358 [info] > git remote --verbose [464ms]
2022-11-10 16:15:43.358 [info] > git for-each-ref --sort -committerdate --format %(refname) %(objectname) %(*objectname) [479ms]
2022-11-10 16:15:43.358 [info] > git config --get commit.template [71ms]
2022-11-10 16:15:43.358 [info] > git rev-parse --show-toplevel [469ms]
2022-11-10 16:15:43.358 [info] > git rev-parse --show-toplevel [278ms]
2022-11-10 16:15:43.358 [info] > git for-each-ref --format=%(refname)%00%(upstream:short)%00%(objectname)%00%(upstream:track)%00%(upstream:remotename)%00%(upstream:remoteref) refs/heads/main refs/remotes/main [281ms]
2022-11-10 16:15:43.358 [info] > git rev-parse --show-toplevel [20ms]
2022-11-10 16:15:43.358 [info] > git rev-parse --show-toplevel [17ms]
2022-11-10 16:15:43.358 [info] > git rev-parse --show-toplevel [179ms]
2022-11-10 16:15:43.358 [info] > git rev-parse --show-toplevel [41ms]
2022-11-10 16:15:43.358 [info] > git rev-parse --show-toplevel [23ms]
2022-11-10 16:15:43.358 [info] > git rev-parse --show-toplevel [43ms]
2022-11-10 16:15:43.358 [info] > git rev-parse --show-toplevel [3ms]
2022-11-10 16:15:43.358 [info] > git fetch [1496ms]
2022-11-10 16:15:43.358 [info] Missing or invalid credentials.
Skip silent fetch commands
Missing or invalid credentials.
Skip silent fetch commands
remote: Repository not found.
fatal: Authentication failed for 'https://github.com/Zudarr/HDH_Project1.git/'
2022-11-10 16:15:43.358 [info] > git rev-parse --show-toplevel [207ms]
2022-11-10 16:15:43.358 [info] > git rev-parse --show-toplevel [14ms]
2022-11-10 16:15:43.358 [info] > git rev-parse --show-toplevel [7ms]
2022-11-10 16:15:43.416 [info] > git ls-files --stage -- /home/zudarr/nachos/NachOS-4.0/code/userprog/exception.cc [15ms]
2022-11-10 16:15:43.447 [info] > git show --textconv :nachos/NachOS-4.0/code/userprog/exception.cc [56ms]
2022-11-10 16:15:43.459 [info] > git cat-file -s 10c45e02b199648f59ed108a0e42b5bdc8037eeb [28ms]
2022-11-10 16:15:43.805 [info] > git check-ignore -v -z --stdin [271ms]
2022-11-10 16:15:44.620 [info] > git status -z -uall [3490ms]
2022-11-10 16:15:44.770 [info] > git remote --verbose [12ms]
2022-11-10 16:15:44.774 [info] > git for-each-ref --sort -committerdate --format %(refname) %(objectname) %(*objectname) [20ms]
2022-11-10 16:15:46.779 [info] > git config --get commit.template [86ms]
2022-11-10 16:15:46.825 [info] > git for-each-ref --format=%(refname)%00%(upstream:short)%00%(objectname)%00%(upstream:track)%00%(upstream:remotename)%00%(upstream:remoteref) refs/heads/main refs/remotes/main [16ms]
2022-11-10 16:15:48.119 [info] > git check-ignore -v -z --stdin [27ms]
2022-11-10 16:15:48.502 [info] > git status -z -uall [3740ms]
2022-11-10 16:15:51.430 [info] > git check-ignore -v -z --stdin [6ms]
2022-11-10 16:15:52.568 [info] > git remote --verbose [8ms]
2022-11-10 16:15:52.569 [info] > git for-each-ref --sort -committerdate --format %(refname) %(objectname) %(*objectname) [18ms]
2022-11-10 16:15:52.613 [info] > git config --get commit.template [16ms]
2022-11-10 16:15:52.619 [info] > git for-each-ref --format=%(refname)%00%(upstream:short)%00%(objectname)%00%(upstream:track)%00%(upstream:remotename)%00%(upstream:remoteref) refs/heads/main refs/remotes/main [7ms]
2022-11-10 16:15:53.682 [info] > git status -z -uall [1116ms]
2022-11-10 16:15:58.784 [info] > git remote --verbose [6ms]
2022-11-10 16:15:58.785 [info] > git for-each-ref --sort -committerdate --format %(refname) %(objectname) %(*objectname) [13ms]
2022-11-10 16:15:58.827 [info] > git for-each-ref --format=%(refname)%00%(upstream:short)%00%(objectname)%00%(upstream:track)%00%(upstream:remotename)%00%(upstream:remoteref) refs/heads/main refs/remotes/main [1ms]
2022-11-10 16:15:58.831 [info] > git config --get commit.template [36ms]
2022-11-10 16:15:59.902 [info] > git status -z -uall [1120ms]
2022-11-10 16:16:04.980 [info] > git remote --verbose [8ms]
2022-11-10 16:16:04.981 [info] > git for-each-ref --sort -committerdate --format %(refname) %(objectname) %(*objectname) [16ms]
2022-11-10 16:16:05.027 [info] > git config --get commit.template [15ms]
2022-11-10 16:16:05.034 [info] > git for-each-ref --format=%(refname)%00%(upstream:short)%00%(objectname)%00%(upstream:track)%00%(upstream:remotename)%00%(upstream:remoteref) refs/heads/main refs/remotes/main [8ms]
2022-11-10 16:16:06.076 [info] > git status -z -uall [1098ms]
2022-11-10 16:16:12.883 [info] > git remote --verbose [11ms]
2022-11-10 16:16:12.884 [info] > git for-each-ref --sort -committerdate --format %(refname) %(objectname) %(*objectname) [29ms]
2022-11-10 16:16:12.934 [info] > git config --get commit.template [17ms]
2022-11-10 16:16:12.937 [info] > git for-each-ref --format=%(refname)%00%(upstream:short)%00%(objectname)%00%(upstream:track)%00%(upstream:remotename)%00%(upstream:remoteref) refs/heads/main refs/remotes/main [4ms]
2022-11-10 16:16:14.007 [info] > git status -z -uall [1126ms]
2022-11-10 16:16:14.676 [info] > git ls-files --stage -- /home/zudarr/nachos/NachOS-4.0/code/userprog/exception.cc [13ms]
2022-11-10 16:16:14.694 [info] > git cat-file -s 10c45e02b199648f59ed108a0e42b5bdc8037eeb [10ms]
2022-11-10 16:16:14.839 [info] > git show --textconv :nachos/NachOS-4.0/code/userprog/exception.cc [8ms]
2022-11-10 16:16:19.096 [info] > git remote --verbose [9ms]
2022-11-10 16:16:19.096 [info] > git for-each-ref --sort -committerdate --format %(refname) %(objectname) %(*objectname) [18ms]
2022-11-10 16:16:19.141 [info] > git config --get commit.template [13ms]
2022-11-10 16:16:19.146 [info] > git for-each-ref --format=%(refname)%00%(upstream:short)%00%(objectname)%00%(upstream:track)%00%(upstream:remotename)%00%(upstream:remoteref) refs/heads/main refs/remotes/main [6ms]
2022-11-10 16:16:20.158 [info] > git status -z -uall [1064ms]
2022-11-10 16:16:25.240 [info] > git remote --verbose [8ms]
2022-11-10 16:16:25.241 [info] > git for-each-ref --sort -committerdate --format %(refname) %(objectname) %(*objectname) [17ms]
2022-11-10 16:16:25.287 [info] > git for-each-ref --format=%(refname)%00%(upstream:short)%00%(objectname)%00%(upstream:track)%00%(upstream:remotename)%00%(upstream:remoteref) refs/heads/main refs/remotes/main [0ms]
2022-11-10 16:16:25.291 [info] > git config --get commit.template [17ms]
2022-11-10 16:16:26.308 [info] > git status -z -uall [1070ms]
2022-11-10 16:16:30.342 [info] > git check-ignore -v -z --stdin [6ms]
2022-11-10 16:16:31.504 [info] > git remote --verbose [36ms]
2022-11-10 16:16:31.505 [info] > git for-each-ref --sort -committerdate --format %(refname) %(objectname) %(*objectname) [47ms]
2022-11-10 16:16:31.526 [info] > git config --get commit.template [22ms]
2022-11-10 16:16:31.755 [info] > git for-each-ref --format=%(refname)%00%(upstream:short)%00%(objectname)%00%(upstream:track)%00%(upstream:remotename)%00%(upstream:remoteref) refs/heads/main refs/remotes/main [231ms]
2022-11-10 16:16:31.920 [info] > git show --textconv :nachos/NachOS-4.0/code/.vscode/settings.json [20ms]
2022-11-10 16:16:31.943 [info] > git ls-files --stage -- /home/zudarr/nachos/NachOS-4.0/code/.vscode/settings.json [24ms]
2022-11-10 16:16:31.958 [info] > git cat-file -s 04aa736e98991b520d62fd934d69885c9d49ebce [1ms]
2022-11-10 16:16:33.626 [info] > git show --textconv :nachos/NachOS-4.0/code/userprog/exception.cc [25ms]
2022-11-10 16:16:33.634 [info] > git ls-files --stage -- /home/zudarr/nachos/NachOS-4.0/code/userprog/exception.cc [15ms]
2022-11-10 16:16:33.646 [info] > git cat-file -s 10c45e02b199648f59ed108a0e42b5bdc8037eeb [2ms]
2022-11-10 16:16:34.063 [info] > git status -z -uall [2582ms]
2022-11-10 16:16:39.192 [info] > git remote --verbose [9ms]
2022-11-10 16:16:39.192 [info] > git for-each-ref --sort -committerdate --format %(refname) %(objectname) %(*objectname) [16ms]
2022-11-10 16:16:39.239 [info] > git for-each-ref --format=%(refname)%00%(upstream:short)%00%(objectname)%00%(upstream:track)%00%(upstream:remotename)%00%(upstream:remoteref) refs/heads/main refs/remotes/main [1ms]
2022-11-10 16:16:39.239 [info] > git config --get commit.template [16ms]
2022-11-10 16:16:40.256 [info] > git status -z -uall [1067ms]
2022-11-10 16:16:45.331 [info] > git remote --verbose [7ms]
2022-11-10 16:16:45.331 [info] > git for-each-ref --sort -committerdate --format %(refname) %(objectname) %(*objectname) [14ms]
2022-11-10 16:16:45.375 [info] > git config --get commit.template [14ms]
2022-11-10 16:16:45.376 [info] > git for-each-ref --format=%(refname)%00%(upstream:short)%00%(objectname)%00%(upstream:track)%00%(upstream:remotename)%00%(upstream:remoteref) refs/heads/main refs/remotes/main [8ms]
2022-11-10 16:16:46.417 [info] > git status -z -uall [1088ms]
2022-11-10 16:17:16.796 [info] > git remote --verbose [7ms]
2022-11-10 16:17:16.797 [info] > git for-each-ref --sort -committerdate --format %(refname) %(objectname) %(*objectname) [15ms]
2022-11-10 16:17:16.841 [info] > git config --get commit.template [14ms]
2022-11-10 16:17:16.846 [info] > git for-each-ref --format=%(refname)%00%(upstream:short)%00%(objectname)%00%(upstream:track)%00%(upstream:remotename)%00%(upstream:remoteref) refs/heads/main refs/remotes/main [6ms]
2022-11-10 16:17:17.962 [info] > git status -z -uall [1168ms]
2022-11-10 16:17:23.061 [info] > git remote --verbose [8ms]
2022-11-10 16:17:23.061 [info] > git for-each-ref --sort -committerdate --format %(refname) %(objectname) %(*objectname) [15ms]
2022-11-10 16:17:23.114 [info] > git config --get commit.template [39ms]
2022-11-10 16:17:23.115 [info] > git for-each-ref --format=%(refname)%00%(upstream:short)%00%(objectname)%00%(upstream:track)%00%(upstream:remotename)%00%(upstream:remoteref) refs/heads/main refs/remotes/main [3ms]
2022-11-10 16:17:24.351 [info] > git status -z -uall [1292ms]
2022-11-10 16:17:29.445 [info] > git remote --verbose [10ms]
2022-11-10 16:17:29.446 [info] > git for-each-ref --sort -committerdate --format %(refname) %(objectname) %(*objectname) [19ms]
2022-11-10 16:17:29.491 [info] > git for-each-ref --format=%(refname)%00%(upstream:short)%00%(objectname)%00%(upstream:track)%00%(upstream:remotename)%00%(upstream:remoteref) refs/heads/main refs/remotes/main [1ms]
2022-11-10 16:17:29.495 [info] > git config --get commit.template [22ms]
2022-11-10 16:17:30.568 [info] > git status -z -uall [1125ms]
2022-11-10 16:17:40.421 [info] > git remote --verbose [18ms]
2022-11-10 16:17:40.422 [info] > git for-each-ref --sort -committerdate --format %(refname) %(objectname) %(*objectname) [27ms]
2022-11-10 16:17:40.457 [info] > git for-each-ref --format=%(refname)%00%(upstream:short)%00%(objectname)%00%(upstream:track)%00%(upstream:remotename)%00%(upstream:remoteref) refs/heads/main refs/remotes/main [1ms]
2022-11-10 16:17:40.458 [info] > git config --get commit.template [39ms]
2022-11-10 16:17:41.513 [info] > git status -z -uall [1104ms]
2022-11-10 16:17:43.352 [info] > git ls-files --stage -- /home/zudarr/nachos/NachOS-4.0/code/userprog/exception.cc [8ms]
2022-11-10 16:17:43.366 [info] > git cat-file -s 10c45e02b199648f59ed108a0e42b5bdc8037eeb [2ms]
2022-11-10 16:17:43.389 [info] > git show --textconv :nachos/NachOS-4.0/code/userprog/exception.cc [5ms]
2022-11-10 16:17:46.600 [info] > git remote --verbose [8ms]
2022-11-10 16:17:46.601 [info] > git for-each-ref --sort -committerdate --format %(refname) %(objectname) %(*objectname) [14ms]
2022-11-10 16:17:46.649 [info] > git config --get commit.template [15ms]
2022-11-10 16:17:46.654 [info] > git for-each-ref --format=%(refname)%00%(upstream:short)%00%(objectname)%00%(upstream:track)%00%(upstream:remotename)%00%(upstream:remoteref) refs/heads/main refs/remotes/main [5ms]
2022-11-10 16:17:47.668 [info] > git status -z -uall [1069ms]
2022-11-10 16:17:52.738 [info] > git remote --verbose [8ms]
2022-11-10 16:17:52.738 [info] > git for-each-ref --sort -committerdate --format %(refname) %(objectname) %(*objectname) [15ms]
2022-11-10 16:17:52.786 [info] > git config --get commit.template [36ms]
2022-11-10 16:17:52.790 [info] > git for-each-ref --format=%(refname)%00%(upstream:short)%00%(objectname)%00%(upstream:track)%00%(upstream:remotename)%00%(upstream:remoteref) refs/heads/main refs/remotes/main [5ms]
2022-11-10 16:17:53.878 [info] > git status -z -uall [1142ms]
2022-11-10 16:17:59.035 [info] > git remote --verbose [8ms]
2022-11-10 16:17:59.035 [info] > git for-each-ref --sort -committerdate --format %(refname) %(objectname) %(*objectname) [14ms]
2022-11-10 16:17:59.081 [info] > git config --get commit.template [13ms]
2022-11-10 16:17:59.087 [info] > git for-each-ref --format=%(refname)%00%(upstream:short)%00%(objectname)%00%(upstream:track)%00%(upstream:remotename)%00%(upstream:remoteref) refs/heads/main refs/remotes/main [7ms]
2022-11-10 16:18:00.130 [info] > git status -z -uall [1097ms]
2022-11-10 16:18:04.343 [info] > git ls-files --stage -- /home/zudarr/nachos/NachOS-4.0/code/userprog/exception.cc [6ms]
2022-11-10 16:18:04.352 [info] > git cat-file -s 10c45e02b199648f59ed108a0e42b5bdc8037eeb [1ms]
2022-11-10 16:18:04.372 [info] > git show --textconv :nachos/NachOS-4.0/code/userprog/exception.cc [6ms]
2022-11-10 16:18:05.204 [info] > git remote --verbose [7ms]
2022-11-10 16:18:05.204 [info] > git for-each-ref --sort -committerdate --format %(refname) %(objectname) %(*objectname) [14ms]
2022-11-10 16:18:05.251 [info] > git config --get commit.template [18ms]
2022-11-10 16:18:05.253 [info] > git for-each-ref --format=%(refname)%00%(upstream:short)%00%(objectname)%00%(upstream:track)%00%(upstream:remotename)%00%(upstream:remoteref) refs/heads/main refs/remotes/main [7ms]
2022-11-10 16:18:06.294 [info] > git status -z -uall [1091ms]
2022-11-10 16:18:11.377 [info] > git remote --verbose [24ms]
2022-11-10 16:18:11.398 [info] > git for-each-ref --sort -committerdate --format %(refname) %(objectname) %(*objectname) [31ms]
2022-11-10 16:18:11.400 [info] > git config --get commit.template [24ms]
2022-11-10 16:18:11.423 [info] > git for-each-ref --format=%(refname)%00%(upstream:short)%00%(objectname)%00%(upstream:track)%00%(upstream:remotename)%00%(upstream:remoteref) refs/heads/main refs/remotes/main [6ms]
2022-11-10 16:18:12.472 [info] > git status -z -uall [1106ms]
2022-11-10 16:18:20.836 [info] > git remote --verbose [11ms]
2022-11-10 16:18:20.837 [info] > git for-each-ref --sort -committerdate --format %(refname) %(objectname) %(*objectname) [25ms]
2022-11-10 16:18:20.885 [info] > git config --get commit.template [17ms]
2022-11-10 16:18:20.892 [info] > git for-each-ref --format=%(refname)%00%(upstream:short)%00%(objectname)%00%(upstream:track)%00%(upstream:remotename)%00%(upstream:remoteref) refs/heads/main refs/remotes/main [7ms]
2022-11-10 16:18:21.958 [info] > git status -z -uall [1124ms]
2022-11-10 16:18:23.718 [info] > git ls-files --stage -- /home/zudarr/nachos/NachOS-4.0/code/userprog/exception.cc [8ms]
2022-11-10 16:18:23.727 [info] > git cat-file -s 10c45e02b199648f59ed108a0e42b5bdc8037eeb [1ms]
2022-11-10 16:18:23.752 [info] > git show --textconv :nachos/NachOS-4.0/code/userprog/exception.cc [5ms]
2022-11-10 16:18:27.019 [info] > git remote --verbose [7ms]
2022-11-10 16:18:27.019 [info] > git for-each-ref --sort -committerdate --format %(refname) %(objectname) %(*objectname) [14ms]
2022-11-10 16:18:27.063 [info] > git config --get commit.template [13ms]
2022-11-10 16:18:27.069 [info] > git for-each-ref --format=%(refname)%00%(upstream:short)%00%(objectname)%00%(upstream:track)%00%(upstream:remotename)%00%(upstream:remoteref) refs/heads/main refs/remotes/main [8ms]
2022-11-10 16:18:28.151 [info] > git status -z -uall [1134ms]
2022-11-10 16:18:33.309 [info] > git remote --verbose [8ms]
2022-11-10 16:18:33.310 [info] > git for-each-ref --sort -committerdate --format %(refname) %(objectname) %(*objectname) [13ms]
2022-11-10 16:18:33.353 [info] > git config --get commit.template [34ms]
2022-11-10 16:18:33.355 [info] > git for-each-ref --format=%(refname)%00%(upstream:short)%00%(objectname)%00%(upstream:track)%00%(upstream:remotename)%00%(upstream:remoteref) refs/heads/main refs/remotes/main [3ms]
2022-11-10 16:18:34.387 [info] > git status -z -uall [1079ms]
2022-11-10 16:18:35.582 [info] > git check-ignore -v -z --stdin [26ms]
2022-11-10 16:18:37.317 [info] > git check-ignore -v -z --stdin [13ms]
2022-11-10 16:18:39.473 [info] > git remote --verbose [9ms]
2022-11-10 16:18:39.474 [info] > git for-each-ref --sort -committerdate --format %(refname) %(objectname) %(*objectname) [16ms]
2022-11-10 16:18:39.523 [info] > git config --get commit.template [39ms]
2022-11-10 16:18:39.524 [info] > git for-each-ref --format=%(refname)%00%(upstream:short)%00%(objectname)%00%(upstream:track)%00%(upstream:remotename)%00%(upstream:remoteref) refs/heads/main refs/remotes/main [2ms]
2022-11-10 16:18:40.582 [info] > git status -z -uall [1110ms]
2022-11-10 16:18:45.469 [info] > git check-ignore -v -z --stdin [82ms]
2022-11-10 16:18:45.662 [info] > git remote --verbose [9ms]
2022-11-10 16:18:45.663 [info] > git for-each-ref --sort -committerdate --format %(refname) %(objectname) %(*objectname) [18ms]
2022-11-10 16:18:45.676 [info] > git config --get commit.template [2ms]
2022-11-10 16:18:45.715 [info] > git for-each-ref --format=%(refname)%00%(upstream:short)%00%(objectname)%00%(upstream:track)%00%(upstream:remotename)%00%(upstream:remoteref) refs/heads/main refs/remotes/main [6ms]
2022-11-10 16:18:46.755 [info] > git status -z -uall [1095ms]
2022-11-10 16:18:48.655 [info] > git check-ignore -v -z --stdin [235ms]
2022-11-10 16:18:51.835 [info] > git remote --verbose [12ms]
2022-11-10 16:18:51.836 [info] > git for-each-ref --sort -committerdate --format %(refname) %(objectname) %(*objectname) [18ms]
2022-11-10 16:18:51.885 [info] > git config --get commit.template [12ms]
2022-11-10 16:18:51.891 [info] > git for-each-ref --format=%(refname)%00%(upstream:short)%00%(objectname)%00%(upstream:track)%00%(upstream:remotename)%00%(upstream:remoteref) refs/heads/main refs/remotes/main [7ms]
